#
# A fatal error has been detected by the Java Runtime Environment:
#
#  SIGSEGV (0xb) at pc=0x00007f5899d3c9c4, pid=8493, tid=0x00007f589a48e700
#
# JRE version: OpenJDK Runtime Environment (8.0_172-b11) (build 1.8.0_172-b11)
# Java VM: OpenJDK 64-Bit Server VM (25.172-b11 mixed mode linux-amd64 compressed oops)
# Problematic frame:
# C  [liblwjgl.so+0x2f9c4]
#
# Core dump written. Default location: /home/mark/Documents/Programming/Java/Eclipse/graphics-demos/core or core.8493
#
# If you would like to submit a bug report, please visit:
#   http://bugreport.java.com/bugreport/crash.jsp
# The crash happened outside the Java Virtual Machine in native code.
# See problematic frame for where to report the bug.
#

---------------  T H R E A D  ---------------

Current thread (0x00007f58ec458800):  JavaThread "octree-example" [_thread_in_native, id=8539, stack(0x00007f589a38e000,0x00007f589a48f000)]

siginfo: si_signo: 11 (SIGSEGV), si_code: 1 (SEGV_MAPERR), si_addr: 0x0000000000000000

Registers:
RAX=0x00000000000000a5, RBX=0x00007f58dad34c48, RCX=0x00007f58f2a90a07, RDX=0x00000000000000a5
RSP=0x00007f589a48d800, RBP=0x00007f589a48d858, RSI=0x00007f58f2d5f710, RDI=0x0000000000000000
R8 =0x0000000000000000, R9 =0x0000000000000007, R10=0xfffffffffffff3c9, R11=0x0000000000000000
R12=0x0000000000000000, R13=0x00007f58dad34c48, R14=0x00007f589a48d870, R15=0x00007f58ec458800
RIP=0x00007f5899d3c9c4, EFLAGS=0x0000000000010202, CSGSFS=0x002b000000000033, ERR=0x0000000000000004
  TRAPNO=0x000000000000000e

Top of Stack: (sp=0x00007f589a48d800)
0x00007f589a48d800:   00007f589a48d858 00007f58dd0201a8
0x00007f589a48d810:   00007f58dd01fbe2 00007f589a48d818
0x00007f589a48d820:   00007f58dad34c48 00007f589a48d870
0x00007f589a48d830:   00007f58dad55428 0000000000000000
0x00007f589a48d840:   00007f58dad34c48 0000000000000000
0x00007f589a48d850:   00007f589a48d878 00007f589a48d8b8
0x00007f589a48d860:   00007f58dd00809d 00000007706cd5c8
0x00007f589a48d870:   00007f58dd016a78 00007f589a48d878
0x00007f589a48d880:   00007f58daa51c88 00007f589a48d8d0
0x00007f589a48d890:   00007f58daa5caa0 0000000000000000
0x00007f589a48d8a0:   00007f58daa51cd0 00007f589a48d878
0x00007f589a48d8b0:   00007f589a48d8c8 00007f589a48d918
0x00007f589a48d8c0:   00007f58dd00809d 0000000000200000
0x00007f589a48d8d0:   0000000770690070 00007f589a48d8d8
0x00007f589a48d8e0:   00007f58daa51558 00007f589a48d9c0
0x00007f589a48d8f0:   00007f58daa5caa0 0000000000000000
0x00007f589a48d900:   00007f58daa51700 00007f589a48d8c8
0x00007f589a48d910:   00007f589a48d9c0 00007f589a48da08
0x00007f589a48d920:   00007f58dd0080e2 0000000000000000
0x00007f589a48d930:   000000076f0e24c0 000000076f353e00
0x00007f589a48d940:   0000000000000002 0000000000000001
0x00007f589a48d950:   0000000000000000 000000076ef6d628
0x00007f589a48d960:   0000000000000001 0000000000000001
0x00007f589a48d970:   0000000000200000 000000076ef5cf80
0x00007f589a48d980:   000000076ef5cef8 000000076ef5cec0
0x00007f589a48d990:   000000076ef59ec0 00000006e3881a40
0x00007f589a48d9a0:   00000006df43d5e8 00000006c5aa3c40
0x00007f589a48d9b0:   000000076ef59eb0 0000000770690208
0x00007f589a48d9c0:   0000000770690070 00007f589a48d9c8
0x00007f589a48d9d0:   00007f58da63e1cb 00007f589a48da18
0x00007f589a48d9e0:   00007f58da6c7d20 0000000000000000
0x00007f589a48d9f0:   00007f58da63e1d8 00007f589a48d9c0 

Instructions: (pc=0x00007f5899d3c9c4)
0x00007f5899d3c9a4:   48 8b 05 4d 56 22 00 48 8d 3d a6 fa 00 00 ba a5
0x00007f5899d3c9b4:   00 00 00 be 01 00 00 00 48 8b 08 e8 6c 0a ff ff
0x00007f5899d3c9c4:   8b 04 25 00 00 00 00 0f 0b 0f 1f 00 48 89 d7 e9
0x00007f5899d3c9d4:   38 02 ff ff 0f 1f 84 00 00 00 00 00 48 89 ce 48 

Register to memory mapping:

RAX=0x00000000000000a5 is an unknown value
RBX={method} {0x00007f58dad34c48} 'glLoadIdentity' '()V' in 'org/lwjgl/opengl/GL11'
RCX=0x00007f58f2a90a07: __write+0x47 in /usr/lib/libc.so.6 at 0x00007f58f29a7000
RDX=0x00000000000000a5 is an unknown value
RSP=0x00007f589a48d800 is pointing into the stack for thread: 0x00007f58ec458800
RBP=0x00007f589a48d858 is pointing into the stack for thread: 0x00007f58ec458800
RSI=0x00007f58f2d5f710: <offset 0x3b8710> in /usr/lib/libc.so.6 at 0x00007f58f29a7000
RDI=0x0000000000000000 is an unknown value
R8 =0x0000000000000000 is an unknown value
R9 =0x0000000000000007 is an unknown value
R10=0xfffffffffffff3c9 is an unknown value
R11=0x0000000000000000 is an unknown value
R12=0x0000000000000000 is an unknown value
R13={method} {0x00007f58dad34c48} 'glLoadIdentity' '()V' in 'org/lwjgl/opengl/GL11'
R14=0x00007f589a48d870 is pointing into the stack for thread: 0x00007f58ec458800
R15=0x00007f58ec458800 is a thread


Stack: [0x00007f589a38e000,0x00007f589a48f000],  sp=0x00007f589a48d800,  free space=1022k
Native frames: (J=compiled Java code, j=interpreted, Vv=VM code, C=native code)
C  [liblwjgl.so+0x2f9c4]
j  gui.LWJGLExample.render(I)V+40
j  gui.LWJGLExample.run()V+720
j  java.lang.Thread.run()V+11
v  ~StubRoutines::call_stub
V  [libjvm.so+0x68121b]
V  [libjvm.so+0x67e8db]
V  [libjvm.so+0x67eec7]
V  [libjvm.so+0x6c187b]
V  [libjvm.so+0xa49553]
V  [libjvm.so+0xa498b8]
V  [libjvm.so+0x8e4c12]
C  [libpthread.so.0+0x7075]  start_thread+0xe5

Java frames: (J=compiled Java code, j=interpreted, Vv=VM code)
j  org.lwjgl.opengl.GL11.glLoadIdentity()V+0
j  gui.LWJGLExample.render(I)V+40
j  gui.LWJGLExample.run()V+720
j  java.lang.Thread.run()V+11
v  ~StubRoutines::call_stub

---------------  P R O C E S S  ---------------

Java Threads: ( => current thread )
  0x00007f58ec00f000 JavaThread "DestroyJavaVM" [_thread_blocked, id=8498, stack(0x00007f58f368f000,0x00007f58f378f000)]
=>0x00007f58ec458800 JavaThread "octree-example" [_thread_in_native, id=8539, stack(0x00007f589a38e000,0x00007f589a48f000)]
  0x00007f58ec503800 JavaThread "Service Thread" daemon [_thread_blocked, id=8537, stack(0x00007f589a590000,0x00007f589a691000)]
  0x00007f58ec4f6000 JavaThread "C1 CompilerThread11" daemon [_thread_blocked, id=8536, stack(0x00007f589a692000,0x00007f589a792000)]
  0x00007f58ec447000 JavaThread "C1 CompilerThread10" daemon [_thread_blocked, id=8535, stack(0x00007f589a793000,0x00007f589a893000)]
  0x00007f58ec445000 JavaThread "C1 CompilerThread9" daemon [_thread_blocked, id=8534, stack(0x00007f589a894000,0x00007f589a994000)]
  0x00007f58ec443000 JavaThread "C1 CompilerThread8" daemon [_thread_blocked, id=8533, stack(0x00007f589a995000,0x00007f589aa95000)]
  0x00007f58ec4ec000 JavaThread "C2 CompilerThread7" daemon [_thread_blocked, id=8532, stack(0x00007f589aa96000,0x00007f589ab96000)]
  0x00007f58ec4ea000 JavaThread "C2 CompilerThread6" daemon [_thread_blocked, id=8531, stack(0x00007f589ab97000,0x00007f589ac97000)]
  0x00007f58ec4e8000 JavaThread "C2 CompilerThread5" daemon [_thread_blocked, id=8530, stack(0x00007f589ac98000,0x00007f589ad98000)]
  0x00007f58ec4e6000 JavaThread "C2 CompilerThread4" daemon [_thread_blocked, id=8529, stack(0x00007f589ad99000,0x00007f589ae99000)]
  0x00007f58ec438800 JavaThread "C2 CompilerThread3" daemon [_thread_blocked, id=8528, stack(0x00007f589ae9a000,0x00007f589af9a000)]
  0x00007f58ec436800 JavaThread "C2 CompilerThread2" daemon [_thread_blocked, id=8527, stack(0x00007f589af9b000,0x00007f589b09b000)]
  0x00007f58ec431800 JavaThread "C2 CompilerThread1" daemon [_thread_blocked, id=8526, stack(0x00007f589b09c000,0x00007f589b19c000)]
  0x00007f58ec434800 JavaThread "C2 CompilerThread0" daemon [_thread_blocked, id=8525, stack(0x00007f589b19d000,0x00007f589b29d000)]
  0x00007f5888001000 JavaThread "JDWP Command Reader" daemon [_thread_in_native, id=8523, stack(0x00007f589b29d000,0x00007f589b39e000)]
  0x00007f58ec2c4000 JavaThread "JDWP Event Helper Thread" daemon [_thread_blocked, id=8522, stack(0x00007f589b39e000,0x00007f589b49f000)]
  0x00007f58ec2c0800 JavaThread "JDWP Transport Listener: dt_socket" daemon [_thread_blocked, id=8519, stack(0x00007f589b49f000,0x00007f589b5a0000)]
  0x00007f58ec2b3800 JavaThread "Signal Dispatcher" daemon [_thread_blocked, id=8517, stack(0x00007f589b7a5000,0x00007f589b8a6000)]
  0x00007f58ec281800 JavaThread "Finalizer" daemon [_thread_blocked, id=8516, stack(0x00007f589b8a6000,0x00007f589b9a7000)]
  0x00007f58ec27d000 JavaThread "Reference Handler" daemon [_thread_blocked, id=8515, stack(0x00007f589b9a7000,0x00007f589baa8000)]

Other Threads:
  0x00007f58ec275800 VMThread [stack: 0x00007f589baa9000,0x00007f589bba9000] [id=8514]
  0x00007f58ec4f8000 WatcherThread [stack: 0x00007f589a490000,0x00007f589a590000] [id=8538]

VM state:not at safepoint (normal execution)

VM Mutex/Monitor currently owned by a thread: None

Heap:
 PSYoungGen      total 75264K, used 64482K [0x000000076c780000, 0x0000000771b80000, 0x00000007c0000000)
  eden space 64512K, 83% used [0x000000076c780000,0x000000076fc00ac0,0x0000000770680000)
  from space 10752K, 99% used [0x0000000770680000,0x00000007710f8020,0x0000000771100000)
  to   space 10752K, 0% used [0x0000000771100000,0x0000000771100000,0x0000000771b80000)
 ParOldGen       total 591872K, used 563991K [0x00000006c5600000, 0x00000006e9800000, 0x000000076c780000)
  object space 591872K, 95% used [0x00000006c5600000,0x00000006e7cc5e98,0x00000006e9800000)
 Metaspace       used 12317K, capacity 12565K, committed 12928K, reserved 1060864K
  class space    used 995K, capacity 1067K, committed 1152K, reserved 1048576K

Card table byte_map: [0x00007f58dc82a000,0x00007f58dd000000] byte_map_base: 0x00007f58d91ff000

Marking Bits: (ParMarkBitMap*) 0x00007f58f298a140
 Begin Bits: [0x00007f589c2b0000, 0x00007f58a0158000)
 End Bits:   [0x00007f58a0158000, 0x00007f58a4000000)

Polling page: 0x00007f58f37ce000

CodeCache: size=245760Kb used=6639Kb max_used=6642Kb free=239120Kb
 bounds [0x00007f58dd000000, 0x00007f58dd690000, 0x00007f58ec000000]
 total_blobs=1978 nmethods=1050 adapters=849
 compilation: enabled

Compilation events (10 events):
Event: 1.296 Thread 0x00007f58ec447000 1046       3       java.lang.ClassNotFoundException::<init> (7 bytes)
Event: 1.296 Thread 0x00007f58ec447000 nmethod 1046 0x00007f58dd67e690 code [0x00007f58dd67e800, 0x00007f58dd67ea68]
Event: 1.298 Thread 0x00007f58ec4f6000 1047       3       java.lang.Class::reflectionData (49 bytes)
Event: 1.299 Thread 0x00007f58ec443000 1048       3       java.lang.Class::checkInitted (19 bytes)
Event: 1.299 Thread 0x00007f58ec445000 1049       3       java.lang.Class::getReflectionFactory (26 bytes)
Event: 1.299 Thread 0x00007f58ec447000 1050       3       java.nio.CharBuffer::arrayOffset (35 bytes)
Event: 1.299 Thread 0x00007f58ec4f6000 nmethod 1047 0x00007f58dd680e90 code [0x00007f58dd681020, 0x00007f58dd681548]
Event: 1.299 Thread 0x00007f58ec443000 nmethod 1048 0x00007f58dd680950 code [0x00007f58dd680ae0, 0x00007f58dd680da8]
Event: 1.299 Thread 0x00007f58ec445000 nmethod 1049 0x00007f58dd6802d0 code [0x00007f58dd680460, 0x00007f58dd680848]
Event: 1.299 Thread 0x00007f58ec447000 nmethod 1050 0x00007f58dd67ba10 code [0x00007f58dd67bbc0, 0x00007f58dd67bef8]

GC Heap History (2 events):
Event: 0.921 GC heap before
{Heap before GC invocations=1 (full 0):
 PSYoungGen      total 75264K, used 64512K [0x000000076c780000, 0x0000000771b80000, 0x00000007c0000000)
  eden space 64512K, 100% used [0x000000076c780000,0x0000000770680000,0x0000000770680000)
  from space 10752K, 0% used [0x0000000771100000,0x0000000771100000,0x0000000771b80000)
  to   space 10752K, 0% used [0x0000000770680000,0x0000000770680000,0x0000000771100000)
 ParOldGen       total 172032K, used 0K [0x00000006c5600000, 0x00000006cfe00000, 0x000000076c780000)
  object space 172032K, 0% used [0x00000006c5600000,0x00000006c5600000,0x00000006cfe00000)
 Metaspace       used 10534K, capacity 10739K, committed 11008K, reserved 1058816K
  class space    used 884K, capacity 970K, committed 1024K, reserved 1048576K
Event: 0.929 GC heap after
Heap after GC invocations=1 (full 0):
 PSYoungGen      total 75264K, used 10720K [0x000000076c780000, 0x0000000771b80000, 0x00000007c0000000)
  eden space 64512K, 0% used [0x000000076c780000,0x000000076c780000,0x0000000770680000)
  from space 10752K, 99% used [0x0000000770680000,0x00000007710f8020,0x0000000771100000)
  to   space 10752K, 0% used [0x0000000771100000,0x0000000771100000,0x0000000771b80000)
 ParOldGen       total 172032K, used 4751K [0x00000006c5600000, 0x00000006cfe00000, 0x000000076c780000)
  object space 172032K, 2% used [0x00000006c5600000,0x00000006c5aa3c40,0x00000006cfe00000)
 Metaspace       used 10534K, capacity 10739K, committed 11008K, reserved 1058816K
  class space    used 884K, capacity 970K, committed 1024K, reserved 1048576K
}

Deoptimization events (7 events):
Event: 0.910 Thread 0x00007f58ec458800 Uncommon trap: reason=unstable_if action=reinterpret pc=0x00007f58dd57db74 method=org.eclipse.jdt.launching.internal.org.objectweb.asm.SymbolTable.addConstant(Ljava/lang/Object;)Lorg/eclipse/jdt/launching/internal/org/objectweb/asm/Symbol; @ 145
Event: 1.223 Thread 0x00007f58ec458800 Uncommon trap: reason=unstable_if action=reinterpret pc=0x00007f58dd3e928c method=java.lang.String.replace(CC)Ljava/lang/String; @ 26
Event: 1.248 Thread 0x00007f58ec458800 Uncommon trap: reason=unstable_if action=reinterpret pc=0x00007f58dd42f5a8 method=org.eclipse.jdt.launching.internal.org.objectweb.asm.SymbolTable.addConstantUtf8(Ljava/lang/String;)I @ 40
Event: 1.250 Thread 0x00007f58ec458800 Uncommon trap: reason=unstable_if action=reinterpret pc=0x00007f58dd5d645c method=org.eclipse.jdt.launching.internal.org.objectweb.asm.MethodWriter.computeMethodInfoSize()I @ 358
Event: 1.250 Thread 0x00007f58ec458800 Uncommon trap: reason=unstable_if action=reinterpret pc=0x00007f58dd5dabc4 method=org.eclipse.jdt.launching.internal.org.objectweb.asm.FieldWriter.putFieldInfo(Lorg/eclipse/jdt/launching/internal/org/objectweb/asm/ByteVector;)V @ 9
Event: 1.250 Thread 0x00007f58ec458800 Uncommon trap: reason=unstable_if action=reinterpret pc=0x00007f58dd62bbc4 method=org.eclipse.jdt.launching.internal.org.objectweb.asm.MethodWriter.putMethodInfo(Lorg/eclipse/jdt/launching/internal/org/objectweb/asm/ByteVector;)V @ 9
Event: 1.262 Thread 0x00007f58ec458800 Uncommon trap: reason=unstable_if action=reinterpret pc=0x00007f58dd60c2c4 method=org.eclipse.jdt.launching.internal.org.objectweb.asm.ClassReader.readMethod(Lorg/eclipse/jdt/launching/internal/org/objectweb/asm/ClassVisitor;Lorg/eclipse/jdt/launching/int

Classes redefined (0 events):
No events

Internal exceptions (10 events):
Event: 0.413 Thread 0x00007f58ec458800 Exception <a 'java/lang/NoSuchMethodError': java.lang.Object.lambda$static$0(Ljava/lang/String;)Ljava/lang/Boolean;> (0x000000076d5941b8) thrown at [/build/java8-openjdk/src/jdk8u-jdk8u172-b11/hotspot/src/share/vm/interpreter/linkResolver.cpp, line 620]
Event: 0.430 Thread 0x00007f58ec458800 Exception <a 'java/lang/NoSuchFieldError': method resolution failed> (0x000000076d616588) thrown at [/build/java8-openjdk/src/jdk8u-jdk8u172-b11/hotspot/src/share/vm/prims/methodHandles.cpp, line 1167]
Event: 0.432 Thread 0x00007f58ec458800 Exception <a 'java/lang/NoSuchFieldError': method resolution failed> (0x000000076d6243a0) thrown at [/build/java8-openjdk/src/jdk8u-jdk8u172-b11/hotspot/src/share/vm/prims/methodHandles.cpp, line 1167]
Event: 0.466 Thread 0x00007f58ec458800 Exception <a 'java/security/PrivilegedActionException'> (0x000000076da76578) thrown at [/build/java8-openjdk/src/jdk8u-jdk8u172-b11/hotspot/src/share/vm/prims/jvm.cpp, line 1435]
Event: 0.466 Thread 0x00007f58ec458800 Exception <a 'java/security/PrivilegedActionException'> (0x000000076da76788) thrown at [/build/java8-openjdk/src/jdk8u-jdk8u172-b11/hotspot/src/share/vm/prims/jvm.cpp, line 1435]
Event: 0.466 Thread 0x00007f58ec458800 Exception <a 'java/security/PrivilegedActionException'> (0x000000076da78810) thrown at [/build/java8-openjdk/src/jdk8u-jdk8u172-b11/hotspot/src/share/vm/prims/jvm.cpp, line 1435]
Event: 0.466 Thread 0x00007f58ec458800 Exception <a 'java/security/PrivilegedActionException'> (0x000000076da78a20) thrown at [/build/java8-openjdk/src/jdk8u-jdk8u172-b11/hotspot/src/share/vm/prims/jvm.cpp, line 1435]
Event: 0.466 Thread 0x00007f58ec458800 Exception <a 'java/security/PrivilegedActionException'> (0x000000076da79668) thrown at [/build/java8-openjdk/src/jdk8u-jdk8u172-b11/hotspot/src/share/vm/prims/jvm.cpp, line 1435]
Event: 0.466 Thread 0x00007f58ec458800 Exception <a 'java/security/PrivilegedActionException'> (0x000000076da79878) thrown at [/build/java8-openjdk/src/jdk8u-jdk8u172-b11/hotspot/src/share/vm/prims/jvm.cpp, line 1435]
Event: 0.664 Thread 0x00007f58ec458800 Exception <a 'sun/nio/fs/UnixException'> (0x000000076dfebc18) thrown at [/build/java8-openjdk/src/jdk8u-jdk8u172-b11/hotspot/src/share/vm/prims/jni.cpp, line 709]

Events (10 events):
Event: 1.295 Thread 0x00007f58ec458800 DEOPT PACKING pc=0x00007f58dd385334 sp=0x00007f589a48bf20
Event: 1.295 Thread 0x00007f58ec458800 DEOPT UNPACKING pc=0x00007f58dd0470c4 sp=0x00007f589a48bd60 mode 1
Event: 1.296 loading class org/joml/Quaternionfc
Event: 1.296 loading class org/joml/Quaternionfc done
Event: 1.296 Thread 0x00007f58ec458800 DEOPT PACKING pc=0x00007f58dd53c0f1 sp=0x00007f589a489bb0
Event: 1.296 Thread 0x00007f58ec458800 DEOPT UNPACKING pc=0x00007f58dd0470c4 sp=0x00007f589a489920 mode 1
Event: 1.296 Thread 0x00007f58ec458800 DEOPT PACKING pc=0x00007f58dd385594 sp=0x00007f589a489c30
Event: 1.296 Thread 0x00007f58ec458800 DEOPT UNPACKING pc=0x00007f58dd0470c4 sp=0x00007f589a489a70 mode 1
Event: 1.296 Thread 0x00007f58ec458800 DEOPT PACKING pc=0x00007f58dd385334 sp=0x00007f589a489dc0
Event: 1.296 Thread 0x00007f58ec458800 DEOPT UNPACKING pc=0x00007f58dd0470c4 sp=0x00007f589a489c00 mode 1


Dynamic libraries:
412c7000-41368000 rw-p 00000000 00:00 0 
6c5600000-6e9800000 rw-p 00000000 00:00 0 
6e9800000-76c780000 ---p 00000000 00:00 0 
76c780000-771b80000 rw-p 00000000 00:00 0 
771b80000-7c0000000 ---p 00000000 00:00 0 
7c0000000-7c0120000 rw-p 00000000 00:00 0 
7c0120000-800000000 ---p 00000000 00:00 0 
562d0b008000-562d0b009000 r-xp 00000000 00:17 793665                     /usr/lib/jvm/java-8-openjdk/jre/bin/java
562d0b208000-562d0b209000 r--p 00000000 00:17 793665                     /usr/lib/jvm/java-8-openjdk/jre/bin/java
562d0b209000-562d0b20a000 rw-p 00001000 00:17 793665                     /usr/lib/jvm/java-8-openjdk/jre/bin/java
562d0c6d6000-562d0c6f7000 rw-p 00000000 00:00 0                          [heap]
7f58181db000-7f58185db000 rw-s 00000000 00:06 26642                      /dev/nvidiactl
7f58185db000-7f58189db000 rw-s 00000000 00:06 26642                      /dev/nvidiactl
7f58189db000-7f5818ddb000 rw-s 00000000 00:06 26642                      /dev/nvidiactl
7f5818ddb000-7f583c000000 rw-p 00000000 00:00 0 
7f583c000000-7f583cbcc000 rw-p 00000000 00:00 0 
7f583cbcc000-7f5840000000 ---p 00000000 00:00 0 
7f58400a6000-7f58404a6000 rw-s 00000000 00:06 26642                      /dev/nvidiactl
7f58404a6000-7f58406a6000 rw-s 00000000 00:06 26642                      /dev/nvidiactl
7f58406a6000-7f5840826000 rw-p 00000000 00:00 0 
7f5840826000-7f58408a6000 ---p 00000000 00:00 0 
7f58408a6000-7f5840911000 r-xp 00000000 00:2f 70696                      /tmp/lwjglmark/3.1.6-build-14/liblwjgl_opengl.so
7f5840911000-7f5840b10000 ---p 0006b000 00:2f 70696                      /tmp/lwjglmark/3.1.6-build-14/liblwjgl_opengl.so
7f5840b10000-7f5840b11000 r--p 0006a000 00:2f 70696                      /tmp/lwjglmark/3.1.6-build-14/liblwjgl_opengl.so
7f5840b11000-7f5840b12000 rw-p 0006b000 00:2f 70696                      /tmp/lwjglmark/3.1.6-build-14/liblwjgl_opengl.so
7f5840b39000-7f5840d39000 rw-p 00000000 00:00 0 
7f5840d39000-7f5840db9000 rw-s 00000000 00:06 26642                      /dev/nvidiactl
7f5840db9000-7f5840e39000 rw-s 00000000 00:06 26642                      /dev/nvidiactl
7f5840e39000-7f5840f39000 rw-s 00000000 00:06 26642                      /dev/nvidiactl
7f5840f39000-7f5840f79000 rw-s 00000000 00:06 26642                      /dev/nvidiactl
7f5841000000-7f5841040000 rw-s 00000000 00:30 1564855                    /home/mark/#1564855 (deleted)
7f5841040000-7f5841080000 r-xs 00000000 00:30 1564855                    /home/mark/#1564855 (deleted)
7f5841080000-7f5841100000 rw-s 00000000 00:06 26642                      /dev/nvidiactl
7f5841100000-7f5841120000 rw-s 00000000 00:06 26642                      /dev/nvidiactl
7f5841120000-7f5841160000 rw-s 00000000 00:06 26642                      /dev/nvidiactl
7f5841160000-7f5841171000 r-xp 00000000 00:17 465826                     /usr/lib/libdrm.so.2.4.0
7f5841171000-7f5841370000 ---p 00011000 00:17 465826                     /usr/lib/libdrm.so.2.4.0
7f5841370000-7f5841371000 r--p 00010000 00:17 465826                     /usr/lib/libdrm.so.2.4.0
7f5841371000-7f5841372000 rw-p 00011000 00:17 465826                     /usr/lib/libdrm.so.2.4.0
7f5841372000-7f5841477000 rw-s 00000000 00:06 26642                      /dev/nvidiactl
7f5841477000-7f5842c30000 r-xp 00000000 00:17 592129                     /usr/lib/libnvidia-glcore.so.396.24
7f5842c30000-7f5842e30000 ---p 017b9000 00:17 592129                     /usr/lib/libnvidia-glcore.so.396.24
7f5842e30000-7f5843132000 rw-p 017b9000 00:17 592129                     /usr/lib/libnvidia-glcore.so.396.24
7f5843132000-7f584314b000 rw-p 00000000 00:00 0 
7f584314b000-7f584314e000 r-xp 00000000 00:17 592154                     /usr/lib/tls/libnvidia-tls.so.396.24
7f584314e000-7f584334e000 ---p 00003000 00:17 592154                     /usr/lib/tls/libnvidia-tls.so.396.24
7f584334e000-7f584334f000 rw-p 00003000 00:17 592154                     /usr/lib/tls/libnvidia-tls.so.396.24
7f584334f000-7f5843460000 r-xp 00000000 00:17 592108                     /usr/lib/libGLX_nvidia.so.396.24
7f5843460000-7f5843660000 ---p 00111000 00:17 592108                     /usr/lib/libGLX_nvidia.so.396.24
7f5843660000-7f5843685000 rw-p 00111000 00:17 592108                     /usr/lib/libGLX_nvidia.so.396.24
7f5843685000-7f584368c000 rw-p 00000000 00:00 0 
7f584368c000-7f58436ce000 r-xp 00000000 00:17 267538                     /usr/lib/libGLdispatch.so.0.0.0
7f58436ce000-7f58436e7000 r-xp 00042000 00:17 267538                     /usr/lib/libGLdispatch.so.0.0.0
7f58436e7000-7f58436fa000 r-xp 0005b000 00:17 267538                     /usr/lib/libGLdispatch.so.0.0.0
7f58436fa000-7f58438f9000 ---p 0006e000 00:17 267538                     /usr/lib/libGLdispatch.so.0.0.0
7f58438f9000-7f5843921000 r--p 0006d000 00:17 267538                     /usr/lib/libGLdispatch.so.0.0.0
7f5843921000-7f5843922000 rw-p 00095000 00:17 267538                     /usr/lib/libGLdispatch.so.0.0.0
7f5843922000-7f5843942000 rw-p 00000000 00:00 0 
7f5843942000-7f5843952000 r-xp 00000000 00:17 267541                     /usr/lib/libGLX.so.0.0.0
7f5843952000-7f5843b51000 ---p 00010000 00:17 267541                     /usr/lib/libGLX.so.0.0.0
7f5843b51000-7f5843b52000 r--p 0000f000 00:17 267541                     /usr/lib/libGLX.so.0.0.0
7f5843b52000-7f5843b53000 rw-p 00010000 00:17 267541                     /usr/lib/libGLX.so.0.0.0
7f5843b53000-7f5843b73000 rw-p 00000000 00:00 0 
7f5843b73000-7f5843bb6000 r-xp 00000000 00:17 267542                     /usr/lib/libGL.so.1.0.0
7f5843bb6000-7f5843bcf000 r-xp 00043000 00:17 267542                     /usr/lib/libGL.so.1.0.0
7f5843bcf000-7f5843be3000 r-xp 0005c000 00:17 267542                     /usr/lib/libGL.so.1.0.0
7f5843be3000-7f5843de2000 ---p 00070000 00:17 267542                     /usr/lib/libGL.so.1.0.0
7f5843de2000-7f5843dfc000 r--p 0006f000 00:17 267542                     /usr/lib/libGL.so.1.0.0
7f5843dfc000-7f5843dfd000 rw-p 00089000 00:17 267542                     /usr/lib/libGL.so.1.0.0
7f5843dfd000-7f5843dfe000 rw-p 00000000 00:00 0 
7f5843dfe000-7f5843dff000 r-xp 00000000 00:17 54525                      /usr/lib/libX11-xcb.so.1.0.0
7f5843dff000-7f5843ffe000 ---p 00001000 00:17 54525                      /usr/lib/libX11-xcb.so.1.0.0
7f5843ffe000-7f5843fff000 r--p 00000000 00:17 54525                      /usr/lib/libX11-xcb.so.1.0.0
7f5843fff000-7f5844000000 rw-p 00001000 00:17 54525                      /usr/lib/libX11-xcb.so.1.0.0
7f5844000000-7f5844021000 rw-p 00000000 00:00 0 
7f5844021000-7f5848000000 ---p 00000000 00:00 0 
7f5848000000-7f5848021000 rw-p 00000000 00:00 0 
7f5848021000-7f584c000000 ---p 00000000 00:00 0 
7f584c000000-7f584c1a2000 rw-p 00000000 00:00 0 
7f584c1a2000-7f5850000000 ---p 00000000 00:00 0 
7f5850000000-7f5850244000 rw-p 00000000 00:00 0 
7f5850244000-7f5854000000 ---p 00000000 00:00 0 
7f5854000000-7f585420e000 rw-p 00000000 00:00 0 
7f585420e000-7f5858000000 ---p 00000000 00:00 0 
7f5858000000-7f5858147000 rw-p 00000000 00:00 0 
7f5858147000-7f585c000000 ---p 00000000 00:00 0 
7f585c000000-7f585c2f5000 rw-p 00000000 00:00 0 
7f585c2f5000-7f5860000000 ---p 00000000 00:00 0 
7f5860000000-7f5860327000 rw-p 00000000 00:00 0 
7f5860327000-7f5864000000 ---p 00000000 00:00 0 
7f5864000000-7f5865756000 rw-p 00000000 00:00 0 
7f5865756000-7f5868000000 ---p 00000000 00:00 0 
7f5868000000-7f58685ac000 rw-p 00000000 00:00 0 
7f58685ac000-7f586c000000 ---p 00000000 00:00 0 
7f586c000000-7f586c27b000 rw-p 00000000 00:00 0 
7f586c27b000-7f5870000000 ---p 00000000 00:00 0 
7f5870000000-7f58702fe000 rw-p 00000000 00:00 0 
7f58702fe000-7f5874000000 ---p 00000000 00:00 0 
7f5874000000-7f58742db000 rw-p 00000000 00:00 0 
7f58742db000-7f5878000000 ---p 00000000 00:00 0 
7f5878000000-7f5878619000 rw-p 00000000 00:00 0 
7f5878619000-7f587c000000 ---p 00000000 00:00 0 
7f587c000000-7f587c021000 rw-p 00000000 00:00 0 
7f587c021000-7f5880000000 ---p 00000000 00:00 0 
7f5880000000-7f5880021000 rw-p 00000000 00:00 0 
7f5880021000-7f5884000000 ---p 00000000 00:00 0 
7f5884000000-7f5884021000 rw-p 00000000 00:00 0 
7f5884021000-7f5888000000 ---p 00000000 00:00 0 
7f5888000000-7f5888021000 rw-p 00000000 00:00 0 
7f5888021000-7f588c000000 ---p 00000000 00:00 0 
7f588c000000-7f588c021000 rw-p 00000000 00:00 0 
7f588c021000-7f5890000000 ---p 00000000 00:00 0 
7f5890000000-7f5890021000 rw-p 00000000 00:00 0 
7f5890021000-7f5894000000 ---p 00000000 00:00 0 
7f5894000000-7f5894021000 rw-p 00000000 00:00 0 
7f5894021000-7f5898000000 ---p 00000000 00:00 0 
7f5898000000-7f5898074000 rw-p 00000000 00:00 0 
7f5898074000-7f5898076000 r-xp 00000000 00:17 833832                     /usr/lib/libXinerama.so.1.0.0
7f5898076000-7f5898275000 ---p 00002000 00:17 833832                     /usr/lib/libXinerama.so.1.0.0
7f5898275000-7f5898276000 r--p 00001000 00:17 833832                     /usr/lib/libXinerama.so.1.0.0
7f5898276000-7f5898277000 rw-p 00002000 00:17 833832                     /usr/lib/libXinerama.so.1.0.0
7f5898277000-7f589827c000 r-xp 00000000 00:17 55502                      /usr/lib/libXfixes.so.3.1.0
7f589827c000-7f589847b000 ---p 00005000 00:17 55502                      /usr/lib/libXfixes.so.3.1.0
7f589847b000-7f589847c000 r--p 00004000 00:17 55502                      /usr/lib/libXfixes.so.3.1.0
7f589847c000-7f589847d000 rw-p 00005000 00:17 55502                      /usr/lib/libXfixes.so.3.1.0
7f589847d000-7f5898486000 r-xp 00000000 00:17 57640                      /usr/lib/libXcursor.so.1.0.2
7f5898486000-7f5898685000 ---p 00009000 00:17 57640                      /usr/lib/libXcursor.so.1.0.2
7f5898685000-7f5898686000 r--p 00008000 00:17 57640                      /usr/lib/libXcursor.so.1.0.2
7f5898686000-7f5898687000 rw-p 00009000 00:17 57640                      /usr/lib/libXcursor.so.1.0.2
7f5898687000-7f5898690000 r-xp 00000000 00:17 56925                      /usr/lib/libXrender.so.1.3.0
7f5898690000-7f5898890000 ---p 00009000 00:17 56925                      /usr/lib/libXrender.so.1.3.0
7f5898890000-7f5898891000 r--p 00009000 00:17 56925                      /usr/lib/libXrender.so.1.3.0
7f5898891000-7f5898892000 rw-p 0000a000 00:17 56925                      /usr/lib/libXrender.so.1.3.0
7f5898892000-7f589889c000 r-xp 00000000 00:17 57665                      /usr/lib/libXrandr.so.2.2.0
7f589889c000-7f5898a9b000 ---p 0000a000 00:17 57665                      /usr/lib/libXrandr.so.2.2.0
7f5898a9b000-7f5898a9c000 r--p 00009000 00:17 57665                      /usr/lib/libXrandr.so.2.2.0
7f5898a9c000-7f5898a9d000 rw-p 0000a000 00:17 57665                      /usr/lib/libXrandr.so.2.2.0
7f5898a9d000-7f5898aac000 r-xp 00000000 00:17 57772                      /usr/lib/libXi.so.6.1.0
7f5898aac000-7f5898cac000 ---p 0000f000 00:17 57772                      /usr/lib/libXi.so.6.1.0
7f5898cac000-7f5898cad000 r--p 0000f000 00:17 57772                      /usr/lib/libXi.so.6.1.0
7f5898cad000-7f5898cae000 rw-p 00010000 00:17 57772                      /usr/lib/libXi.so.6.1.0
7f5898cae000-7f5898cbf000 r-xp 00000000 00:17 463093                     /usr/lib/libXext.so.6.4.0
7f5898cbf000-7f5898ebe000 ---p 00011000 00:17 463093                     /usr/lib/libXext.so.6.4.0
7f5898ebe000-7f5898ebf000 r--p 00010000 00:17 463093                     /usr/lib/libXext.so.6.4.0
7f5898ebf000-7f5898ec0000 rw-p 00011000 00:17 463093                     /usr/lib/libXext.so.6.4.0
7f5898ec0000-7f5898ec4000 r-xp 00000000 00:17 465884                     /usr/lib/libXxf86vm.so.1.0.0
7f5898ec4000-7f58990c4000 ---p 00004000 00:17 465884                     /usr/lib/libXxf86vm.so.1.0.0
7f58990c4000-7f58990c5000 r--p 00004000 00:17 465884                     /usr/lib/libXxf86vm.so.1.0.0
7f58990c5000-7f58990c6000 rw-p 00005000 00:17 465884                     /usr/lib/libXxf86vm.so.1.0.0
7f58990e7000-7f5899107000 rw-s 00000000 00:06 26642                      /dev/nvidiactl
7f5899107000-7f589910c000 r-xp 00000000 00:17 463067                     /usr/lib/libXdmcp.so.6.0.0
7f589910c000-7f589930b000 ---p 00005000 00:17 463067                     /usr/lib/libXdmcp.so.6.0.0
7f589930b000-7f589930c000 r--p 00004000 00:17 463067                     /usr/lib/libXdmcp.so.6.0.0
7f589930c000-7f589930d000 rw-p 00005000 00:17 463067                     /usr/lib/libXdmcp.so.6.0.0
7f589930d000-7f589930f000 r-xp 00000000 00:17 50861                      /usr/lib/libXau.so.6.0.0
7f589930f000-7f589950f000 ---p 00002000 00:17 50861                      /usr/lib/libXau.so.6.0.0
7f589950f000-7f5899510000 r--p 00002000 00:17 50861                      /usr/lib/libXau.so.6.0.0
7f5899510000-7f5899511000 rw-p 00003000 00:17 50861                      /usr/lib/libXau.so.6.0.0
7f5899511000-7f5899538000 r-xp 00000000 00:17 53192                      /usr/lib/libxcb.so.1.1.0
7f5899538000-7f5899738000 ---p 00027000 00:17 53192                      /usr/lib/libxcb.so.1.1.0
7f5899738000-7f5899739000 r--p 00027000 00:17 53192                      /usr/lib/libxcb.so.1.1.0
7f5899739000-7f589973a000 rw-p 00028000 00:17 53192                      /usr/lib/libxcb.so.1.1.0
7f589973a000-7f5899873000 r-xp 00000000 00:17 54524                      /usr/lib/libX11.so.6.3.0
7f5899873000-7f5899a73000 ---p 00139000 00:17 54524                      /usr/lib/libX11.so.6.3.0
7f5899a73000-7f5899a74000 r--p 00139000 00:17 54524                      /usr/lib/libX11.so.6.3.0
7f5899a74000-7f5899a79000 rw-p 0013a000 00:17 54524                      /usr/lib/libX11.so.6.3.0
7f5899a82000-7f5899a95000 rw-s 00000000 00:06 26642                      /dev/nvidiactl
7f5899ab5000-7f5899aeb000 r-xp 00000000 00:2f 64137                      /tmp/lwjglmark/3.1.6-build-14/libglfw.so
7f5899aeb000-7f5899cea000 ---p 00036000 00:2f 64137                      /tmp/lwjglmark/3.1.6-build-14/libglfw.so
7f5899cea000-7f5899ceb000 r--p 00035000 00:2f 64137                      /tmp/lwjglmark/3.1.6-build-14/libglfw.so
7f5899ceb000-7f5899cec000 rw-p 00036000 00:2f 64137                      /tmp/lwjglmark/3.1.6-build-14/libglfw.so
7f5899cec000-7f5899d0d000 rw-p 00000000 00:00 0 
7f5899d0d000-7f5899d61000 r-xp 00000000 00:2f 67670                      /tmp/lwjglmark/3.1.6-build-14/liblwjgl.so
7f5899d61000-7f5899f61000 ---p 00054000 00:2f 67670                      /tmp/lwjglmark/3.1.6-build-14/liblwjgl.so
7f5899f61000-7f5899f62000 r--p 00054000 00:2f 67670                      /tmp/lwjglmark/3.1.6-build-14/liblwjgl.so
7f5899f62000-7f5899f63000 rw-p 00055000 00:2f 67670                      /tmp/lwjglmark/3.1.6-build-14/liblwjgl.so
7f5899f63000-7f5899f7a000 r-xp 00000000 00:17 793642                     /usr/lib/jvm/java-8-openjdk/jre/lib/amd64/libnet.so
7f5899f7a000-7f589a179000 ---p 00017000 00:17 793642                     /usr/lib/jvm/java-8-openjdk/jre/lib/amd64/libnet.so
7f589a179000-7f589a17a000 r--p 00016000 00:17 793642                     /usr/lib/jvm/java-8-openjdk/jre/lib/amd64/libnet.so
7f589a17a000-7f589a17b000 rw-p 00017000 00:17 793642                     /usr/lib/jvm/java-8-openjdk/jre/lib/amd64/libnet.so
7f589a17b000-7f589a18c000 r-xp 00000000 00:17 793622                     /usr/lib/jvm/java-8-openjdk/jre/lib/amd64/libnio.so
7f589a18c000-7f589a38c000 ---p 00011000 00:17 793622                     /usr/lib/jvm/java-8-openjdk/jre/lib/amd64/libnio.so
7f589a38c000-7f589a38d000 r--p 00011000 00:17 793622                     /usr/lib/jvm/java-8-openjdk/jre/lib/amd64/libnio.so
7f589a38d000-7f589a38e000 rw-p 00012000 00:17 793622                     /usr/lib/jvm/java-8-openjdk/jre/lib/amd64/libnio.so
7f589a38e000-7f589a391000 ---p 00000000 00:00 0 
7f589a391000-7f589a48f000 rw-p 00000000 00:00 0 
7f589a48f000-7f589a490000 ---p 00000000 00:00 0 
7f589a490000-7f589a590000 rw-p 00000000 00:00 0 
7f589a590000-7f589a593000 ---p 00000000 00:00 0 
7f589a593000-7f589a691000 rw-p 00000000 00:00 0 
7f589a691000-7f589a692000 ---p 00000000 00:00 0 
7f589a692000-7f589a695000 ---p 00000000 00:00 0 
7f589a695000-7f589a792000 rw-p 00000000 00:00 0 
7f589a792000-7f589a793000 ---p 00000000 00:00 0 
7f589a793000-7f589a796000 ---p 00000000 00:00 0 
7f589a796000-7f589a893000 rw-p 00000000 00:00 0 
7f589a893000-7f589a894000 ---p 00000000 00:00 0 
7f589a894000-7f589a897000 ---p 00000000 00:00 0 
7f589a897000-7f589a994000 rw-p 00000000 00:00 0 
7f589a994000-7f589a995000 ---p 00000000 00:00 0 
7f589a995000-7f589a998000 ---p 00000000 00:00 0 
7f589a998000-7f589aa95000 rw-p 00000000 00:00 0 
7f589aa95000-7f589aa96000 ---p 00000000 00:00 0 
7f589aa96000-7f589aa99000 ---p 00000000 00:00 0 
7f589aa99000-7f589ab96000 rw-p 00000000 00:00 0 
7f589ab96000-7f589ab97000 ---p 00000000 00:00 0 
7f589ab97000-7f589ab9a000 ---p 00000000 00:00 0 
7f589ab9a000-7f589ac97000 rw-p 00000000 00:00 0 
7f589ac97000-7f589ac98000 ---p 00000000 00:00 0 
7f589ac98000-7f589ac9b000 ---p 00000000 00:00 0 
7f589ac9b000-7f589ad98000 rw-p 00000000 00:00 0 
7f589ad98000-7f589ad99000 ---p 00000000 00:00 0 
7f589ad99000-7f589ad9c000 ---p 00000000 00:00 0 
7f589ad9c000-7f589ae99000 rw-p 00000000 00:00 0 
7f589ae99000-7f589ae9a000 ---p 00000000 00:00 0 
7f589ae9a000-7f589ae9d000 ---p 00000000 00:00 0 
7f589ae9d000-7f589af9a000 rw-p 00000000 00:00 0 
7f589af9a000-7f589af9b000 ---p 00000000 00:00 0 
7f589af9b000-7f589af9e000 ---p 00000000 00:00 0 
7f589af9e000-7f589b09b000 rw-p 00000000 00:00 0 
7f589b09b000-7f589b09c000 ---p 00000000 00:00 0 
7f589b09c000-7f589b09f000 ---p 00000000 00:00 0 
7f589b09f000-7f589b19c000 rw-p 00000000 00:00 0 
7f589b19c000-7f589b19d000 ---p 00000000 00:00 0 
7f589b19d000-7f589b1a0000 ---p 00000000 00:00 0 
7f589b1a0000-7f589b29d000 rw-p 00000000 00:00 0 
7f589b29d000-7f589b2a0000 ---p 00000000 00:00 0 
7f589b2a0000-7f589b39e000 rw-p 00000000 00:00 0 
7f589b39e000-7f589b3a1000 ---p 00000000 00:00 0 
7f589b3a1000-7f589b49f000 rw-p 00000000 00:00 0 
7f589b49f000-7f589b4a2000 ---p 00000000 00:00 0 
7f589b4a2000-7f589b5a0000 rw-p 00000000 00:00 0 
7f589b5a0000-7f589b5a4000 r-xp 00000000 00:17 793641                     /usr/lib/jvm/java-8-openjdk/jre/lib/amd64/libdt_socket.so
7f589b5a4000-7f589b7a3000 ---p 00004000 00:17 793641                     /usr/lib/jvm/java-8-openjdk/jre/lib/amd64/libdt_socket.so
7f589b7a3000-7f589b7a4000 r--p 00003000 00:17 793641                     /usr/lib/jvm/java-8-openjdk/jre/lib/amd64/libdt_socket.so
7f589b7a4000-7f589b7a5000 rw-p 00004000 00:17 793641                     /usr/lib/jvm/java-8-openjdk/jre/lib/amd64/libdt_socket.so
7f589b7a5000-7f589b7a8000 ---p 00000000 00:00 0 
7f589b7a8000-7f589b8a6000 rw-p 00000000 00:00 0 
7f589b8a6000-7f589b8a9000 ---p 00000000 00:00 0 
7f589b8a9000-7f589b9a7000 rw-p 00000000 00:00 0 
7f589b9a7000-7f589b9aa000 ---p 00000000 00:00 0 
7f589b9aa000-7f589baa8000 rw-p 00000000 00:00 0 
7f589baa8000-7f589baa9000 ---p 00000000 00:00 0 
7f589baa9000-7f58a4000000 rw-p 00000000 00:00 0 
7f58a4000000-7f58a4021000 rw-p 00000000 00:00 0 
7f58a4021000-7f58a8000000 ---p 00000000 00:00 0 
7f58a8000000-7f58a8021000 rw-p 00000000 00:00 0 
7f58a8021000-7f58ac000000 ---p 00000000 00:00 0 
7f58ac000000-7f58ac021000 rw-p 00000000 00:00 0 
7f58ac021000-7f58b0000000 ---p 00000000 00:00 0 
7f58b0000000-7f58b0021000 rw-p 00000000 00:00 0 
7f58b0021000-7f58b4000000 ---p 00000000 00:00 0 
7f58b4000000-7f58b4021000 rw-p 00000000 00:00 0 
7f58b4021000-7f58b8000000 ---p 00000000 00:00 0 
7f58b8000000-7f58b8021000 rw-p 00000000 00:00 0 
7f58b8021000-7f58bc000000 ---p 00000000 00:00 0 
7f58bc000000-7f58bc021000 rw-p 00000000 00:00 0 
7f58bc021000-7f58c0000000 ---p 00000000 00:00 0 
7f58c0000000-7f58c0021000 rw-p 00000000 00:00 0 
7f58c0021000-7f58c4000000 ---p 00000000 00:00 0 
7f58c4000000-7f58c4021000 rw-p 00000000 00:00 0 
7f58c4021000-7f58c8000000 ---p 00000000 00:00 0 
7f58c8000000-7f58c8021000 rw-p 00000000 00:00 0 
7f58c8021000-7f58cc000000 ---p 00000000 00:00 0 
7f58cc000000-7f58cc021000 rw-p 00000000 00:00 0 
7f58cc021000-7f58d0000000 ---p 00000000 00:00 0 
7f58d0000000-7f58d0021000 rw-p 00000000 00:00 0 
7f58d0021000-7f58d4000000 ---p 00000000 00:00 0 
7f58d4000000-7f58d4021000 rw-p 00000000 00:00 0 
7f58d4021000-7f58d8000000 ---p 00000000 00:00 0 
7f58d8009000-7f58d8019000 rw-s 00000000 00:06 26643                      /dev/nvidia0
7f58d8019000-7f58d8059000 rw-s 00000000 00:06 26642                      /dev/nvidiactl
7f58d8059000-7f58da3ca000 rw-p 00000000 00:00 0 
7f58da3ca000-7f58da599000 r--s 03c31000 00:17 793567                     /usr/lib/jvm/java-8-openjdk/jre/lib/rt.jar
7f58da599000-7f58db5e4000 rw-p 00000000 00:00 0 
7f58db5e4000-7f58db5e5000 ---p 00000000 00:00 0 
7f58db5e5000-7f58db6e5000 rw-p 00000000 00:00 0 
7f58db6e5000-7f58db6e6000 ---p 00000000 00:00 0 
7f58db6e6000-7f58db7e6000 rw-p 00000000 00:00 0 
7f58db7e6000-7f58db7e7000 ---p 00000000 00:00 0 
7f58db7e7000-7f58db8e7000 rw-p 00000000 00:00 0 
7f58db8e7000-7f58db8e8000 ---p 00000000 00:00 0 
7f58db8e8000-7f58db9e8000 rw-p 00000000 00:00 0 
7f58db9e8000-7f58db9e9000 ---p 00000000 00:00 0 
7f58db9e9000-7f58dbae9000 rw-p 00000000 00:00 0 
7f58dbae9000-7f58dbaea000 ---p 00000000 00:00 0 
7f58dbaea000-7f58dbbea000 rw-p 00000000 00:00 0 
7f58dbbea000-7f58dbbeb000 ---p 00000000 00:00 0 
7f58dbbeb000-7f58dbceb000 rw-p 00000000 00:00 0 
7f58dbceb000-7f58dbcec000 ---p 00000000 00:00 0 
7f58dbcec000-7f58dbdec000 rw-p 00000000 00:00 0 
7f58dbdec000-7f58dbded000 ---p 00000000 00:00 0 
7f58dbded000-7f58dbeed000 rw-p 00000000 00:00 0 
7f58dbeed000-7f58dbeee000 ---p 00000000 00:00 0 
7f58dbeee000-7f58dbfee000 rw-p 00000000 00:00 0 
7f58dbfee000-7f58dbfef000 ---p 00000000 00:00 0 
7f58dbfef000-7f58dc0ef000 rw-p 00000000 00:00 0 
7f58dc0ef000-7f58dc0f0000 ---p 00000000 00:00 0 
7f58dc0f0000-7f58dc1f0000 rw-p 00000000 00:00 0 
7f58dc1f0000-7f58dc1f1000 ---p 00000000 00:00 0 
7f58dc1f1000-7f58dc412000 rw-p 00000000 00:00 0 
7f58dc412000-7f58dc82a000 ---p 00000000 00:00 0 
7f58dc82a000-7f58dc94b000 rw-p 00000000 00:00 0 
7f58dc94b000-7f58dcd62000 ---p 00000000 00:00 0 
7f58dcd62000-7f58dcd8d000 rw-p 00000000 00:00 0 
7f58dcd8d000-7f58dcfff000 ---p 00000000 00:00 0 
7f58dcfff000-7f58dd000000 rw-p 00000000 00:00 0 
7f58dd000000-7f58dd690000 rwxp 00000000 00:00 0 
7f58dd690000-7f58ec000000 ---p 00000000 00:00 0 
7f58ec000000-7f58ec52c000 rw-p 00000000 00:00 0 
7f58ec52c000-7f58f0000000 ---p 00000000 00:00 0 
7f58f0001000-7f58f0002000 r-xp 00000000 00:00 0 
7f58f0002000-7f58f0003000 rw-s 00000000 00:06 26642                      /dev/nvidiactl
7f58f0003000-7f58f0007000 rw-s 00000000 00:06 26642                      /dev/nvidiactl
7f58f0007000-7f58f0008000 rw-s 00000000 00:06 26643                      /dev/nvidia0
7f58f0008000-7f58f0009000 rw-s 00000000 00:06 26643                      /dev/nvidia0
7f58f0009000-7f58f000a000 rw-s 00000000 00:06 26643                      /dev/nvidia0
7f58f000a000-7f58f000b000 rw-s 00000000 00:06 26642                      /dev/nvidiactl
7f58f000b000-7f58f000c000 rw-s 00000000 00:06 26642                      /dev/nvidiactl
7f58f000c000-7f58f000d000 r-xp 00000000 00:00 0 
7f58f000d000-7f58f000f000 r--s 00016000 00:17 793565                     /usr/lib/jvm/java-8-openjdk/jre/lib/jce.jar
7f58f000f000-7f58f0014000 r--s 0009d000 00:17 793566                     /usr/lib/jvm/java-8-openjdk/jre/lib/jsse.jar
7f58f0014000-7f58f0017000 r--s 0001d000 00:30 1366163                    /home/mark/.eclipse/org.eclipse.platform_4.8.0_155965261_linux_gtk_x86_64/configuration/org.eclipse.osgi/232/0/.cp/lib/javaagent-shaded.jar
7f58f0017000-7f58f002a000 r--s 0014d000 00:30 1404437                    /home/mark/Documents/Programming/Java/Eclipse/graphics-demos/lib/lwjgl/lwjgl-vulkan/lwjgl-vulkan.jar
7f58f002a000-7f58f0045000 rw-p 00000000 00:00 0 
7f58f0045000-7f58f03ea000 ---p 00000000 00:00 0 
7f58f03ea000-7f58f03f2000 r-xp 00000000 00:17 793626                     /usr/lib/jvm/java-8-openjdk/jre/lib/amd64/libzip.so
7f58f03f2000-7f58f05f1000 ---p 00008000 00:17 793626                     /usr/lib/jvm/java-8-openjdk/jre/lib/amd64/libzip.so
7f58f05f1000-7f58f05f2000 r--p 00007000 00:17 793626                     /usr/lib/jvm/java-8-openjdk/jre/lib/amd64/libzip.so
7f58f05f2000-7f58f05f3000 rw-p 00008000 00:17 793626                     /usr/lib/jvm/java-8-openjdk/jre/lib/amd64/libzip.so
7f58f05f3000-7f58f05fe000 r-xp 00000000 00:17 338256                     /usr/lib/libnss_files-2.27.so
7f58f05fe000-7f58f07fd000 ---p 0000b000 00:17 338256                     /usr/lib/libnss_files-2.27.so
7f58f07fd000-7f58f07fe000 r--p 0000a000 00:17 338256                     /usr/lib/libnss_files-2.27.so
7f58f07fe000-7f58f07ff000 rw-p 0000b000 00:17 338256                     /usr/lib/libnss_files-2.27.so
7f58f07ff000-7f58f0805000 rw-p 00000000 00:00 0 
7f58f0805000-7f58f080f000 r-xp 00000000 00:17 793654                     /usr/lib/jvm/java-8-openjdk/jre/lib/amd64/libinstrument.so
7f58f080f000-7f58f0a0e000 ---p 0000a000 00:17 793654                     /usr/lib/jvm/java-8-openjdk/jre/lib/amd64/libinstrument.so
7f58f0a0e000-7f58f0a0f000 r--p 00009000 00:17 793654                     /usr/lib/jvm/java-8-openjdk/jre/lib/amd64/libinstrument.so
7f58f0a0f000-7f58f0a10000 rw-p 0000a000 00:17 793654                     /usr/lib/jvm/java-8-openjdk/jre/lib/amd64/libinstrument.so
7f58f0a10000-7f58f0bf7000 r--p 00000000 00:17 339675                     /usr/lib/locale/locale-archive
7f58f0bf7000-7f58f0bf9000 r-xp 00000000 00:17 793651                     /usr/lib/jvm/java-8-openjdk/jre/lib/amd64/libnpt.so
7f58f0bf9000-7f58f0df9000 ---p 00002000 00:17 793651                     /usr/lib/jvm/java-8-openjdk/jre/lib/amd64/libnpt.so
7f58f0df9000-7f58f0dfa000 r--p 00002000 00:17 793651                     /usr/lib/jvm/java-8-openjdk/jre/lib/amd64/libnpt.so
7f58f0dfa000-7f58f0dfb000 rw-p 00003000 00:17 793651                     /usr/lib/jvm/java-8-openjdk/jre/lib/amd64/libnpt.so
7f58f0dfb000-7f58f0e36000 r-xp 00000000 00:17 793644                     /usr/lib/jvm/java-8-openjdk/jre/lib/amd64/libjdwp.so
7f58f0e36000-7f58f1035000 ---p 0003b000 00:17 793644                     /usr/lib/jvm/java-8-openjdk/jre/lib/amd64/libjdwp.so
7f58f1035000-7f58f1036000 r--p 0003a000 00:17 793644                     /usr/lib/jvm/java-8-openjdk/jre/lib/amd64/libjdwp.so
7f58f1036000-7f58f1037000 rw-p 0003b000 00:17 793644                     /usr/lib/jvm/java-8-openjdk/jre/lib/amd64/libjdwp.so
7f58f1037000-7f58f1065000 r-xp 00000000 00:17 793625                     /usr/lib/jvm/java-8-openjdk/jre/lib/amd64/libjava.so
7f58f1065000-7f58f1264000 ---p 0002e000 00:17 793625                     /usr/lib/jvm/java-8-openjdk/jre/lib/amd64/libjava.so
7f58f1264000-7f58f1265000 r--p 0002d000 00:17 793625                     /usr/lib/jvm/java-8-openjdk/jre/lib/amd64/libjava.so
7f58f1265000-7f58f1267000 rw-p 0002e000 00:17 793625                     /usr/lib/jvm/java-8-openjdk/jre/lib/amd64/libjava.so
7f58f1267000-7f58f1274000 r-xp 00000000 00:17 793650                     /usr/lib/jvm/java-8-openjdk/jre/lib/amd64/libverify.so
7f58f1274000-7f58f1473000 ---p 0000d000 00:17 793650                     /usr/lib/jvm/java-8-openjdk/jre/lib/amd64/libverify.so
7f58f1473000-7f58f1475000 r--p 0000c000 00:17 793650                     /usr/lib/jvm/java-8-openjdk/jre/lib/amd64/libverify.so
7f58f1475000-7f58f1476000 rw-p 0000e000 00:17 793650                     /usr/lib/jvm/java-8-openjdk/jre/lib/amd64/libverify.so
7f58f1476000-7f58f147d000 r-xp 00000000 00:17 338251                     /usr/lib/librt-2.27.so
7f58f147d000-7f58f167c000 ---p 00007000 00:17 338251                     /usr/lib/librt-2.27.so
7f58f167c000-7f58f167d000 r--p 00006000 00:17 338251                     /usr/lib/librt-2.27.so
7f58f167d000-7f58f167e000 rw-p 00007000 00:17 338251                     /usr/lib/librt-2.27.so
7f58f167e000-7f58f1811000 r-xp 00000000 00:17 338248                     /usr/lib/libm-2.27.so
7f58f1811000-7f58f1a11000 ---p 00193000 00:17 338248                     /usr/lib/libm-2.27.so
7f58f1a11000-7f58f1a12000 r--p 00193000 00:17 338248                     /usr/lib/libm-2.27.so
7f58f1a12000-7f58f1a13000 rw-p 00194000 00:17 338248                     /usr/lib/libm-2.27.so
7f58f1a13000-7f58f26ba000 r-xp 00000000 00:17 793655                     /usr/lib/jvm/java-8-openjdk/jre/lib/amd64/server/libjvm.so
7f58f26ba000-7f58f28b9000 ---p 00ca7000 00:17 793655                     /usr/lib/jvm/java-8-openjdk/jre/lib/amd64/server/libjvm.so
7f58f28b9000-7f58f294e000 r--p 00ca6000 00:17 793655                     /usr/lib/jvm/java-8-openjdk/jre/lib/amd64/server/libjvm.so
7f58f294e000-7f58f2976000 rw-p 00d3b000 00:17 793655                     /usr/lib/jvm/java-8-openjdk/jre/lib/amd64/server/libjvm.so
7f58f2976000-7f58f29a7000 rw-p 00000000 00:00 0 
7f58f29a7000-7f58f2b5a000 r-xp 00000000 00:17 338299                     /usr/lib/libc-2.27.so
7f58f2b5a000-7f58f2d59000 ---p 001b3000 00:17 338299                     /usr/lib/libc-2.27.so
7f58f2d59000-7f58f2d5d000 r--p 001b2000 00:17 338299                     /usr/lib/libc-2.27.so
7f58f2d5d000-7f58f2d5f000 rw-p 001b6000 00:17 338299                     /usr/lib/libc-2.27.so
7f58f2d5f000-7f58f2d63000 rw-p 00000000 00:00 0 
7f58f2d63000-7f58f2d66000 r-xp 00000000 00:17 338249                     /usr/lib/libdl-2.27.so
7f58f2d66000-7f58f2f65000 ---p 00003000 00:17 338249                     /usr/lib/libdl-2.27.so
7f58f2f65000-7f58f2f66000 r--p 00002000 00:17 338249                     /usr/lib/libdl-2.27.so
7f58f2f66000-7f58f2f67000 rw-p 00003000 00:17 338249                     /usr/lib/libdl-2.27.so
7f58f2f67000-7f58f2f75000 r-xp 00000000 00:17 793658                     /usr/lib/jvm/java-8-openjdk/jre/lib/amd64/jli/libjli.so
7f58f2f75000-7f58f3174000 ---p 0000e000 00:17 793658                     /usr/lib/jvm/java-8-openjdk/jre/lib/amd64/jli/libjli.so
7f58f3174000-7f58f3175000 r--p 0000d000 00:17 793658                     /usr/lib/jvm/java-8-openjdk/jre/lib/amd64/jli/libjli.so
7f58f3175000-7f58f3176000 rw-p 0000e000 00:17 793658                     /usr/lib/jvm/java-8-openjdk/jre/lib/amd64/jli/libjli.so
7f58f3176000-7f58f318c000 r-xp 00000000 00:17 15021                      /usr/lib/libz.so.1.2.11
7f58f318c000-7f58f338b000 ---p 00016000 00:17 15021                      /usr/lib/libz.so.1.2.11
7f58f338b000-7f58f338c000 r--p 00015000 00:17 15021                      /usr/lib/libz.so.1.2.11
7f58f338c000-7f58f338d000 rw-p 00016000 00:17 15021                      /usr/lib/libz.so.1.2.11
7f58f338d000-7f58f33a6000 r-xp 00000000 00:17 338317                     /usr/lib/libpthread-2.27.so
7f58f33a6000-7f58f35a5000 ---p 00019000 00:17 338317                     /usr/lib/libpthread-2.27.so
7f58f35a5000-7f58f35a6000 r--p 00018000 00:17 338317                     /usr/lib/libpthread-2.27.so
7f58f35a6000-7f58f35a7000 rw-p 00019000 00:17 338317                     /usr/lib/libpthread-2.27.so
7f58f35a7000-7f58f35ab000 rw-p 00000000 00:00 0 
7f58f35ab000-7f58f35d0000 r-xp 00000000 00:17 338300                     /usr/lib/ld-2.27.so
7f58f35d0000-7f58f35d4000 r--s 00095000 00:30 1480478                    /home/mark/Documents/Programming/Java/Eclipse/graphics-demos/lib/joml/joml-1.9.9-20180320.181807-2.jar
7f58f35d4000-7f58f35de000 r--s 000bf000 00:30 1404347                    /home/mark/Documents/Programming/Java/Eclipse/graphics-demos/lib/lwjgl/lwjgl-opengl/lwjgl-opengl.jar
7f58f35de000-7f58f35df000 r--s 0002a000 00:30 1404345                    /home/mark/Documents/Programming/Java/Eclipse/graphics-demos/lib/lwjgl/lwjgl-opengl/lwjgl-opengl-natives-windows.jar
7f58f35df000-7f58f35e0000 r--s 0000b000 00:30 1404344                    /home/mark/Documents/Programming/Java/Eclipse/graphics-demos/lib/lwjgl/lwjgl-opengl/lwjgl-opengl-natives-macos.jar
7f58f35e0000-7f58f35e1000 r--s 00016000 00:30 1404343                    /home/mark/Documents/Programming/Java/Eclipse/graphics-demos/lib/lwjgl/lwjgl-opengl/lwjgl-opengl-natives-linux.jar
7f58f35e1000-7f58f35e4000 r--s 00011000 00:30 1404333                    /home/mark/Documents/Programming/Java/Eclipse/graphics-demos/lib/lwjgl/lwjgl-openal/lwjgl-openal.jar
7f58f35e4000-7f58f368e000 rw-p 00000000 00:00 0 
7f58f368e000-7f58f368f000 ---p 00000000 00:00 0 
7f58f368f000-7f58f3692000 ---p 00000000 00:00 0 
7f58f3692000-7f58f3793000 rw-p 00000000 00:00 0 
7f58f3793000-7f58f3794000 r--s 00105000 00:30 1404331                    /home/mark/Documents/Programming/Java/Eclipse/graphics-demos/lib/lwjgl/lwjgl-openal/lwjgl-openal-natives-windows.jar
7f58f3794000-7f58f3795000 r--s 00064000 00:30 1404330                    /home/mark/Documents/Programming/Java/Eclipse/graphics-demos/lib/lwjgl/lwjgl-openal/lwjgl-openal-natives-macos.jar
7f58f3795000-7f58f3796000 r--s 00077000 00:30 1404329                    /home/mark/Documents/Programming/Java/Eclipse/graphics-demos/lib/lwjgl/lwjgl-openal/lwjgl-openal-natives-linux.jar
7f58f3796000-7f58f3799000 r--s 00019000 00:30 1404270                    /home/mark/Documents/Programming/Java/Eclipse/graphics-demos/lib/lwjgl/lwjgl-glfw/lwjgl-glfw.jar
7f58f3799000-7f58f379a000 r--s 0003d000 00:30 1404268                    /home/mark/Documents/Programming/Java/Eclipse/graphics-demos/lib/lwjgl/lwjgl-glfw/lwjgl-glfw-natives-windows.jar
7f58f379a000-7f58f379b000 r--s 0000e000 00:30 1404267                    /home/mark/Documents/Programming/Java/Eclipse/graphics-demos/lib/lwjgl/lwjgl-glfw/lwjgl-glfw-natives-macos.jar
7f58f379b000-7f58f379d000 r--s 00022000 00:30 1404266                    /home/mark/Documents/Programming/Java/Eclipse/graphics-demos/lib/lwjgl/lwjgl-glfw/lwjgl-glfw-natives-linux.jar
7f58f379d000-7f58f37a2000 r--s 00045000 00:30 1404469                    /home/mark/Documents/Programming/Java/Eclipse/graphics-demos/lib/lwjgl/lwjgl/lwjgl.jar
7f58f37a2000-7f58f37a3000 r--s 00039000 00:30 1404467                    /home/mark/Documents/Programming/Java/Eclipse/graphics-demos/lib/lwjgl/lwjgl/lwjgl-natives-windows.jar
7f58f37a3000-7f58f37a5000 r--s 00008000 00:30 1404466                    /home/mark/Documents/Programming/Java/Eclipse/graphics-demos/lib/lwjgl/lwjgl/lwjgl-natives-macos.jar
7f58f37a5000-7f58f37a6000 r--s 00013000 00:30 1404465                    /home/mark/Documents/Programming/Java/Eclipse/graphics-demos/lib/lwjgl/lwjgl/lwjgl-natives-linux.jar
7f58f37a6000-7f58f37ab000 r--s 002f9000 00:17 793562                     /usr/lib/jvm/java-8-openjdk/jre/lib/charsets.jar
7f58f37ab000-7f58f37ad000 r--s 00016000 00:17 793565                     /usr/lib/jvm/java-8-openjdk/jre/lib/jce.jar
7f58f37ad000-7f58f37b2000 r--s 0009d000 00:17 793566                     /usr/lib/jvm/java-8-openjdk/jre/lib/jsse.jar
7f58f37b2000-7f58f37c5000 r--s 00346000 00:17 793572                     /usr/lib/jvm/java-8-openjdk/jre/lib/resources.jar
7f58f37c5000-7f58f37cd000 rw-s 00000000 00:2f 135777                     /tmp/hsperfdata_mark/8493
7f58f37cd000-7f58f37ce000 rw-p 00000000 00:00 0 
7f58f37ce000-7f58f37cf000 r--p 00000000 00:00 0 
7f58f37cf000-7f58f37d0000 r--p 00024000 00:17 338300                     /usr/lib/ld-2.27.so
7f58f37d0000-7f58f37d1000 rw-p 00025000 00:17 338300                     /usr/lib/ld-2.27.so
7f58f37d1000-7f58f37d2000 rw-p 00000000 00:00 0 
7fff09040000-7fff09061000 rw-p 00000000 00:00 0                          [stack]
7fff09157000-7fff0915a000 r--p 00000000 00:00 0                          [vvar]
7fff0915a000-7fff0915c000 r-xp 00000000 00:00 0                          [vdso]

VM Arguments:
jvm_args: -agentlib:jdwp=transport=dt_socket,suspend=y,address=localhost:40597 -javaagent:/home/mark/.eclipse/org.eclipse.platform_4.8.0_155965261_linux_gtk_x86_64/configuration/org.eclipse.osgi/232/0/.cp/lib/javaagent-shaded.jar -Dfile.encoding=UTF-8 
java_command: gui.LWJGLExample
java_class_path (initial): /usr/lib/jvm/java-8-openjdk/jre/lib/resources.jar:/usr/lib/jvm/java-8-openjdk/jre/lib/rt.jar:/usr/lib/jvm/java-8-openjdk/jre/lib/jsse.jar:/usr/lib/jvm/java-8-openjdk/jre/lib/jce.jar:/usr/lib/jvm/java-8-openjdk/jre/lib/charsets.jar:/usr/lib/jvm/java-8-openjdk/jre/lib/ext/nashorn.jar:/usr/lib/jvm/java-8-openjdk/jre/lib/ext/sunec.jar:/usr/lib/jvm/java-8-openjdk/jre/lib/ext/zipfs.jar:/usr/lib/jvm/java-8-openjdk/jre/lib/ext/jaccess.jar:/usr/lib/jvm/java-8-openjdk/jre/lib/ext/dnsns.jar:/usr/lib/jvm/java-8-openjdk/jre/lib/ext/localedata.jar:/usr/lib/jvm/java-8-openjdk/jre/lib/ext/sunjce_provider.jar:/usr/lib/jvm/java-8-openjdk/jre/lib/ext/sunpkcs11.jar:/usr/lib/jvm/java-8-openjdk/jre/lib/ext/cldrdata.jar:/home/mark/Documents/Programming/Java/Eclipse/graphics-demos/bin:/home/mark/Documents/Programming/Java/Eclipse/graphics-demos/lib/lwjgl/lwjgl/lwjgl-natives-linux.jar:/home/mark/Documents/Programming/Java/Eclipse/graphics-demos/lib/lwjgl/lwjgl/lwjgl-natives-macos.jar:/home/mark/Documents/Programming/Java/Eclipse/graphics-demos/lib/lwjgl/lwjgl/lwjgl-natives-windows.jar:/home/mark/Documents/Programming/Java/Eclipse/graphics-demos/lib/lwjgl/lwjgl/lwjgl.jar:/home/mark/Documents/Programming/Java/Eclipse/graphics-demos/lib/lwjgl/lwjgl-glfw/lwjgl-glfw-natives-linux.jar:/home/mark/Documents/Programming/Java/Eclipse/graphics-demos/lib/lwjgl/lwjgl-glfw/lwjgl-glfw-natives-macos.jar:/home/mark/Documents/Programming/Java/Eclipse/graphics-demos/lib/lwjgl/lwjgl-glfw/lwjgl-glfw-natives-windows.jar:/home/mark/Documents/Programming/Java/Eclipse/graphics-demos/lib/lwjgl/lwjgl-glfw/lwjgl-glfw.jar:/home/mark/Documents/Programming/Java/Eclipse/graphics-demos/lib/lwjgl/lwjgl-openal/lwjgl-openal-natives-linux.jar:/home/mark/Documents/Programming/Java/Eclipse/graphics-demos/lib/lwjgl/lwjgl-openal/lwjgl-openal-natives-macos.jar:/home/mark/Documents/Programming/Java/Eclipse/graphics-demos/lib/lwjgl/lwjgl-openal/lwjgl-openal-natives-windows.jar:/home/mark/Documents/Program
Launcher Type: SUN_STANDARD

Environment Variables:
PATH=/usr/local/sbin:/usr/local/bin:/usr/bin:/home/mark/.gem/ruby/2.5.0/bin:/usr/lib/jvm/default/bin:/usr/bin/site_perl:/usr/bin/vendor_perl:/usr/bin/core_perl
SHELL=/bin/zsh
DISPLAY=:0

Signal Handlers:
SIGSEGV: [libjvm.so+0xaac6c0], sa_mask[0]=11111111011111111101111111111110, sa_flags=SA_RESTART|SA_SIGINFO
SIGBUS: [libjvm.so+0xaac6c0], sa_mask[0]=11111111011111111101111111111110, sa_flags=SA_RESTART|SA_SIGINFO
SIGFPE: [libjvm.so+0x8e2e80], sa_mask[0]=11111111011111111101111111111110, sa_flags=SA_RESTART|SA_SIGINFO
SIGPIPE: [libjvm.so+0x8e2e80], sa_mask[0]=11111111011111111101111111111110, sa_flags=SA_RESTART|SA_SIGINFO
SIGXFSZ: [libjvm.so+0x8e2e80], sa_mask[0]=11111111011111111101111111111110, sa_flags=SA_RESTART|SA_SIGINFO
SIGILL: [libjvm.so+0x8e2e80], sa_mask[0]=11111111011111111101111111111110, sa_flags=SA_RESTART|SA_SIGINFO
SIGUSR1: SIG_DFL, sa_mask[0]=00000000000000000000000000000000, sa_flags=none
SIGUSR2: [libjvm.so+0x8e2d30], sa_mask[0]=00100000000000000000000000000000, sa_flags=SA_RESTART|SA_SIGINFO
SIGHUP: [libjvm.so+0x8e31e0], sa_mask[0]=11111111011111111101111111111110, sa_flags=SA_RESTART|SA_SIGINFO
SIGINT: [libjvm.so+0x8e31e0], sa_mask[0]=11111111011111111101111111111110, sa_flags=SA_RESTART|SA_SIGINFO
SIGTERM: [libjvm.so+0x8e31e0], sa_mask[0]=11111111011111111101111111111110, sa_flags=SA_RESTART|SA_SIGINFO
SIGQUIT: [libjvm.so+0x8e31e0], sa_mask[0]=11111111011111111101111111111110, sa_flags=SA_RESTART|SA_SIGINFO


---------------  S Y S T E M  ---------------

OS:NAME="Arch Linux"
PRETTY_NAME="Arch Linux"
ID=arch
ID_LIKE=archlinux
ANSI_COLOR="0;36"
HOME_URL="https://www.archlinux.org/"
SUPPORT_URL="https://bbs.archlinux.org/"
BUG_REPORT_URL="https://bugs.archlinux.org/"

uname:Linux 4.17.6-1-ARCH #1 SMP PREEMPT Wed Jul 11 19:14:29 UTC 2018 x86_64
libc:glibc 2.27 NPTL 2.27 
rlimit: STACK 8192k, CORE infinity, NPROC 63525, NOFILE 4096, AS infinity
load average:2.02 2.23 1.09

/proc/meminfo:
MemTotal:       16419880 kB
MemFree:         9850540 kB
MemAvailable:   11377200 kB
Buffers:              40 kB
Cached:          2064120 kB
SwapCached:         1020 kB
Active:          3351480 kB
Inactive:        2770632 kB
Active(anon):    3117372 kB
Inactive(anon):  1255768 kB
Active(file):     234108 kB
Inactive(file):  1514864 kB
Unevictable:           0 kB
Mlocked:               0 kB
SwapTotal:       2097148 kB
SwapFree:        2082556 kB
Dirty:              1680 kB
Writeback:             0 kB
AnonPages:       4058080 kB
Mapped:           542424 kB
Shmem:            330120 kB
Slab:             168596 kB
SReclaimable:      58180 kB
SUnreclaim:       110416 kB
KernelStack:       13632 kB
PageTables:        31116 kB
NFS_Unstable:          0 kB
Bounce:                0 kB
WritebackTmp:          0 kB
CommitLimit:    10307088 kB
Committed_AS:    8110520 kB
VmallocTotal:   34359738367 kB
VmallocUsed:           0 kB
VmallocChunk:          0 kB
HardwareCorrupted:     0 kB
AnonHugePages:         0 kB
ShmemHugePages:        0 kB
ShmemPmdMapped:        0 kB
HugePages_Total:       0
HugePages_Free:        0
HugePages_Rsvd:        0
HugePages_Surp:        0
Hugepagesize:       2048 kB
Hugetlb:               0 kB
DirectMap4k:      879492 kB
DirectMap2M:    13727744 kB
DirectMap1G:     3145728 kB


CPU:total 16 (initial active 16) (16 cores per cpu, 1 threads per core) family 23 model 8 stepping 2, cmov, cx8, fxsr, mmx, sse, sse2, sse3, ssse3, sse4.1, sse4.2, popcnt, avx, avx2, aes, clmul, mmxext, 3dnowpref, lzcnt, sse4a, tsc, tscinvbit, tscinv, bmi1

/proc/cpuinfo:
processor	: 0
vendor_id	: AuthenticAMD
cpu family	: 23
model		: 8
model name	: AMD Ryzen 7 2700X Eight-Core Processor
stepping	: 2
microcode	: 0x8008206
cpu MHz		: 2119.755
cache size	: 512 KB
physical id	: 0
siblings	: 16
core id		: 0
cpu cores	: 8
apicid		: 0
initial apicid	: 0
fpu		: yes
fpu_exception	: yes
cpuid level	: 13
wp		: yes
flags		: fpu vme de pse tsc msr pae mce cx8 apic sep mtrr pge mca cmov pat pse36 clflush mmx fxsr sse sse2 ht syscall nx mmxext fxsr_opt pdpe1gb rdtscp lm constant_tsc rep_good nopl nonstop_tsc cpuid extd_apicid aperfmperf pni pclmulqdq monitor ssse3 fma cx16 sse4_1 sse4_2 movbe popcnt aes xsave avx f16c rdrand lahf_lm cmp_legacy svm extapic cr8_legacy abm sse4a misalignsse 3dnowprefetch osvw skinit wdt tce topoext perfctr_core perfctr_nb bpext perfctr_llc mwaitx cpb hw_pstate sme ssbd sev ibpb vmmcall fsgsbase bmi1 avx2 smep bmi2 rdseed adx smap clflushopt sha_ni xsaveopt xsavec xgetbv1 xsaves clzero irperf xsaveerptr arat npt lbrv svm_lock nrip_save tsc_scale vmcb_clean flushbyasid decodeassists pausefilter pfthreshold avic v_vmsave_vmload vgif overflow_recov succor smca
bugs		: sysret_ss_attrs null_seg spectre_v1 spectre_v2 spec_store_bypass
bogomips	: 7388.86
TLB size	: 2560 4K pages
clflush size	: 64
cache_alignment	: 64
address sizes	: 43 bits physical, 48 bits virtual
power management: ts ttp tm hwpstate cpb eff_freq_ro [13] [14]

processor	: 1
vendor_id	: AuthenticAMD
cpu family	: 23
model		: 8
model name	: AMD Ryzen 7 2700X Eight-Core Processor
stepping	: 2
microcode	: 0x8008206
cpu MHz		: 2119.811
cache size	: 512 KB
physical id	: 0
siblings	: 16
core id		: 0
cpu cores	: 8
apicid		: 1
initial apicid	: 1
fpu		: yes
fpu_exception	: yes
cpuid level	: 13
wp		: yes
flags		: fpu vme de pse tsc msr pae mce cx8 apic sep mtrr pge mca cmov pat pse36 clflush mmx fxsr sse sse2 ht syscall nx mmxext fxsr_opt pdpe1gb rdtscp lm constant_tsc rep_good nopl nonstop_tsc cpuid extd_apicid aperfmperf pni pclmulqdq monitor ssse3 fma cx16 sse4_1 sse4_2 movbe popcnt aes xsave avx f16c rdrand lahf_lm cmp_legacy svm extapic cr8_legacy abm sse4a misalignsse 3dnowprefetch osvw skinit wdt tce topoext perfctr_core perfctr_nb bpext perfctr_llc mwaitx cpb hw_pstate sme ssbd sev ibpb vmmcall fsgsbase bmi1 avx2 smep bmi2 rdseed adx smap clflushopt sha_ni xsaveopt xsavec xgetbv1 xsaves clzero irperf xsaveerptr arat npt lbrv svm_lock nrip_save tsc_scale vmcb_clean flushbyasid decodeassists pausefilter pfthreshold avic v_vmsave_vmload vgif overflow_recov succor smca
bugs		: sysret_ss_attrs null_seg spectre_v1 spectre_v2 spec_store_bypass
bogomips	: 7388.86
TLB size	: 2560 4K pages
clflush size	: 64
cache_alignment	: 64
address sizes	: 43 bits physical, 48 bits virtual
power management: ts ttp tm hwpstate cpb eff_freq_ro [13] [14]

processor	: 2
vendor_id	: AuthenticAMD
cpu family	: 23
model		: 8
model name	: AMD Ryzen 7 2700X Eight-Core Processor
stepping	: 2
microcode	: 0x8008206
cpu MHz		: 4244.231
cache size	: 512 KB
physical id	: 0
siblings	: 16
core id		: 1
cpu cores	: 8
apicid		: 2
initial apicid	: 2
fpu		: yes
fpu_exception	: yes
cpuid level	: 13
wp		: yes
flags		: fpu vme de pse tsc msr pae mce cx8 apic sep mtrr pge mca cmov pat pse36 clflush mmx fxsr sse sse2 ht syscall nx mmxext fxsr_opt pdpe1gb rdtscp lm constant_tsc rep_good nopl nonstop_tsc cpuid extd_apicid aperfmperf pni pclmulqdq monitor ssse3 fma cx16 sse4_1 sse4_2 movbe popcnt aes xsave avx f16c rdrand lahf_lm cmp_legacy svm extapic cr8_legacy abm sse4a misalignsse 3dnowprefetch osvw skinit wdt tce topoext perfctr_core perfctr_nb bpext perfctr_llc mwaitx cpb hw_pstate sme ssbd sev ibpb vmmcall fsgsbase bmi1 avx2 smep bmi2 rdseed adx smap clflushopt sha_ni xsaveopt xsavec xgetbv1 xsaves clzero irperf xsaveerptr arat npt lbrv svm_lock nrip_save tsc_scale vmcb_clean flushbyasid decodeassists pausefilter pfthreshold avic v_vmsave_vmload vgif overflow_recov succor smca
bugs		: sysret_ss_attrs null_seg spectre_v1 spectre_v2 spec_store_bypass
bogomips	: 7388.86
TLB size	: 2560 4K pages
clflush size	: 64
cache_alignment	: 64
address sizes	: 43 bits physical, 48 bits virtual
power management: ts ttp tm hwpstate cpb eff_freq_ro [13] [14]

processor	: 3
vendor_id	: AuthenticAMD
cpu family	: 23
model		: 8
model name	: AMD Ryzen 7 2700X Eight-Core Processor
stepping	: 2
microcode	: 0x8008206
cpu MHz		: 4240.567
cache size	: 512 KB
physical id	: 0
siblings	: 16
core id		: 1
cpu cores	: 8
apicid		: 3
initial apicid	: 3
fpu		: yes
fpu_exception	: yes
cpuid level	: 13
wp		: yes
flags		: fpu vme de pse tsc msr pae mce cx8 apic sep mtrr pge mca cmov pat pse36 clflush mmx fxsr sse sse2 ht syscall nx mmxext fxsr_opt pdpe1gb rdtscp lm constant_tsc rep_good nopl nonstop_tsc cpuid extd_apicid aperfmperf pni pclmulqdq monitor ssse3 fma cx16 sse4_1 sse4_2 movbe popcnt aes xsave avx f16c rdrand lahf_lm cmp_legacy svm extapic cr8_legacy abm sse4a misalignsse 3dnowprefetch osvw skinit wdt tce topoext perfctr_core perfctr_nb bpext perfctr_llc mwaitx cpb hw_pstate sme ssbd sev ibpb vmmcall fsgsbase bmi1 avx2 smep bmi2 rdseed adx smap clflushopt sha_ni xsaveopt xsavec xgetbv1 xsaves clzero irperf xsaveerptr arat npt lbrv svm_lock nrip_save tsc_scale vmcb_clean flushbyasid decodeassists pausefilter pfthreshold avic v_vmsave_vmload vgif overflow_recov succor smca
bugs		: sysret_ss_attrs null_seg spectre_v1 spectre_v2 spec_store_bypass
bogomips	: 7388.86
TLB size	: 2560 4K pages
clflush size	: 64
cache_alignment	: 64
address sizes	: 43 bits physical, 48 bits virtual
power management: ts ttp tm hwpstate cpb eff_freq_ro [13] [14]

processor	: 4
vendor_id	: AuthenticAMD
cpu family	: 23
model		: 8
model name	: AMD Ryzen 7 2700X Eight-Core Processor
stepping	: 2
microcode	: 0x8008206
cpu MHz		: 4241.864
cache size	: 512 KB
physical id	: 0
siblings	: 16
core id		: 2
cpu cores	: 8
apicid		: 4
initial apicid	: 4
fpu		: yes
fpu_exception	: yes
cpuid level	: 13
wp		: yes
flags		: fpu vme de pse tsc msr pae mce cx8 apic sep mtrr pge mca cmov pat pse36 clflush mmx fxsr sse sse2 ht syscall nx mmxext fxsr_opt pdpe1gb rdtscp lm constant_tsc rep_good nopl nonstop_tsc cpuid extd_apicid aperfmperf pni pclmulqdq monitor ssse3 fma cx16 sse4_1 sse4_2 movbe popcnt aes xsave avx f16c rdrand lahf_lm cmp_legacy svm extapic cr8_legacy abm sse4a misalignsse 3dnowprefetch osvw skinit wdt tce topoext perfctr_core perfctr_nb bpext perfctr_llc mwaitx cpb hw_pstate sme ssbd sev ibpb vmmcall fsgsbase bmi1 avx2 smep bmi2 rdseed adx smap clflushopt sha_ni xsaveopt xsavec xgetbv1 xsaves clzero irperf xsaveerptr arat npt lbrv svm_lock nrip_save tsc_scale vmcb_clean flushbyasid decodeassists pausefilter pfthreshold avic v_vmsave_vmload vgif overflow_recov succor smca
bugs		: sysret_ss_attrs null_seg spectre_v1 spectre_v2 spec_store_bypass
bogomips	: 7388.86
TLB size	: 2560 4K pages
clflush size	: 64
cache_alignment	: 64
address sizes	: 43 bits physical, 48 bits virtual
power management: ts ttp tm hwpstate cpb eff_freq_ro [13] [14]

processor	: 5
vendor_id	: AuthenticAMD
cpu family	: 23
model		: 8
model name	: AMD Ryzen 7 2700X Eight-Core Processor
stepping	: 2
microcode	: 0x8008206
cpu MHz		: 4241.057
cache size	: 512 KB
physical id	: 0
siblings	: 16
core id		: 2
cpu cores	: 8
apicid		: 5
initial apicid	: 5
fpu		: yes
fpu_exception	: yes
cpuid level	: 13
wp		: yes
flags		: fpu vme de pse tsc msr pae mce cx8 apic sep mtrr pge mca cmov pat pse36 clflush mmx fxsr sse sse2 ht syscall nx mmxext fxsr_opt pdpe1gb rdtscp lm constant_tsc rep_good nopl nonstop_tsc cpuid extd_apicid aperfmperf pni pclmulqdq monitor ssse3 fma cx16 sse4_1 sse4_2 movbe popcnt aes xsave avx f16c rdrand lahf_lm cmp_legacy svm extapic cr8_legacy abm sse4a misalignsse 3dnowprefetch osvw skinit wdt tce topoext perfctr_core perfctr_nb bpext perfctr_llc mwaitx cpb hw_pstate sme ssbd sev ibpb vmmcall fsgsbase bmi1 avx2 smep bmi2 rdseed adx smap clflushopt sha_ni xsaveopt xsavec xgetbv1 xsaves clzero irperf xsaveerptr arat npt lbrv svm_lock nrip_save tsc_scale vmcb_clean flushbyasid decodeassists pausefilter pfthreshold avic v_vmsave_vmload vgif overflow_recov succor smca
bugs		: sysret_ss_attrs null_seg spectre_v1 spectre_v2 spec_store_bypass
bogomips	: 7388.86
TLB size	: 2560 4K pages
clflush size	: 64
cache_alignment	: 64
address sizes	: 43 bits physical, 48 bits virtual
power management: ts ttp tm hwpstate cpb eff_freq_ro [13] [14]

processor	: 6
vendor_id	: AuthenticAMD
cpu family	: 23
model		: 8
model name	: AMD Ryzen 7 2700X Eight-Core Processor
stepping	: 2
microcode	: 0x8008206
cpu MHz		: 2123.602
cache size	: 512 KB
physical id	: 0
siblings	: 16
core id		: 3
cpu cores	: 8
apicid		: 6
initial apicid	: 6
fpu		: yes
fpu_exception	: yes
cpuid level	: 13
wp		: yes
flags		: fpu vme de pse tsc msr pae mce cx8 apic sep mtrr pge mca cmov pat pse36 clflush mmx fxsr sse sse2 ht syscall nx mmxext fxsr_opt pdpe1gb rdtscp lm constant_tsc rep_good nopl nonstop_tsc cpuid extd_apicid aperfmperf pni pclmulqdq monitor ssse3 fma cx16 sse4_1 sse4_2 movbe popcnt aes xsave avx f16c rdrand lahf_lm cmp_legacy svm extapic cr8_legacy abm sse4a misalignsse 3dnowprefetch osvw skinit wdt tce topoext perfctr_core perfctr_nb bpext perfctr_llc mwaitx cpb hw_pstate sme ssbd sev ibpb vmmcall fsgsbase bmi1 avx2 smep bmi2 rdseed adx smap clflushopt sha_ni xsaveopt xsavec xgetbv1 xsaves clzero irperf xsaveerptr arat npt lbrv svm_lock nrip_save tsc_scale vmcb_clean flushbyasid decodeassists pausefilter pfthreshold avic v_vmsave_vmload vgif overflow_recov succor smca
bugs		: sysret_ss_attrs null_seg spectre_v1 spectre_v2 spec_store_bypass
bogomips	: 7388.86
TLB size	: 2560 4K pages
clflush size	: 64
cache_alignment	: 64
address sizes	: 43 bits physical, 48 bits virtual
power management: ts ttp tm hwpstate cpb eff_freq_ro [13] [14]

processor	: 7
vendor_id	: AuthenticAMD
cpu family	: 23
model		: 8
model name	: AMD Ryzen 7 2700X Eight-Core Processor
stepping	: 2
microcode	: 0x8008206
cpu MHz		: 2121.393
cache size	: 512 KB
physical id	: 0
siblings	: 16
core id		: 3
cpu cores	: 8
apicid		: 7
initial apicid	: 7
fpu		: yes
fpu_exception	: yes
cpuid level	: 13
wp		: yes
flags		: fpu vme de pse tsc msr pae mce cx8 apic sep mtrr pge mca cmov pat pse36 clflush mmx fxsr sse sse2 ht syscall nx mmxext fxsr_opt pdpe1gb rdtscp lm constant_tsc rep_good nopl nonstop_tsc cpuid extd_apicid aperfmperf pni pclmulqdq monitor ssse3 fma cx16 sse4_1 sse4_2 movbe popcnt aes xsave avx f16c rdrand lahf_lm cmp_legacy svm extapic cr8_legacy abm sse4a misalignsse 3dnowprefetch osvw skinit wdt tce topoext perfctr_core perfctr_nb bpext perfctr_llc mwaitx cpb hw_pstate sme ssbd sev ibpb vmmcall fsgsbase bmi1 avx2 smep bmi2 rdseed adx smap clflushopt sha_ni xsaveopt xsavec xgetbv1 xsaves clzero irperf xsaveerptr arat npt lbrv svm_lock nrip_save tsc_scale vmcb_clean flushbyasid decodeassists pausefilter pfthreshold avic v_vmsave_vmload vgif overflow_recov succor smca
bugs		: sysret_ss_attrs null_seg spectre_v1 spectre_v2 spec_store_bypass
bogomips	: 7388.86
TLB size	: 2560 4K pages
clflush size	: 64
cache_alignment	: 64
address sizes	: 43 bits physical, 48 bits virtual
power management: ts ttp tm hwpstate cpb eff_freq_ro [13] [14]

processor	: 8
vendor_id	: AuthenticAMD
cpu family	: 23
model		: 8
model name	: AMD Ryzen 7 2700X Eight-Core Processor
stepping	: 2
microcode	: 0x8008206
cpu MHz		: 2134.810
cache size	: 512 KB
physical id	: 0
siblings	: 16
core id		: 4
cpu cores	: 8
apicid		: 8
initial apicid	: 8
fpu		: yes
fpu_exception	: yes
cpuid level	: 13
wp		: yes
flags		: fpu vme de pse tsc msr pae mce cx8 apic sep mtrr pge mca cmov pat pse36 clflush mmx fxsr sse sse2 ht syscall nx mmxext fxsr_opt pdpe1gb rdtscp lm constant_tsc rep_good nopl nonstop_tsc cpuid extd_apicid aperfmperf pni pclmulqdq monitor ssse3 fma cx16 sse4_1 sse4_2 movbe popcnt aes xsave avx f16c rdrand lahf_lm cmp_legacy svm extapic cr8_legacy abm sse4a misalignsse 3dnowprefetch osvw skinit wdt tce topoext perfctr_core perfctr_nb bpext perfctr_llc mwaitx cpb hw_pstate sme ssbd sev ibpb vmmcall fsgsbase bmi1 avx2 smep bmi2 rdseed adx smap clflushopt sha_ni xsaveopt xsavec xgetbv1 xsaves clzero irperf xsaveerptr arat npt lbrv svm_lock nrip_save tsc_scale vmcb_clean flushbyasid decodeassists pausefilter pfthreshold avic v_vmsave_vmload vgif overflow_recov succor smca
bugs		: sysret_ss_attrs null_seg spectre_v1 spectre_v2 spec_store_bypass
bogomips	: 7388.86
TLB size	: 2560 4K pages
clflush size	: 64
cache_alignment	: 64
address sizes	: 43 bits physical, 48 bits virtual
power management: ts ttp tm hwpstate cpb eff_freq_ro [13] [14]

processor	: 9
vendor_id	: AuthenticAMD
cpu family	: 23
model		: 8
model name	: AMD Ryzen 7 2700X Eight-Core Processor
stepping	: 2
microcode	: 0x8008206
cpu MHz		: 2150.374
cache size	: 512 KB
physical id	: 0
siblings	: 16
core id		: 4
cpu cores	: 8
apicid		: 9
initial apicid	: 9
fpu		: yes
fpu_exception	: yes
cpuid level	: 13
wp		: yes
flags		: fpu vme de pse tsc msr pae mce cx8 apic sep mtrr pge mca cmov pat pse36 clflush mmx fxsr sse sse2 ht syscall nx mmxext fxsr_opt pdpe1gb rdtscp lm constant_tsc rep_good nopl nonstop_tsc cpuid extd_apicid aperfmperf pni pclmulqdq monitor ssse3 fma cx16 sse4_1 sse4_2 movbe popcnt aes xsave avx f16c rdrand lahf_lm cmp_legacy svm extapic cr8_legacy abm sse4a misalignsse 3dnowprefetch osvw skinit wdt tce topoext perfctr_core perfctr_nb bpext perfctr_llc mwaitx cpb hw_pstate sme ssbd sev ibpb vmmcall fsgsbase bmi1 avx2 smep bmi2 rdseed adx smap clflushopt sha_ni xsaveopt xsavec xgetbv1 xsaves clzero irperf xsaveerptr arat npt lbrv svm_lock nrip_save tsc_scale vmcb_clean flushbyasid decodeassists pausefilter pfthreshold avic v_vmsave_vmload vgif overflow_recov succor smca
bugs		: sysret_ss_attrs null_seg spectre_v1 spectre_v2 spec_store_bypass
bogomips	: 7388.86
TLB size	: 2560 4K pages
clflush size	: 64
cache_alignment	: 64
address sizes	: 43 bits physical, 48 bits virtual
power management: ts ttp tm hwpstate cpb eff_freq_ro [13] [14]

processor	: 10
vendor_id	: AuthenticAMD
cpu family	: 23
model		: 8
model name	: AMD Ryzen 7 2700X Eight-Core Processor
stepping	: 2
microcode	: 0x8008206
cpu MHz		: 3119.127
cache size	: 512 KB
physical id	: 0
siblings	: 16
core id		: 5
cpu cores	: 8
apicid		: 10
initial apicid	: 10
fpu		: yes
fpu_exception	: yes
cpuid level	: 13
wp		: yes
flags		: fpu vme de pse tsc msr pae mce cx8 apic sep mtrr pge mca cmov pat pse36 clflush mmx fxsr sse sse2 ht syscall nx mmxext fxsr_opt pdpe1gb rdtscp lm constant_tsc rep_good nopl nonstop_tsc cpuid extd_apicid aperfmperf pni pclmulqdq monitor ssse3 fma cx16 sse4_1 sse4_2 movbe popcnt aes xsave avx f16c rdrand lahf_lm cmp_legacy svm extapic cr8_legacy abm sse4a misalignsse 3dnowprefetch osvw skinit wdt tce topoext perfctr_core perfctr_nb bpext perfctr_llc mwaitx cpb hw_pstate sme ssbd sev ibpb vmmcall fsgsbase bmi1 avx2 smep bmi2 rdseed adx smap clflushopt sha_ni xsaveopt xsavec xgetbv1 xsaves clzero irperf xsaveerptr arat npt lbrv svm_lock nrip_save tsc_scale vmcb_clean flushbyasid decodeassists pausefilter pfthreshold avic v_vmsave_vmload vgif overflow_recov succor smca
bugs		: sysret_ss_attrs null_seg spectre_v1 spectre_v2 spec_store_bypass
bogomips	: 7388.86
TLB size	: 2560 4K pages
clflush size	: 64
cache_alignment	: 64
address sizes	: 43 bits physical, 48 bits virtual
power management: ts ttp tm hwpstate cpb eff_freq_ro [13] [14]

processor	: 11
vendor_id	: AuthenticAMD
cpu family	: 23
model		: 8
model name	: AMD Ryzen 7 2700X Eight-Core Processor
stepping	: 2
microcode	: 0x8008206
cpu MHz		: 2148.537
cache size	: 512 KB
physical id	: 0
siblings	: 16
core id		: 5
cpu cores	: 8
apicid		: 11
initial apicid	: 11
fpu		: yes
fpu_exception	: yes
cpuid level	: 13
wp		: yes
flags		: fpu vme de pse tsc msr pae mce cx8 apic sep mtrr pge mca cmov pat pse36 clflush mmx fxsr sse sse2 ht syscall nx mmxext fxsr_opt pdpe1gb rdtscp lm constant_tsc rep_good nopl nonstop_tsc cpuid extd_apicid aperfmperf pni pclmulqdq monitor ssse3 fma cx16 sse4_1 sse4_2 movbe popcnt aes xsave avx f16c rdrand lahf_lm cmp_legacy svm extapic cr8_legacy abm sse4a misalignsse 3dnowprefetch osvw skinit wdt tce topoext perfctr_core perfctr_nb bpext perfctr_llc mwaitx cpb hw_pstate sme ssbd sev ibpb vmmcall fsgsbase bmi1 avx2 smep bmi2 rdseed adx smap clflushopt sha_ni xsaveopt xsavec xgetbv1 xsaves clzero irperf xsaveerptr arat npt lbrv svm_lock nrip_save tsc_scale vmcb_clean flushbyasid decodeassists pausefilter pfthreshold avic v_vmsave_vmload vgif overflow_recov succor smca
bugs		: sysret_ss_attrs null_seg spectre_v1 spectre_v2 spec_store_bypass
bogomips	: 7388.86
TLB size	: 2560 4K pages
clflush size	: 64
cache_alignment	: 64
address sizes	: 43 bits physical, 48 bits virtual
power management: ts ttp tm hwpstate cpb eff_freq_ro [13] [14]

processor	: 12
vendor_id	: AuthenticAMD
cpu family	: 23
model		: 8
model name	: AMD Ryzen 7 2700X Eight-Core Processor
stepping	: 2
microcode	: 0x8008206
cpu MHz		: 3170.490
cache size	: 512 KB
physical id	: 0
siblings	: 16
core id		: 6
cpu cores	: 8
apicid		: 12
initial apicid	: 12
fpu		: yes
fpu_exception	: yes
cpuid level	: 13
wp		: yes
flags		: fpu vme de pse tsc msr pae mce cx8 apic sep mtrr pge mca cmov pat pse36 clflush mmx fxsr sse sse2 ht syscall nx mmxext fxsr_opt pdpe1gb rdtscp lm constant_tsc rep_good nopl nonstop_tsc cpuid extd_apicid aperfmperf pni pclmulqdq monitor ssse3 fma cx16 sse4_1 sse4_2 movbe popcnt aes xsave avx f16c rdrand lahf_lm cmp_legacy svm extapic cr8_legacy abm sse4a misalignsse 3dnowprefetch osvw skinit wdt tce topoext perfctr_core perfctr_nb bpext perfctr_llc mwaitx cpb hw_pstate sme ssbd sev ibpb vmmcall fsgsbase bmi1 avx2 smep bmi2 rdseed adx smap clflushopt sha_ni xsaveopt xsavec xgetbv1 xsaves clzero irperf xsaveerptr arat npt lbrv svm_lock nrip_save tsc_scale vmcb_clean flushbyasid decodeassists pausefilter pfthreshold avic v_vmsave_vmload vgif overflow_recov succor smca
bugs		: sysret_ss_attrs null_seg spectre_v1 spectre_v2 spec_store_bypass
bogomips	: 7388.86
TLB size	: 2560 4K pages
clflush size	: 64
cache_alignment	: 64
address sizes	: 43 bits physical, 48 bits virtual
power management: ts ttp tm hwpstate cpb eff_freq_ro [13] [14]

processor	: 13
vendor_id	: AuthenticAMD
cpu family	: 23
model		: 8
model name	: AMD Ryzen 7 2700X Eight-Core Processor
stepping	: 2
microcode	: 0x8008206
cpu MHz		: 2353.343
cache size	: 512 KB
physical id	: 0
siblings	: 16
core id		: 6
cpu cores	: 8
apicid		: 13
initial apicid	: 13
fpu		: yes
fpu_exception	: yes
cpuid level	: 13
wp		: yes
flags		: fpu vme de pse tsc msr pae mce cx8 apic sep mtrr pge mca cmov pat pse36 clflush mmx fxsr sse sse2 ht syscall nx mmxext fxsr_opt pdpe1gb rdtscp lm constant_tsc rep_good nopl nonstop_tsc cpuid extd_apicid aperfmperf pni pclmulqdq monitor ssse3 fma cx16 sse4_1 sse4_2 movbe popcnt aes xsave avx f16c rdrand lahf_lm cmp_legacy svm extapic cr8_legacy abm sse4a misalignsse 3dnowprefetch osvw skinit wdt tce topoext perfctr_core perfctr_nb bpext perfctr_llc mwaitx cpb hw_pstate sme ssbd sev ibpb vmmcall fsgsbase bmi1 avx2 smep bmi2 rdseed adx smap clflushopt sha_ni xsaveopt xsavec xgetbv1 xsaves clzero irperf xsaveerptr arat npt lbrv svm_lock nrip_save tsc_scale vmcb_clean flushbyasid decodeassists pausefilter pfthreshold avic v_vmsave_vmload vgif overflow_recov succor smca
bugs		: sysret_ss_attrs null_seg spectre_v1 spectre_v2 spec_store_bypass
bogomips	: 7388.86
TLB size	: 2560 4K pages
clflush size	: 64
cache_alignment	: 64
address sizes	: 43 bits physical, 48 bits virtual
power management: ts ttp tm hwpstate cpb eff_freq_ro [13] [14]

processor	: 14
vendor_id	: AuthenticAMD
cpu family	: 23
model		: 8
model name	: AMD Ryzen 7 2700X Eight-Core Processor
stepping	: 2
microcode	: 0x8008206
cpu MHz		: 2136.627
cache size	: 512 KB
physical id	: 0
siblings	: 16
core id		: 7
cpu cores	: 8
apicid		: 14
initial apicid	: 14
fpu		: yes
fpu_exception	: yes
cpuid level	: 13
wp		: yes
flags		: fpu vme de pse tsc msr pae mce cx8 apic sep mtrr pge mca cmov pat pse36 clflush mmx fxsr sse sse2 ht syscall nx mmxext fxsr_opt pdpe1gb rdtscp lm constant_tsc rep_good nopl nonstop_tsc cpuid extd_apicid aperfmperf pni pclmulqdq monitor ssse3 fma cx16 sse4_1 sse4_2 movbe popcnt aes xsave avx f16c rdrand lahf_lm cmp_legacy svm extapic cr8_legacy abm sse4a misalignsse 3dnowprefetch osvw skinit wdt tce topoext perfctr_core perfctr_nb bpext perfctr_llc mwaitx cpb hw_pstate sme ssbd sev ibpb vmmcall fsgsbase bmi1 avx2 smep bmi2 rdseed adx smap clflushopt sha_ni xsaveopt xsavec xgetbv1 xsaves clzero irperf xsaveerptr arat npt lbrv svm_lock nrip_save tsc_scale vmcb_clean flushbyasid decodeassists pausefilter pfthreshold avic v_vmsave_vmload vgif overflow_recov succor smca
bugs		: sysret_ss_attrs null_seg spectre_v1 spectre_v2 spec_store_bypass
bogomips	: 7388.86
TLB size	: 2560 4K pages
clflush size	: 64
cache_alignment	: 64
address sizes	: 43 bits physical, 48 bits virtual
power management: ts ttp tm hwpstate cpb eff_freq_ro [13] [14]

processor	: 15
vendor_id	: AuthenticAMD
cpu family	: 23
model		: 8
model name	: AMD Ryzen 7 2700X Eight-Core Processor
stepping	: 2
microcode	: 0x8008206
cpu MHz		: 2157.776
cache size	: 512 KB
physical id	: 0
siblings	: 16
core id		: 7
cpu cores	: 8
apicid		: 15
initial apicid	: 15
fpu		: yes
fpu_exception	: yes
cpuid level	: 13
wp		: yes
flags		: fpu vme de pse tsc msr pae mce cx8 apic sep mtrr pge mca cmov pat pse36 clflush mmx fxsr sse sse2 ht syscall nx mmxext fxsr_opt pdpe1gb rdtscp lm constant_tsc rep_good nopl nonstop_tsc cpuid extd_apicid aperfmperf pni pclmulqdq monitor ssse3 fma cx16 sse4_1 sse4_2 movbe popcnt aes xsave avx f16c rdrand lahf_lm cmp_legacy svm extapic cr8_legacy abm sse4a misalignsse 3dnowprefetch osvw skinit wdt tce topoext perfctr_core perfctr_nb bpext perfctr_llc mwaitx cpb hw_pstate sme ssbd sev ibpb vmmcall fsgsbase bmi1 avx2 smep bmi2 rdseed adx smap clflushopt sha_ni xsaveopt xsavec xgetbv1 xsaves clzero irperf xsaveerptr arat npt lbrv svm_lock nrip_save tsc_scale vmcb_clean flushbyasid decodeassists pausefilter pfthreshold avic v_vmsave_vmload vgif overflow_recov succor smca
bugs		: sysret_ss_attrs null_seg spectre_v1 spectre_v2 spec_store_bypass
bogomips	: 7388.86
TLB size	: 2560 4K pages
clflush size	: 64
cache_alignment	: 64
address sizes	: 43 bits physical, 48 bits virtual
power management: ts ttp tm hwpstate cpb eff_freq_ro [13] [14]



Memory: 4k page, physical 16419880k(9850540k free), swap 2097148k(2082556k free)

vm_info: OpenJDK 64-Bit Server VM (25.172-b11) for linux-amd64 JRE (1.8.0_172-b11), built on Apr 26 2018 02:09:23 by "builduser" with gcc 7.3.1 20180406

time: Wed Aug  1 21:07:00 2018
elapsed time: 1 seconds (0d 0h 0m 1s)

