#
# A fatal error has been detected by the Java Runtime Environment:
#
#  SIGSEGV (0xb) at pc=0x00007fc265f3e9c4, pid=8177, tid=0x00007fc266690700
#
# JRE version: OpenJDK Runtime Environment (8.0_172-b11) (build 1.8.0_172-b11)
# Java VM: OpenJDK 64-Bit Server VM (25.172-b11 mixed mode linux-amd64 compressed oops)
# Problematic frame:
# C  [liblwjgl.so+0x2f9c4]
#
# Core dump written. Default location: /home/mark/Documents/Programming/Java/Eclipse/graphics-demos/core or core.8177
#
# If you would like to submit a bug report, please visit:
#   http://bugreport.java.com/bugreport/crash.jsp
# The crash happened outside the Java Virtual Machine in native code.
# See problematic frame for where to report the bug.
#

---------------  T H R E A D  ---------------

Current thread (0x00007fc2b84d9000):  JavaThread "octree-example" [_thread_in_native, id=8222, stack(0x00007fc266590000,0x00007fc266691000)]

siginfo: si_signo: 11 (SIGSEGV), si_code: 1 (SEGV_MAPERR), si_addr: 0x0000000000000000

Registers:
RAX=0x00000000000000a5, RBX=0x00007fc2a6f35618, RCX=0x00007fc2bece6a07, RDX=0x00000000000000a5
RSP=0x00007fc26668f800, RBP=0x00007fc26668f858, RSI=0x00007fc2befb5710, RDI=0x0000000000000000
R8 =0x0000000000000000, R9 =0x0000000000000007, R10=0xfffffffffffff3c9, R11=0x0000000000000000
R12=0x0000000000000000, R13=0x00007fc2a6f35618, R14=0x00007fc26668f870, R15=0x00007fc2b84d9000
RIP=0x00007fc265f3e9c4, EFLAGS=0x0000000000010202, CSGSFS=0x002b000000000033, ERR=0x0000000000000004
  TRAPNO=0x000000000000000e

Top of Stack: (sp=0x00007fc26668f800)
0x00007fc26668f800:   00007fc26668f858 00007fc2a90201a8
0x00007fc26668f810:   00007fc2a901fbe2 00007fc26668f818
0x00007fc26668f820:   00007fc2a6f35618 00007fc26668f870
0x00007fc26668f830:   00007fc2a6f51b30 0000000000000000
0x00007fc26668f840:   00007fc2a6f35618 0000000000000000
0x00007fc26668f850:   00007fc26668f878 00007fc26668f8b8
0x00007fc26668f860:   00007fc2a900809d 000000077072d648
0x00007fc26668f870:   00007fc2a9016a78 00007fc26668f878
0x00007fc26668f880:   00007fc2a6c53c75 00007fc26668f8d0
0x00007fc26668f890:   00007fc2a6c5ec00 0000000000000000
0x00007fc26668f8a0:   00007fc2a6c53cb0 00007fc26668f878
0x00007fc26668f8b0:   00007fc26668f8c8 00007fc26668f918
0x00007fc26668f8c0:   00007fc2a900809d 0000000000200000
0x00007fc26668f8d0:   0000000770690188 00007fc26668f8d8
0x00007fc26668f8e0:   00007fc2a6c53561 00007fc26668f9c0
0x00007fc26668f8f0:   00007fc2a6c5ec00 0000000000000000
0x00007fc26668f900:   00007fc2a6c53708 00007fc26668f8c8
0x00007fc26668f910:   00007fc26668f9c0 00007fc26668fa08
0x00007fc26668f920:   00007fc2a90080e2 0000000000000000
0x00007fc26668f930:   000000076f0e5a38 000000076f357710
0x00007fc26668f940:   0000000000000002 0000000000000001
0x00007fc26668f950:   0000000000000000 000000076ef70b48
0x00007fc26668f960:   0000000000000001 0000000000000001
0x00007fc26668f970:   0000000000200000 000000076ef604a0
0x00007fc26668f980:   000000076ef60418 000000076ef603e0
0x00007fc26668f990:   000000076ef5d3e0 00000006e38892d0
0x00007fc26668f9a0:   00000006df444e78 00000006c5aab4d0
0x00007fc26668f9b0:   000000076ef5d3d0 00000007706902e0
0x00007fc26668f9c0:   0000000770690188 00007fc26668f9c8
0x00007fc26668f9d0:   00007fc2a68401cb 00007fc26668fa18
0x00007fc26668f9e0:   00007fc2a68c9d20 0000000000000000
0x00007fc26668f9f0:   00007fc2a68401d8 00007fc26668f9c0 

Instructions: (pc=0x00007fc265f3e9c4)
0x00007fc265f3e9a4:   48 8b 05 4d 56 22 00 48 8d 3d a6 fa 00 00 ba a5
0x00007fc265f3e9b4:   00 00 00 be 01 00 00 00 48 8b 08 e8 6c 0a ff ff
0x00007fc265f3e9c4:   8b 04 25 00 00 00 00 0f 0b 0f 1f 00 48 89 d7 e9
0x00007fc265f3e9d4:   38 02 ff ff 0f 1f 84 00 00 00 00 00 48 89 ce 48 

Register to memory mapping:

RAX=0x00000000000000a5 is an unknown value
RBX={method} {0x00007fc2a6f35618} 'glLoadIdentity' '()V' in 'org/lwjgl/opengl/GL11'
RCX=0x00007fc2bece6a07: __write+0x47 in /usr/lib/libc.so.6 at 0x00007fc2bebfd000
RDX=0x00000000000000a5 is an unknown value
RSP=0x00007fc26668f800 is pointing into the stack for thread: 0x00007fc2b84d9000
RBP=0x00007fc26668f858 is pointing into the stack for thread: 0x00007fc2b84d9000
RSI=0x00007fc2befb5710: <offset 0x3b8710> in /usr/lib/libc.so.6 at 0x00007fc2bebfd000
RDI=0x0000000000000000 is an unknown value
R8 =0x0000000000000000 is an unknown value
R9 =0x0000000000000007 is an unknown value
R10=0xfffffffffffff3c9 is an unknown value
R11=0x0000000000000000 is an unknown value
R12=0x0000000000000000 is an unknown value
R13={method} {0x00007fc2a6f35618} 'glLoadIdentity' '()V' in 'org/lwjgl/opengl/GL11'
R14=0x00007fc26668f870 is pointing into the stack for thread: 0x00007fc2b84d9000
R15=0x00007fc2b84d9000 is a thread


Stack: [0x00007fc266590000,0x00007fc266691000],  sp=0x00007fc26668f800,  free space=1022k
Native frames: (J=compiled Java code, j=interpreted, Vv=VM code, C=native code)
C  [liblwjgl.so+0x2f9c4]
j  gui.LWJGLExample.render(I)V+13
j  gui.LWJGLExample.run()V+729
j  java.lang.Thread.run()V+11
v  ~StubRoutines::call_stub
V  [libjvm.so+0x68121b]
V  [libjvm.so+0x67e8db]
V  [libjvm.so+0x67eec7]
V  [libjvm.so+0x6c187b]
V  [libjvm.so+0xa49553]
V  [libjvm.so+0xa498b8]
V  [libjvm.so+0x8e4c12]
C  [libpthread.so.0+0x7075]  start_thread+0xe5

Java frames: (J=compiled Java code, j=interpreted, Vv=VM code)
j  org.lwjgl.opengl.GL11.glLoadIdentity()V+0
j  gui.LWJGLExample.render(I)V+13
j  gui.LWJGLExample.run()V+729
j  java.lang.Thread.run()V+11
v  ~StubRoutines::call_stub

---------------  P R O C E S S  ---------------

Java Threads: ( => current thread )
  0x00007fc2b800f000 JavaThread "DestroyJavaVM" [_thread_blocked, id=8182, stack(0x00007fc2bf8e5000,0x00007fc2bf9e5000)]
=>0x00007fc2b84d9000 JavaThread "octree-example" [_thread_in_native, id=8222, stack(0x00007fc266590000,0x00007fc266691000)]
  0x00007fc2b8446800 JavaThread "Service Thread" daemon [_thread_blocked, id=8220, stack(0x00007fc266792000,0x00007fc266893000)]
  0x00007fc2b8442000 JavaThread "C1 CompilerThread11" daemon [_thread_blocked, id=8219, stack(0x00007fc266894000,0x00007fc266994000)]
  0x00007fc2b843f800 JavaThread "C1 CompilerThread10" daemon [_thread_blocked, id=8218, stack(0x00007fc266995000,0x00007fc266a95000)]
  0x00007fc2b843d800 JavaThread "C1 CompilerThread9" daemon [_thread_blocked, id=8217, stack(0x00007fc266a96000,0x00007fc266b96000)]
  0x00007fc2b843b800 JavaThread "C1 CompilerThread8" daemon [_thread_blocked, id=8216, stack(0x00007fc266b97000,0x00007fc266c97000)]
  0x00007fc2b84ec000 JavaThread "C2 CompilerThread7" daemon [_thread_blocked, id=8215, stack(0x00007fc266c98000,0x00007fc266d98000)]
  0x00007fc2b84ea000 JavaThread "C2 CompilerThread6" daemon [_thread_blocked, id=8214, stack(0x00007fc266d99000,0x00007fc266e99000)]
  0x00007fc2b84e8000 JavaThread "C2 CompilerThread5" daemon [_thread_blocked, id=8213, stack(0x00007fc266e9a000,0x00007fc266f9a000)]
  0x00007fc2b84e6000 JavaThread "C2 CompilerThread4" daemon [_thread_blocked, id=8212, stack(0x00007fc266f9b000,0x00007fc26709b000)]
  0x00007fc2b8438800 JavaThread "C2 CompilerThread3" daemon [_thread_blocked, id=8211, stack(0x00007fc26709c000,0x00007fc26719c000)]
  0x00007fc2b8436800 JavaThread "C2 CompilerThread2" daemon [_thread_blocked, id=8210, stack(0x00007fc26719d000,0x00007fc26729d000)]
  0x00007fc2b8431800 JavaThread "C2 CompilerThread1" daemon [_thread_blocked, id=8209, stack(0x00007fc26729e000,0x00007fc26739e000)]
  0x00007fc2b8434800 JavaThread "C2 CompilerThread0" daemon [_thread_blocked, id=8208, stack(0x00007fc26739f000,0x00007fc26749f000)]
  0x00007fc254001000 JavaThread "JDWP Command Reader" daemon [_thread_in_native, id=8206, stack(0x00007fc26749f000,0x00007fc2675a0000)]
  0x00007fc2b82c4000 JavaThread "JDWP Event Helper Thread" daemon [_thread_blocked, id=8203, stack(0x00007fc2675a0000,0x00007fc2676a1000)]
  0x00007fc2b82c0800 JavaThread "JDWP Transport Listener: dt_socket" daemon [_thread_blocked, id=8202, stack(0x00007fc2676a1000,0x00007fc2677a2000)]
  0x00007fc2b82b3800 JavaThread "Signal Dispatcher" daemon [_thread_blocked, id=8200, stack(0x00007fc2679a7000,0x00007fc267aa8000)]
  0x00007fc2b8281800 JavaThread "Finalizer" daemon [_thread_blocked, id=8199, stack(0x00007fc267aa8000,0x00007fc267ba9000)]
  0x00007fc2b827d000 JavaThread "Reference Handler" daemon [_thread_blocked, id=8198, stack(0x00007fc267ba9000,0x00007fc267caa000)]

Other Threads:
  0x00007fc2b8275800 VMThread [stack: 0x00007fc267cab000,0x00007fc267dab000] [id=8197]
  0x00007fc2b84fe000 WatcherThread [stack: 0x00007fc266692000,0x00007fc266792000] [id=8221]

VM state:not at safepoint (normal execution)

VM Mutex/Monitor currently owned by a thread: None

Heap:
 PSYoungGen      total 75264K, used 64776K [0x000000076c780000, 0x0000000771b80000, 0x00000007c0000000)
  eden space 64512K, 83% used [0x000000076c780000,0x000000076fc4a0c0,0x0000000770680000)
  from space 10752K, 99% used [0x0000000770680000,0x00000007710f8040,0x0000000771100000)
  to   space 10752K, 0% used [0x0000000771100000,0x0000000771100000,0x0000000771b80000)
 ParOldGen       total 591872K, used 564021K [0x00000006c5600000, 0x00000006e9800000, 0x000000076c780000)
  object space 591872K, 95% used [0x00000006c5600000,0x00000006e7ccd728,0x00000006e9800000)
 Metaspace       used 12332K, capacity 12565K, committed 12928K, reserved 1060864K
  class space    used 995K, capacity 1067K, committed 1152K, reserved 1048576K

Card table byte_map: [0x00007fc2a882a000,0x00007fc2a9000000] byte_map_base: 0x00007fc2a51ff000

Marking Bits: (ParMarkBitMap*) 0x00007fc2bebe0140
 Begin Bits: [0x00007fc2682b0000, 0x00007fc26c158000)
 End Bits:   [0x00007fc26c158000, 0x00007fc270000000)

Polling page: 0x00007fc2bfa24000

CodeCache: size=245760Kb used=6671Kb max_used=6677Kb free=239088Kb
 bounds [0x00007fc2a9000000, 0x00007fc2a9690000, 0x00007fc2b8000000]
 total_blobs=1979 nmethods=1051 adapters=849
 compilation: enabled

Compilation events (10 events):
Event: 1.357 Thread 0x00007fc2b8436800 nmethod 1045 0x00007fc2a9682990 code [0x00007fc2a9682ae0, 0x00007fc2a9682d18]
Event: 1.357 Thread 0x00007fc2b8438800 nmethod 1047 0x00007fc2a9682710 code [0x00007fc2a9682860, 0x00007fc2a96828e8]
Event: 1.357 Thread 0x00007fc2b843d800 nmethod 1046 0x00007fc2a96837d0 code [0x00007fc2a96839a0, 0x00007fc2a9683fa8]
Event: 1.361 Thread 0x00007fc2b843b800 1048       3       java.lang.ClassNotFoundException::<init> (7 bytes)
Event: 1.361 Thread 0x00007fc2b843b800 nmethod 1048 0x00007fc2a96832d0 code [0x00007fc2a9683440, 0x00007fc2a96836a8]
Event: 1.363 Thread 0x00007fc2b8442000 1049       3       java.lang.Class::reflectionData (49 bytes)
Event: 1.363 Thread 0x00007fc2b843f800 1050       3       java.lang.Class::checkInitted (19 bytes)
Event: 1.363 Thread 0x00007fc2b843d800 1051       3       java.lang.Class::getReflectionFactory (26 bytes)
Event: 1.364 Thread 0x00007fc2b843f800 nmethod 1050 0x00007fc2a9687850 code [0x00007fc2a96879e0, 0x00007fc2a9687ca8]
Event: 1.364 Thread 0x00007fc2b8442000 nmethod 1049 0x00007fc2a9687010 code [0x00007fc2a96871a0, 0x00007fc2a96876c8]

GC Heap History (2 events):
Event: 0.966 GC heap before
{Heap before GC invocations=1 (full 0):
 PSYoungGen      total 75264K, used 64512K [0x000000076c780000, 0x0000000771b80000, 0x00000007c0000000)
  eden space 64512K, 100% used [0x000000076c780000,0x0000000770680000,0x0000000770680000)
  from space 10752K, 0% used [0x0000000771100000,0x0000000771100000,0x0000000771b80000)
  to   space 10752K, 0% used [0x0000000770680000,0x0000000770680000,0x0000000771100000)
 ParOldGen       total 172032K, used 0K [0x00000006c5600000, 0x00000006cfe00000, 0x000000076c780000)
  object space 172032K, 0% used [0x00000006c5600000,0x00000006c5600000,0x00000006cfe00000)
 Metaspace       used 10535K, capacity 10739K, committed 11008K, reserved 1058816K
  class space    used 884K, capacity 970K, committed 1024K, reserved 1048576K
Event: 0.974 GC heap after
Heap after GC invocations=1 (full 0):
 PSYoungGen      total 75264K, used 10720K [0x000000076c780000, 0x0000000771b80000, 0x00000007c0000000)
  eden space 64512K, 0% used [0x000000076c780000,0x000000076c780000,0x0000000770680000)
  from space 10752K, 99% used [0x0000000770680000,0x00000007710f8040,0x0000000771100000)
  to   space 10752K, 0% used [0x0000000771100000,0x0000000771100000,0x0000000771b80000)
 ParOldGen       total 172032K, used 4781K [0x00000006c5600000, 0x00000006cfe00000, 0x000000076c780000)
  object space 172032K, 2% used [0x00000006c5600000,0x00000006c5aab4d0,0x00000006cfe00000)
 Metaspace       used 10535K, capacity 10739K, committed 11008K, reserved 1058816K
  class space    used 884K, capacity 970K, committed 1024K, reserved 1048576K
}

Deoptimization events (7 events):
Event: 0.956 Thread 0x00007fc2b84d9000 Uncommon trap: reason=unstable_if action=reinterpret pc=0x00007fc2a9591fb4 method=org.eclipse.jdt.launching.internal.org.objectweb.asm.SymbolTable.addConstant(Ljava/lang/Object;)Lorg/eclipse/jdt/launching/internal/org/objectweb/asm/Symbol; @ 145
Event: 1.285 Thread 0x00007fc2b84d9000 Uncommon trap: reason=unstable_if action=reinterpret pc=0x00007fc2a93e184c method=java.lang.String.replace(CC)Ljava/lang/String; @ 26
Event: 1.313 Thread 0x00007fc2b84d9000 Uncommon trap: reason=unstable_if action=reinterpret pc=0x00007fc2a942e09c method=org.eclipse.jdt.launching.internal.org.objectweb.asm.SymbolTable.addConstantUtf8(Ljava/lang/String;)I @ 40
Event: 1.314 Thread 0x00007fc2b84d9000 Uncommon trap: reason=unstable_if action=reinterpret pc=0x00007fc2a95764dc method=org.eclipse.jdt.launching.internal.org.objectweb.asm.MethodWriter.computeMethodInfoSize()I @ 358
Event: 1.315 Thread 0x00007fc2b84d9000 Uncommon trap: reason=unstable_if action=reinterpret pc=0x00007fc2a95d7dc4 method=org.eclipse.jdt.launching.internal.org.objectweb.asm.FieldWriter.putFieldInfo(Lorg/eclipse/jdt/launching/internal/org/objectweb/asm/ByteVector;)V @ 9
Event: 1.315 Thread 0x00007fc2b84d9000 Uncommon trap: reason=unstable_if action=reinterpret pc=0x00007fc2a963ba84 method=org.eclipse.jdt.launching.internal.org.objectweb.asm.MethodWriter.putMethodInfo(Lorg/eclipse/jdt/launching/internal/org/objectweb/asm/ByteVector;)V @ 9
Event: 1.327 Thread 0x00007fc2b84d9000 Uncommon trap: reason=unstable_if action=reinterpret pc=0x00007fc2a95f49f0 method=org.eclipse.jdt.launching.internal.org.objectweb.asm.ClassReader.readMethod(Lorg/eclipse/jdt/launching/internal/org/objectweb/asm/ClassVisitor;Lorg/eclipse/jdt/launching/int

Classes redefined (0 events):
No events

Internal exceptions (10 events):
Event: 0.413 Thread 0x00007fc2b84d9000 Exception <a 'java/lang/NoSuchMethodError': java.lang.Object.lambda$static$0(Ljava/lang/String;)Ljava/lang/Boolean;> (0x000000076d5941e0) thrown at [/build/java8-openjdk/src/jdk8u-jdk8u172-b11/hotspot/src/share/vm/interpreter/linkResolver.cpp, line 620]
Event: 0.433 Thread 0x00007fc2b84d9000 Exception <a 'java/lang/NoSuchFieldError': method resolution failed> (0x000000076d616610) thrown at [/build/java8-openjdk/src/jdk8u-jdk8u172-b11/hotspot/src/share/vm/prims/methodHandles.cpp, line 1167]
Event: 0.436 Thread 0x00007fc2b84d9000 Exception <a 'java/lang/NoSuchFieldError': method resolution failed> (0x000000076d624428) thrown at [/build/java8-openjdk/src/jdk8u-jdk8u172-b11/hotspot/src/share/vm/prims/methodHandles.cpp, line 1167]
Event: 0.476 Thread 0x00007fc2b84d9000 Exception <a 'java/security/PrivilegedActionException'> (0x000000076d933c00) thrown at [/build/java8-openjdk/src/jdk8u-jdk8u172-b11/hotspot/src/share/vm/prims/jvm.cpp, line 1435]
Event: 0.476 Thread 0x00007fc2b84d9000 Exception <a 'java/security/PrivilegedActionException'> (0x000000076d933e10) thrown at [/build/java8-openjdk/src/jdk8u-jdk8u172-b11/hotspot/src/share/vm/prims/jvm.cpp, line 1435]
Event: 0.476 Thread 0x00007fc2b84d9000 Exception <a 'java/security/PrivilegedActionException'> (0x000000076d935e98) thrown at [/build/java8-openjdk/src/jdk8u-jdk8u172-b11/hotspot/src/share/vm/prims/jvm.cpp, line 1435]
Event: 0.476 Thread 0x00007fc2b84d9000 Exception <a 'java/security/PrivilegedActionException'> (0x000000076d9360a8) thrown at [/build/java8-openjdk/src/jdk8u-jdk8u172-b11/hotspot/src/share/vm/prims/jvm.cpp, line 1435]
Event: 0.476 Thread 0x00007fc2b84d9000 Exception <a 'java/security/PrivilegedActionException'> (0x000000076d936cf0) thrown at [/build/java8-openjdk/src/jdk8u-jdk8u172-b11/hotspot/src/share/vm/prims/jvm.cpp, line 1435]
Event: 0.476 Thread 0x00007fc2b84d9000 Exception <a 'java/security/PrivilegedActionException'> (0x000000076d936f00) thrown at [/build/java8-openjdk/src/jdk8u-jdk8u172-b11/hotspot/src/share/vm/prims/jvm.cpp, line 1435]
Event: 0.689 Thread 0x00007fc2b84d9000 Exception <a 'sun/nio/fs/UnixException'> (0x000000076dfebc58) thrown at [/build/java8-openjdk/src/jdk8u-jdk8u172-b11/hotspot/src/share/vm/prims/jni.cpp, line 709]

Events (10 events):
Event: 1.360 Thread 0x00007fc2b84d9000 DEOPT PACKING pc=0x00007fc2a9384964 sp=0x00007fc26668df20
Event: 1.360 Thread 0x00007fc2b84d9000 DEOPT UNPACKING pc=0x00007fc2a90470c4 sp=0x00007fc26668dd60 mode 1
Event: 1.361 loading class org/joml/Quaternionfc
Event: 1.361 loading class org/joml/Quaternionfc done
Event: 1.361 Thread 0x00007fc2b84d9000 DEOPT PACKING pc=0x00007fc2a95402f1 sp=0x00007fc26668bbb0
Event: 1.361 Thread 0x00007fc2b84d9000 DEOPT UNPACKING pc=0x00007fc2a90470c4 sp=0x00007fc26668b920 mode 1
Event: 1.361 Thread 0x00007fc2b84d9000 DEOPT PACKING pc=0x00007fc2a9384bc4 sp=0x00007fc26668bc30
Event: 1.361 Thread 0x00007fc2b84d9000 DEOPT UNPACKING pc=0x00007fc2a90470c4 sp=0x00007fc26668ba70 mode 1
Event: 1.361 Thread 0x00007fc2b84d9000 DEOPT PACKING pc=0x00007fc2a9384964 sp=0x00007fc26668bdc0
Event: 1.361 Thread 0x00007fc2b84d9000 DEOPT UNPACKING pc=0x00007fc2a90470c4 sp=0x00007fc26668bc00 mode 1


Dynamic libraries:
41322000-413c3000 rw-p 00000000 00:00 0 
6c5600000-6e9800000 rw-p 00000000 00:00 0 
6e9800000-76c780000 ---p 00000000 00:00 0 
76c780000-771b80000 rw-p 00000000 00:00 0 
771b80000-7c0000000 ---p 00000000 00:00 0 
7c0000000-7c0120000 rw-p 00000000 00:00 0 
7c0120000-800000000 ---p 00000000 00:00 0 
5557a8d0c000-5557a8d0d000 r-xp 00000000 00:17 793665                     /usr/lib/jvm/java-8-openjdk/jre/bin/java
5557a8f0c000-5557a8f0d000 r--p 00000000 00:17 793665                     /usr/lib/jvm/java-8-openjdk/jre/bin/java
5557a8f0d000-5557a8f0e000 rw-p 00001000 00:17 793665                     /usr/lib/jvm/java-8-openjdk/jre/bin/java
5557a939d000-5557a93be000 rw-p 00000000 00:00 0                          [heap]
7fc1e41db000-7fc1e45db000 rw-s 00000000 00:06 26642                      /dev/nvidiactl
7fc1e45db000-7fc1e49db000 rw-s 00000000 00:06 26642                      /dev/nvidiactl
7fc1e49db000-7fc1e4ddb000 rw-s 00000000 00:06 26642                      /dev/nvidiactl
7fc1e4ddb000-7fc208000000 rw-p 00000000 00:00 0 
7fc208000000-7fc208c58000 rw-p 00000000 00:00 0 
7fc208c58000-7fc20c000000 ---p 00000000 00:00 0 
7fc20c2ba000-7fc20c6ba000 rw-s 00000000 00:06 26642                      /dev/nvidiactl
7fc20c6ba000-7fc20c8ba000 rw-s 00000000 00:06 26642                      /dev/nvidiactl
7fc20c8ba000-7fc20ca3a000 rw-p 00000000 00:00 0 
7fc20ca3a000-7fc20caba000 ---p 00000000 00:00 0 
7fc20caba000-7fc20cb25000 r-xp 00000000 00:2f 70696                      /tmp/lwjglmark/3.1.6-build-14/liblwjgl_opengl.so
7fc20cb25000-7fc20cd24000 ---p 0006b000 00:2f 70696                      /tmp/lwjglmark/3.1.6-build-14/liblwjgl_opengl.so
7fc20cd24000-7fc20cd25000 r--p 0006a000 00:2f 70696                      /tmp/lwjglmark/3.1.6-build-14/liblwjgl_opengl.so
7fc20cd25000-7fc20cd26000 rw-p 0006b000 00:2f 70696                      /tmp/lwjglmark/3.1.6-build-14/liblwjgl_opengl.so
7fc20cd56000-7fc20cf56000 rw-p 00000000 00:00 0 
7fc20cf56000-7fc20cfd6000 rw-s 00000000 00:06 26642                      /dev/nvidiactl
7fc20cfd6000-7fc20d056000 rw-s 00000000 00:06 26642                      /dev/nvidiactl
7fc20d056000-7fc20d0d6000 rw-s 00000000 00:06 26642                      /dev/nvidiactl
7fc20d0d6000-7fc20d1d6000 rw-s 00000000 00:06 26642                      /dev/nvidiactl
7fc20d322000-7fc20d362000 rw-s 00000000 00:30 1564829                    /home/mark/#1564829 (deleted)
7fc20d362000-7fc20d373000 r-xp 00000000 00:17 465826                     /usr/lib/libdrm.so.2.4.0
7fc20d373000-7fc20d572000 ---p 00011000 00:17 465826                     /usr/lib/libdrm.so.2.4.0
7fc20d572000-7fc20d573000 r--p 00010000 00:17 465826                     /usr/lib/libdrm.so.2.4.0
7fc20d573000-7fc20d574000 rw-p 00011000 00:17 465826                     /usr/lib/libdrm.so.2.4.0
7fc20d574000-7fc20d679000 rw-s 00000000 00:06 26642                      /dev/nvidiactl
7fc20d679000-7fc20ee32000 r-xp 00000000 00:17 592129                     /usr/lib/libnvidia-glcore.so.396.24
7fc20ee32000-7fc20f032000 ---p 017b9000 00:17 592129                     /usr/lib/libnvidia-glcore.so.396.24
7fc20f032000-7fc20f334000 rw-p 017b9000 00:17 592129                     /usr/lib/libnvidia-glcore.so.396.24
7fc20f334000-7fc20f34d000 rw-p 00000000 00:00 0 
7fc20f34d000-7fc20f350000 r-xp 00000000 00:17 592154                     /usr/lib/tls/libnvidia-tls.so.396.24
7fc20f350000-7fc20f550000 ---p 00003000 00:17 592154                     /usr/lib/tls/libnvidia-tls.so.396.24
7fc20f550000-7fc20f551000 rw-p 00003000 00:17 592154                     /usr/lib/tls/libnvidia-tls.so.396.24
7fc20f551000-7fc20f662000 r-xp 00000000 00:17 592108                     /usr/lib/libGLX_nvidia.so.396.24
7fc20f662000-7fc20f862000 ---p 00111000 00:17 592108                     /usr/lib/libGLX_nvidia.so.396.24
7fc20f862000-7fc20f887000 rw-p 00111000 00:17 592108                     /usr/lib/libGLX_nvidia.so.396.24
7fc20f887000-7fc20f88e000 rw-p 00000000 00:00 0 
7fc20f88e000-7fc20f8d0000 r-xp 00000000 00:17 267538                     /usr/lib/libGLdispatch.so.0.0.0
7fc20f8d0000-7fc20f8e9000 r-xp 00042000 00:17 267538                     /usr/lib/libGLdispatch.so.0.0.0
7fc20f8e9000-7fc20f8fc000 r-xp 0005b000 00:17 267538                     /usr/lib/libGLdispatch.so.0.0.0
7fc20f8fc000-7fc20fafb000 ---p 0006e000 00:17 267538                     /usr/lib/libGLdispatch.so.0.0.0
7fc20fafb000-7fc20fb23000 r--p 0006d000 00:17 267538                     /usr/lib/libGLdispatch.so.0.0.0
7fc20fb23000-7fc20fb24000 rw-p 00095000 00:17 267538                     /usr/lib/libGLdispatch.so.0.0.0
7fc20fb24000-7fc20fb44000 rw-p 00000000 00:00 0 
7fc20fb44000-7fc20fb54000 r-xp 00000000 00:17 267541                     /usr/lib/libGLX.so.0.0.0
7fc20fb54000-7fc20fd53000 ---p 00010000 00:17 267541                     /usr/lib/libGLX.so.0.0.0
7fc20fd53000-7fc20fd54000 r--p 0000f000 00:17 267541                     /usr/lib/libGLX.so.0.0.0
7fc20fd54000-7fc20fd55000 rw-p 00010000 00:17 267541                     /usr/lib/libGLX.so.0.0.0
7fc20fd55000-7fc20fd75000 rw-p 00000000 00:00 0 
7fc20fd75000-7fc20fdb8000 r-xp 00000000 00:17 267542                     /usr/lib/libGL.so.1.0.0
7fc20fdb8000-7fc20fdd1000 r-xp 00043000 00:17 267542                     /usr/lib/libGL.so.1.0.0
7fc20fdd1000-7fc20fde5000 r-xp 0005c000 00:17 267542                     /usr/lib/libGL.so.1.0.0
7fc20fde5000-7fc20ffe4000 ---p 00070000 00:17 267542                     /usr/lib/libGL.so.1.0.0
7fc20ffe4000-7fc20fffe000 r--p 0006f000 00:17 267542                     /usr/lib/libGL.so.1.0.0
7fc20fffe000-7fc20ffff000 rw-p 00089000 00:17 267542                     /usr/lib/libGL.so.1.0.0
7fc20ffff000-7fc210000000 rw-p 00000000 00:00 0 
7fc210000000-7fc210021000 rw-p 00000000 00:00 0 
7fc210021000-7fc214000000 ---p 00000000 00:00 0 
7fc214000000-7fc214021000 rw-p 00000000 00:00 0 
7fc214021000-7fc218000000 ---p 00000000 00:00 0 
7fc218000000-7fc218117000 rw-p 00000000 00:00 0 
7fc218117000-7fc21c000000 ---p 00000000 00:00 0 
7fc21c000000-7fc21c1e9000 rw-p 00000000 00:00 0 
7fc21c1e9000-7fc220000000 ---p 00000000 00:00 0 
7fc220000000-7fc22022c000 rw-p 00000000 00:00 0 
7fc22022c000-7fc224000000 ---p 00000000 00:00 0 
7fc224000000-7fc2242ff000 rw-p 00000000 00:00 0 
7fc2242ff000-7fc228000000 ---p 00000000 00:00 0 
7fc228000000-7fc2282ad000 rw-p 00000000 00:00 0 
7fc2282ad000-7fc22c000000 ---p 00000000 00:00 0 
7fc22c000000-7fc22c638000 rw-p 00000000 00:00 0 
7fc22c638000-7fc230000000 ---p 00000000 00:00 0 
7fc230000000-7fc230295000 rw-p 00000000 00:00 0 
7fc230295000-7fc234000000 ---p 00000000 00:00 0 
7fc234000000-7fc234575000 rw-p 00000000 00:00 0 
7fc234575000-7fc238000000 ---p 00000000 00:00 0 
7fc238000000-7fc238375000 rw-p 00000000 00:00 0 
7fc238375000-7fc23c000000 ---p 00000000 00:00 0 
7fc23c000000-7fc23c402000 rw-p 00000000 00:00 0 
7fc23c402000-7fc240000000 ---p 00000000 00:00 0 
7fc240000000-7fc241866000 rw-p 00000000 00:00 0 
7fc241866000-7fc244000000 ---p 00000000 00:00 0 
7fc244000000-7fc2442d0000 rw-p 00000000 00:00 0 
7fc2442d0000-7fc248000000 ---p 00000000 00:00 0 
7fc248000000-7fc248021000 rw-p 00000000 00:00 0 
7fc248021000-7fc24c000000 ---p 00000000 00:00 0 
7fc24c000000-7fc24c021000 rw-p 00000000 00:00 0 
7fc24c021000-7fc250000000 ---p 00000000 00:00 0 
7fc250000000-7fc250021000 rw-p 00000000 00:00 0 
7fc250021000-7fc254000000 ---p 00000000 00:00 0 
7fc254000000-7fc254021000 rw-p 00000000 00:00 0 
7fc254021000-7fc258000000 ---p 00000000 00:00 0 
7fc258000000-7fc258021000 rw-p 00000000 00:00 0 
7fc258021000-7fc25c000000 ---p 00000000 00:00 0 
7fc25c000000-7fc25c021000 rw-p 00000000 00:00 0 
7fc25c021000-7fc260000000 ---p 00000000 00:00 0 
7fc260000000-7fc260021000 rw-p 00000000 00:00 0 
7fc260021000-7fc264000000 ---p 00000000 00:00 0 
7fc264011000-7fc264051000 r-xs 00000000 00:30 1564829                    /home/mark/#1564829 (deleted)
7fc264051000-7fc264091000 rw-s 00000000 00:06 26642                      /dev/nvidiactl
7fc264091000-7fc2640d1000 rw-s 00000000 00:06 26642                      /dev/nvidiactl
7fc2640d1000-7fc2640f1000 rw-s 00000000 00:06 26642                      /dev/nvidiactl
7fc2640f1000-7fc2640f2000 r-xp 00000000 00:17 54525                      /usr/lib/libX11-xcb.so.1.0.0
7fc2640f2000-7fc2642f1000 ---p 00001000 00:17 54525                      /usr/lib/libX11-xcb.so.1.0.0
7fc2642f1000-7fc2642f2000 r--p 00000000 00:17 54525                      /usr/lib/libX11-xcb.so.1.0.0
7fc2642f2000-7fc2642f3000 rw-p 00001000 00:17 54525                      /usr/lib/libX11-xcb.so.1.0.0
7fc2642f3000-7fc2642f5000 r-xp 00000000 00:17 833832                     /usr/lib/libXinerama.so.1.0.0
7fc2642f5000-7fc2644f4000 ---p 00002000 00:17 833832                     /usr/lib/libXinerama.so.1.0.0
7fc2644f4000-7fc2644f5000 r--p 00001000 00:17 833832                     /usr/lib/libXinerama.so.1.0.0
7fc2644f5000-7fc2644f6000 rw-p 00002000 00:17 833832                     /usr/lib/libXinerama.so.1.0.0
7fc2644f6000-7fc2644fb000 r-xp 00000000 00:17 55502                      /usr/lib/libXfixes.so.3.1.0
7fc2644fb000-7fc2646fa000 ---p 00005000 00:17 55502                      /usr/lib/libXfixes.so.3.1.0
7fc2646fa000-7fc2646fb000 r--p 00004000 00:17 55502                      /usr/lib/libXfixes.so.3.1.0
7fc2646fb000-7fc2646fc000 rw-p 00005000 00:17 55502                      /usr/lib/libXfixes.so.3.1.0
7fc2646fc000-7fc264705000 r-xp 00000000 00:17 57640                      /usr/lib/libXcursor.so.1.0.2
7fc264705000-7fc264904000 ---p 00009000 00:17 57640                      /usr/lib/libXcursor.so.1.0.2
7fc264904000-7fc264905000 r--p 00008000 00:17 57640                      /usr/lib/libXcursor.so.1.0.2
7fc264905000-7fc264906000 rw-p 00009000 00:17 57640                      /usr/lib/libXcursor.so.1.0.2
7fc264906000-7fc26490f000 r-xp 00000000 00:17 56925                      /usr/lib/libXrender.so.1.3.0
7fc26490f000-7fc264b0f000 ---p 00009000 00:17 56925                      /usr/lib/libXrender.so.1.3.0
7fc264b0f000-7fc264b10000 r--p 00009000 00:17 56925                      /usr/lib/libXrender.so.1.3.0
7fc264b10000-7fc264b11000 rw-p 0000a000 00:17 56925                      /usr/lib/libXrender.so.1.3.0
7fc264b11000-7fc264b1b000 r-xp 00000000 00:17 57665                      /usr/lib/libXrandr.so.2.2.0
7fc264b1b000-7fc264d1a000 ---p 0000a000 00:17 57665                      /usr/lib/libXrandr.so.2.2.0
7fc264d1a000-7fc264d1b000 r--p 00009000 00:17 57665                      /usr/lib/libXrandr.so.2.2.0
7fc264d1b000-7fc264d1c000 rw-p 0000a000 00:17 57665                      /usr/lib/libXrandr.so.2.2.0
7fc264d1c000-7fc264d2b000 r-xp 00000000 00:17 57772                      /usr/lib/libXi.so.6.1.0
7fc264d2b000-7fc264f2b000 ---p 0000f000 00:17 57772                      /usr/lib/libXi.so.6.1.0
7fc264f2b000-7fc264f2c000 r--p 0000f000 00:17 57772                      /usr/lib/libXi.so.6.1.0
7fc264f2c000-7fc264f2d000 rw-p 00010000 00:17 57772                      /usr/lib/libXi.so.6.1.0
7fc264f2d000-7fc264f3e000 r-xp 00000000 00:17 463093                     /usr/lib/libXext.so.6.4.0
7fc264f3e000-7fc26513d000 ---p 00011000 00:17 463093                     /usr/lib/libXext.so.6.4.0
7fc26513d000-7fc26513e000 r--p 00010000 00:17 463093                     /usr/lib/libXext.so.6.4.0
7fc26513e000-7fc26513f000 rw-p 00011000 00:17 463093                     /usr/lib/libXext.so.6.4.0
7fc26513f000-7fc265143000 r-xp 00000000 00:17 465884                     /usr/lib/libXxf86vm.so.1.0.0
7fc265143000-7fc265343000 ---p 00004000 00:17 465884                     /usr/lib/libXxf86vm.so.1.0.0
7fc265343000-7fc265344000 r--p 00004000 00:17 465884                     /usr/lib/libXxf86vm.so.1.0.0
7fc265344000-7fc265345000 rw-p 00005000 00:17 465884                     /usr/lib/libXxf86vm.so.1.0.0
7fc265345000-7fc26534a000 r-xp 00000000 00:17 463067                     /usr/lib/libXdmcp.so.6.0.0
7fc26534a000-7fc265549000 ---p 00005000 00:17 463067                     /usr/lib/libXdmcp.so.6.0.0
7fc265549000-7fc26554a000 r--p 00004000 00:17 463067                     /usr/lib/libXdmcp.so.6.0.0
7fc26554a000-7fc26554b000 rw-p 00005000 00:17 463067                     /usr/lib/libXdmcp.so.6.0.0
7fc26554b000-7fc26554d000 r-xp 00000000 00:17 50861                      /usr/lib/libXau.so.6.0.0
7fc26554d000-7fc26574d000 ---p 00002000 00:17 50861                      /usr/lib/libXau.so.6.0.0
7fc26574d000-7fc26574e000 r--p 00002000 00:17 50861                      /usr/lib/libXau.so.6.0.0
7fc26574e000-7fc26574f000 rw-p 00003000 00:17 50861                      /usr/lib/libXau.so.6.0.0
7fc26574f000-7fc265776000 r-xp 00000000 00:17 53192                      /usr/lib/libxcb.so.1.1.0
7fc265776000-7fc265976000 ---p 00027000 00:17 53192                      /usr/lib/libxcb.so.1.1.0
7fc265976000-7fc265977000 r--p 00027000 00:17 53192                      /usr/lib/libxcb.so.1.1.0
7fc265977000-7fc265978000 rw-p 00028000 00:17 53192                      /usr/lib/libxcb.so.1.1.0
7fc265978000-7fc265ab1000 r-xp 00000000 00:17 54524                      /usr/lib/libX11.so.6.3.0
7fc265ab1000-7fc265cb1000 ---p 00139000 00:17 54524                      /usr/lib/libX11.so.6.3.0
7fc265cb1000-7fc265cb2000 r--p 00139000 00:17 54524                      /usr/lib/libX11.so.6.3.0
7fc265cb2000-7fc265cb7000 rw-p 0013a000 00:17 54524                      /usr/lib/libX11.so.6.3.0
7fc265cb7000-7fc265ced000 r-xp 00000000 00:2f 64137                      /tmp/lwjglmark/3.1.6-build-14/libglfw.so
7fc265ced000-7fc265eec000 ---p 00036000 00:2f 64137                      /tmp/lwjglmark/3.1.6-build-14/libglfw.so
7fc265eec000-7fc265eed000 r--p 00035000 00:2f 64137                      /tmp/lwjglmark/3.1.6-build-14/libglfw.so
7fc265eed000-7fc265eee000 rw-p 00036000 00:2f 64137                      /tmp/lwjglmark/3.1.6-build-14/libglfw.so
7fc265eee000-7fc265f0f000 rw-p 00000000 00:00 0 
7fc265f0f000-7fc265f63000 r-xp 00000000 00:2f 67670                      /tmp/lwjglmark/3.1.6-build-14/liblwjgl.so
7fc265f63000-7fc266163000 ---p 00054000 00:2f 67670                      /tmp/lwjglmark/3.1.6-build-14/liblwjgl.so
7fc266163000-7fc266164000 r--p 00054000 00:2f 67670                      /tmp/lwjglmark/3.1.6-build-14/liblwjgl.so
7fc266164000-7fc266165000 rw-p 00055000 00:2f 67670                      /tmp/lwjglmark/3.1.6-build-14/liblwjgl.so
7fc266165000-7fc26617c000 r-xp 00000000 00:17 793642                     /usr/lib/jvm/java-8-openjdk/jre/lib/amd64/libnet.so
7fc26617c000-7fc26637b000 ---p 00017000 00:17 793642                     /usr/lib/jvm/java-8-openjdk/jre/lib/amd64/libnet.so
7fc26637b000-7fc26637c000 r--p 00016000 00:17 793642                     /usr/lib/jvm/java-8-openjdk/jre/lib/amd64/libnet.so
7fc26637c000-7fc26637d000 rw-p 00017000 00:17 793642                     /usr/lib/jvm/java-8-openjdk/jre/lib/amd64/libnet.so
7fc26637d000-7fc26638e000 r-xp 00000000 00:17 793622                     /usr/lib/jvm/java-8-openjdk/jre/lib/amd64/libnio.so
7fc26638e000-7fc26658e000 ---p 00011000 00:17 793622                     /usr/lib/jvm/java-8-openjdk/jre/lib/amd64/libnio.so
7fc26658e000-7fc26658f000 r--p 00011000 00:17 793622                     /usr/lib/jvm/java-8-openjdk/jre/lib/amd64/libnio.so
7fc26658f000-7fc266590000 rw-p 00012000 00:17 793622                     /usr/lib/jvm/java-8-openjdk/jre/lib/amd64/libnio.so
7fc266590000-7fc266593000 ---p 00000000 00:00 0 
7fc266593000-7fc266691000 rw-p 00000000 00:00 0 
7fc266691000-7fc266692000 ---p 00000000 00:00 0 
7fc266692000-7fc266792000 rw-p 00000000 00:00 0 
7fc266792000-7fc266795000 ---p 00000000 00:00 0 
7fc266795000-7fc266893000 rw-p 00000000 00:00 0 
7fc266893000-7fc266894000 ---p 00000000 00:00 0 
7fc266894000-7fc266897000 ---p 00000000 00:00 0 
7fc266897000-7fc266994000 rw-p 00000000 00:00 0 
7fc266994000-7fc266995000 ---p 00000000 00:00 0 
7fc266995000-7fc266998000 ---p 00000000 00:00 0 
7fc266998000-7fc266a95000 rw-p 00000000 00:00 0 
7fc266a95000-7fc266a96000 ---p 00000000 00:00 0 
7fc266a96000-7fc266a99000 ---p 00000000 00:00 0 
7fc266a99000-7fc266b96000 rw-p 00000000 00:00 0 
7fc266b96000-7fc266b97000 ---p 00000000 00:00 0 
7fc266b97000-7fc266b9a000 ---p 00000000 00:00 0 
7fc266b9a000-7fc266c97000 rw-p 00000000 00:00 0 
7fc266c97000-7fc266c98000 ---p 00000000 00:00 0 
7fc266c98000-7fc266c9b000 ---p 00000000 00:00 0 
7fc266c9b000-7fc266d98000 rw-p 00000000 00:00 0 
7fc266d98000-7fc266d99000 ---p 00000000 00:00 0 
7fc266d99000-7fc266d9c000 ---p 00000000 00:00 0 
7fc266d9c000-7fc266e99000 rw-p 00000000 00:00 0 
7fc266e99000-7fc266e9a000 ---p 00000000 00:00 0 
7fc266e9a000-7fc266e9d000 ---p 00000000 00:00 0 
7fc266e9d000-7fc266f9a000 rw-p 00000000 00:00 0 
7fc266f9a000-7fc266f9b000 ---p 00000000 00:00 0 
7fc266f9b000-7fc266f9e000 ---p 00000000 00:00 0 
7fc266f9e000-7fc26709b000 rw-p 00000000 00:00 0 
7fc26709b000-7fc26709c000 ---p 00000000 00:00 0 
7fc26709c000-7fc26709f000 ---p 00000000 00:00 0 
7fc26709f000-7fc26719c000 rw-p 00000000 00:00 0 
7fc26719c000-7fc26719d000 ---p 00000000 00:00 0 
7fc26719d000-7fc2671a0000 ---p 00000000 00:00 0 
7fc2671a0000-7fc26729d000 rw-p 00000000 00:00 0 
7fc26729d000-7fc26729e000 ---p 00000000 00:00 0 
7fc26729e000-7fc2672a1000 ---p 00000000 00:00 0 
7fc2672a1000-7fc26739e000 rw-p 00000000 00:00 0 
7fc26739e000-7fc26739f000 ---p 00000000 00:00 0 
7fc26739f000-7fc2673a2000 ---p 00000000 00:00 0 
7fc2673a2000-7fc26749f000 rw-p 00000000 00:00 0 
7fc26749f000-7fc2674a2000 ---p 00000000 00:00 0 
7fc2674a2000-7fc2675a0000 rw-p 00000000 00:00 0 
7fc2675a0000-7fc2675a3000 ---p 00000000 00:00 0 
7fc2675a3000-7fc2676a1000 rw-p 00000000 00:00 0 
7fc2676a1000-7fc2676a4000 ---p 00000000 00:00 0 
7fc2676a4000-7fc2677a2000 rw-p 00000000 00:00 0 
7fc2677a2000-7fc2677a6000 r-xp 00000000 00:17 793641                     /usr/lib/jvm/java-8-openjdk/jre/lib/amd64/libdt_socket.so
7fc2677a6000-7fc2679a5000 ---p 00004000 00:17 793641                     /usr/lib/jvm/java-8-openjdk/jre/lib/amd64/libdt_socket.so
7fc2679a5000-7fc2679a6000 r--p 00003000 00:17 793641                     /usr/lib/jvm/java-8-openjdk/jre/lib/amd64/libdt_socket.so
7fc2679a6000-7fc2679a7000 rw-p 00004000 00:17 793641                     /usr/lib/jvm/java-8-openjdk/jre/lib/amd64/libdt_socket.so
7fc2679a7000-7fc2679aa000 ---p 00000000 00:00 0 
7fc2679aa000-7fc267aa8000 rw-p 00000000 00:00 0 
7fc267aa8000-7fc267aab000 ---p 00000000 00:00 0 
7fc267aab000-7fc267ba9000 rw-p 00000000 00:00 0 
7fc267ba9000-7fc267bac000 ---p 00000000 00:00 0 
7fc267bac000-7fc267caa000 rw-p 00000000 00:00 0 
7fc267caa000-7fc267cab000 ---p 00000000 00:00 0 
7fc267cab000-7fc270000000 rw-p 00000000 00:00 0 
7fc270000000-7fc270021000 rw-p 00000000 00:00 0 
7fc270021000-7fc274000000 ---p 00000000 00:00 0 
7fc274000000-7fc274021000 rw-p 00000000 00:00 0 
7fc274021000-7fc278000000 ---p 00000000 00:00 0 
7fc278000000-7fc278021000 rw-p 00000000 00:00 0 
7fc278021000-7fc27c000000 ---p 00000000 00:00 0 
7fc27c000000-7fc27c021000 rw-p 00000000 00:00 0 
7fc27c021000-7fc280000000 ---p 00000000 00:00 0 
7fc280000000-7fc280021000 rw-p 00000000 00:00 0 
7fc280021000-7fc284000000 ---p 00000000 00:00 0 
7fc284000000-7fc284021000 rw-p 00000000 00:00 0 
7fc284021000-7fc288000000 ---p 00000000 00:00 0 
7fc288000000-7fc288021000 rw-p 00000000 00:00 0 
7fc288021000-7fc28c000000 ---p 00000000 00:00 0 
7fc28c000000-7fc28c021000 rw-p 00000000 00:00 0 
7fc28c021000-7fc290000000 ---p 00000000 00:00 0 
7fc290000000-7fc290021000 rw-p 00000000 00:00 0 
7fc290021000-7fc294000000 ---p 00000000 00:00 0 
7fc294000000-7fc294021000 rw-p 00000000 00:00 0 
7fc294021000-7fc298000000 ---p 00000000 00:00 0 
7fc298000000-7fc298021000 rw-p 00000000 00:00 0 
7fc298021000-7fc29c000000 ---p 00000000 00:00 0 
7fc29c000000-7fc29c021000 rw-p 00000000 00:00 0 
7fc29c021000-7fc2a0000000 ---p 00000000 00:00 0 
7fc2a0000000-7fc2a0021000 rw-p 00000000 00:00 0 
7fc2a0021000-7fc2a4000000 ---p 00000000 00:00 0 
7fc2a4001000-7fc2a4014000 rw-s 00000000 00:06 26642                      /dev/nvidiactl
7fc2a4014000-7fc2a4015000 rw-s 00000000 00:06 26643                      /dev/nvidia0
7fc2a4015000-7fc2a4016000 rw-s 00000000 00:06 26643                      /dev/nvidia0
7fc2a4016000-7fc2a4056000 rw-s 00000000 00:06 26642                      /dev/nvidiactl
7fc2a4076000-7fc2a4077000 rw-s 00000000 00:06 26642                      /dev/nvidiactl
7fc2a4077000-7fc2a4078000 rw-s 00000000 00:06 26642                      /dev/nvidiactl
7fc2a4082000-7fc2a4083000 r-xp 00000000 00:00 0 
7fc2a4083000-7fc2a4093000 rw-s 00000000 00:06 26643                      /dev/nvidia0
7fc2a4093000-7fc2a4094000 rw-s 00000000 00:06 26642                      /dev/nvidiactl
7fc2a4094000-7fc2a4098000 rw-s 00000000 00:06 26642                      /dev/nvidiactl
7fc2a4098000-7fc2a4099000 rw-s 00000000 00:06 26643                      /dev/nvidia0
7fc2a4099000-7fc2a40b9000 rw-s 00000000 00:06 26642                      /dev/nvidiactl
7fc2a40b9000-7fc2a40ba000 r-xp 00000000 00:00 0 
7fc2a40ba000-7fc2a40bc000 r--s 00016000 00:17 793565                     /usr/lib/jvm/java-8-openjdk/jre/lib/jce.jar
7fc2a40bc000-7fc2a40cf000 r--s 0014d000 00:30 1404437                    /home/mark/Documents/Programming/Java/Eclipse/graphics-demos/lib/lwjgl/lwjgl-vulkan/lwjgl-vulkan.jar
7fc2a40cf000-7fc2a6642000 rw-p 00000000 00:00 0 
7fc2a6642000-7fc2a6811000 r--s 03c31000 00:17 793567                     /usr/lib/jvm/java-8-openjdk/jre/lib/rt.jar
7fc2a6811000-7fc2a77e6000 rw-p 00000000 00:00 0 
7fc2a77e6000-7fc2a77e7000 ---p 00000000 00:00 0 
7fc2a77e7000-7fc2a78e7000 rw-p 00000000 00:00 0 
7fc2a78e7000-7fc2a78e8000 ---p 00000000 00:00 0 
7fc2a78e8000-7fc2a79e8000 rw-p 00000000 00:00 0 
7fc2a79e8000-7fc2a79e9000 ---p 00000000 00:00 0 
7fc2a79e9000-7fc2a7ae9000 rw-p 00000000 00:00 0 
7fc2a7ae9000-7fc2a7aea000 ---p 00000000 00:00 0 
7fc2a7aea000-7fc2a7bea000 rw-p 00000000 00:00 0 
7fc2a7bea000-7fc2a7beb000 ---p 00000000 00:00 0 
7fc2a7beb000-7fc2a7ceb000 rw-p 00000000 00:00 0 
7fc2a7ceb000-7fc2a7cec000 ---p 00000000 00:00 0 
7fc2a7cec000-7fc2a7dec000 rw-p 00000000 00:00 0 
7fc2a7dec000-7fc2a7ded000 ---p 00000000 00:00 0 
7fc2a7ded000-7fc2a7eed000 rw-p 00000000 00:00 0 
7fc2a7eed000-7fc2a7eee000 ---p 00000000 00:00 0 
7fc2a7eee000-7fc2a7fee000 rw-p 00000000 00:00 0 
7fc2a7fee000-7fc2a7fef000 ---p 00000000 00:00 0 
7fc2a7fef000-7fc2a80ef000 rw-p 00000000 00:00 0 
7fc2a80ef000-7fc2a80f0000 ---p 00000000 00:00 0 
7fc2a80f0000-7fc2a81f0000 rw-p 00000000 00:00 0 
7fc2a81f0000-7fc2a81f1000 ---p 00000000 00:00 0 
7fc2a81f1000-7fc2a8412000 rw-p 00000000 00:00 0 
7fc2a8412000-7fc2a882a000 ---p 00000000 00:00 0 
7fc2a882a000-7fc2a894b000 rw-p 00000000 00:00 0 
7fc2a894b000-7fc2a8d62000 ---p 00000000 00:00 0 
7fc2a8d62000-7fc2a8d8d000 rw-p 00000000 00:00 0 
7fc2a8d8d000-7fc2a8fff000 ---p 00000000 00:00 0 
7fc2a8fff000-7fc2a9000000 rw-p 00000000 00:00 0 
7fc2a9000000-7fc2a9690000 rwxp 00000000 00:00 0 
7fc2a9690000-7fc2b8000000 ---p 00000000 00:00 0 
7fc2b8000000-7fc2b854d000 rw-p 00000000 00:00 0 
7fc2b854d000-7fc2bc000000 ---p 00000000 00:00 0 
7fc2bc000000-7fc2bc005000 r--s 0009d000 00:17 793566                     /usr/lib/jvm/java-8-openjdk/jre/lib/jsse.jar
7fc2bc005000-7fc2bc008000 r--s 0001d000 00:30 1366163                    /home/mark/.eclipse/org.eclipse.platform_4.8.0_155965261_linux_gtk_x86_64/configuration/org.eclipse.osgi/232/0/.cp/lib/javaagent-shaded.jar
7fc2bc008000-7fc2bc07e000 rw-p 00000000 00:00 0 
7fc2bc07e000-7fc2bc07f000 ---p 00000000 00:00 0 
7fc2bc07f000-7fc2bc17f000 rw-p 00000000 00:00 0 
7fc2bc17f000-7fc2bc180000 ---p 00000000 00:00 0 
7fc2bc180000-7fc2bc29b000 rw-p 00000000 00:00 0 
7fc2bc29b000-7fc2bc640000 ---p 00000000 00:00 0 
7fc2bc640000-7fc2bc648000 r-xp 00000000 00:17 793626                     /usr/lib/jvm/java-8-openjdk/jre/lib/amd64/libzip.so
7fc2bc648000-7fc2bc847000 ---p 00008000 00:17 793626                     /usr/lib/jvm/java-8-openjdk/jre/lib/amd64/libzip.so
7fc2bc847000-7fc2bc848000 r--p 00007000 00:17 793626                     /usr/lib/jvm/java-8-openjdk/jre/lib/amd64/libzip.so
7fc2bc848000-7fc2bc849000 rw-p 00008000 00:17 793626                     /usr/lib/jvm/java-8-openjdk/jre/lib/amd64/libzip.so
7fc2bc849000-7fc2bc854000 r-xp 00000000 00:17 338256                     /usr/lib/libnss_files-2.27.so
7fc2bc854000-7fc2bca53000 ---p 0000b000 00:17 338256                     /usr/lib/libnss_files-2.27.so
7fc2bca53000-7fc2bca54000 r--p 0000a000 00:17 338256                     /usr/lib/libnss_files-2.27.so
7fc2bca54000-7fc2bca55000 rw-p 0000b000 00:17 338256                     /usr/lib/libnss_files-2.27.so
7fc2bca55000-7fc2bca5b000 rw-p 00000000 00:00 0 
7fc2bca5b000-7fc2bca65000 r-xp 00000000 00:17 793654                     /usr/lib/jvm/java-8-openjdk/jre/lib/amd64/libinstrument.so
7fc2bca65000-7fc2bcc64000 ---p 0000a000 00:17 793654                     /usr/lib/jvm/java-8-openjdk/jre/lib/amd64/libinstrument.so
7fc2bcc64000-7fc2bcc65000 r--p 00009000 00:17 793654                     /usr/lib/jvm/java-8-openjdk/jre/lib/amd64/libinstrument.so
7fc2bcc65000-7fc2bcc66000 rw-p 0000a000 00:17 793654                     /usr/lib/jvm/java-8-openjdk/jre/lib/amd64/libinstrument.so
7fc2bcc66000-7fc2bce4d000 r--p 00000000 00:17 339675                     /usr/lib/locale/locale-archive
7fc2bce4d000-7fc2bce4f000 r-xp 00000000 00:17 793651                     /usr/lib/jvm/java-8-openjdk/jre/lib/amd64/libnpt.so
7fc2bce4f000-7fc2bd04f000 ---p 00002000 00:17 793651                     /usr/lib/jvm/java-8-openjdk/jre/lib/amd64/libnpt.so
7fc2bd04f000-7fc2bd050000 r--p 00002000 00:17 793651                     /usr/lib/jvm/java-8-openjdk/jre/lib/amd64/libnpt.so
7fc2bd050000-7fc2bd051000 rw-p 00003000 00:17 793651                     /usr/lib/jvm/java-8-openjdk/jre/lib/amd64/libnpt.so
7fc2bd051000-7fc2bd08c000 r-xp 00000000 00:17 793644                     /usr/lib/jvm/java-8-openjdk/jre/lib/amd64/libjdwp.so
7fc2bd08c000-7fc2bd28b000 ---p 0003b000 00:17 793644                     /usr/lib/jvm/java-8-openjdk/jre/lib/amd64/libjdwp.so
7fc2bd28b000-7fc2bd28c000 r--p 0003a000 00:17 793644                     /usr/lib/jvm/java-8-openjdk/jre/lib/amd64/libjdwp.so
7fc2bd28c000-7fc2bd28d000 rw-p 0003b000 00:17 793644                     /usr/lib/jvm/java-8-openjdk/jre/lib/amd64/libjdwp.so
7fc2bd28d000-7fc2bd2bb000 r-xp 00000000 00:17 793625                     /usr/lib/jvm/java-8-openjdk/jre/lib/amd64/libjava.so
7fc2bd2bb000-7fc2bd4ba000 ---p 0002e000 00:17 793625                     /usr/lib/jvm/java-8-openjdk/jre/lib/amd64/libjava.so
7fc2bd4ba000-7fc2bd4bb000 r--p 0002d000 00:17 793625                     /usr/lib/jvm/java-8-openjdk/jre/lib/amd64/libjava.so
7fc2bd4bb000-7fc2bd4bd000 rw-p 0002e000 00:17 793625                     /usr/lib/jvm/java-8-openjdk/jre/lib/amd64/libjava.so
7fc2bd4bd000-7fc2bd4ca000 r-xp 00000000 00:17 793650                     /usr/lib/jvm/java-8-openjdk/jre/lib/amd64/libverify.so
7fc2bd4ca000-7fc2bd6c9000 ---p 0000d000 00:17 793650                     /usr/lib/jvm/java-8-openjdk/jre/lib/amd64/libverify.so
7fc2bd6c9000-7fc2bd6cb000 r--p 0000c000 00:17 793650                     /usr/lib/jvm/java-8-openjdk/jre/lib/amd64/libverify.so
7fc2bd6cb000-7fc2bd6cc000 rw-p 0000e000 00:17 793650                     /usr/lib/jvm/java-8-openjdk/jre/lib/amd64/libverify.so
7fc2bd6cc000-7fc2bd6d3000 r-xp 00000000 00:17 338251                     /usr/lib/librt-2.27.so
7fc2bd6d3000-7fc2bd8d2000 ---p 00007000 00:17 338251                     /usr/lib/librt-2.27.so
7fc2bd8d2000-7fc2bd8d3000 r--p 00006000 00:17 338251                     /usr/lib/librt-2.27.so
7fc2bd8d3000-7fc2bd8d4000 rw-p 00007000 00:17 338251                     /usr/lib/librt-2.27.so
7fc2bd8d4000-7fc2bda67000 r-xp 00000000 00:17 338248                     /usr/lib/libm-2.27.so
7fc2bda67000-7fc2bdc67000 ---p 00193000 00:17 338248                     /usr/lib/libm-2.27.so
7fc2bdc67000-7fc2bdc68000 r--p 00193000 00:17 338248                     /usr/lib/libm-2.27.so
7fc2bdc68000-7fc2bdc69000 rw-p 00194000 00:17 338248                     /usr/lib/libm-2.27.so
7fc2bdc69000-7fc2be910000 r-xp 00000000 00:17 793655                     /usr/lib/jvm/java-8-openjdk/jre/lib/amd64/server/libjvm.so
7fc2be910000-7fc2beb0f000 ---p 00ca7000 00:17 793655                     /usr/lib/jvm/java-8-openjdk/jre/lib/amd64/server/libjvm.so
7fc2beb0f000-7fc2beba4000 r--p 00ca6000 00:17 793655                     /usr/lib/jvm/java-8-openjdk/jre/lib/amd64/server/libjvm.so
7fc2beba4000-7fc2bebcc000 rw-p 00d3b000 00:17 793655                     /usr/lib/jvm/java-8-openjdk/jre/lib/amd64/server/libjvm.so
7fc2bebcc000-7fc2bebfd000 rw-p 00000000 00:00 0 
7fc2bebfd000-7fc2bedb0000 r-xp 00000000 00:17 338299                     /usr/lib/libc-2.27.so
7fc2bedb0000-7fc2befaf000 ---p 001b3000 00:17 338299                     /usr/lib/libc-2.27.so
7fc2befaf000-7fc2befb3000 r--p 001b2000 00:17 338299                     /usr/lib/libc-2.27.so
7fc2befb3000-7fc2befb5000 rw-p 001b6000 00:17 338299                     /usr/lib/libc-2.27.so
7fc2befb5000-7fc2befb9000 rw-p 00000000 00:00 0 
7fc2befb9000-7fc2befbc000 r-xp 00000000 00:17 338249                     /usr/lib/libdl-2.27.so
7fc2befbc000-7fc2bf1bb000 ---p 00003000 00:17 338249                     /usr/lib/libdl-2.27.so
7fc2bf1bb000-7fc2bf1bc000 r--p 00002000 00:17 338249                     /usr/lib/libdl-2.27.so
7fc2bf1bc000-7fc2bf1bd000 rw-p 00003000 00:17 338249                     /usr/lib/libdl-2.27.so
7fc2bf1bd000-7fc2bf1cb000 r-xp 00000000 00:17 793658                     /usr/lib/jvm/java-8-openjdk/jre/lib/amd64/jli/libjli.so
7fc2bf1cb000-7fc2bf3ca000 ---p 0000e000 00:17 793658                     /usr/lib/jvm/java-8-openjdk/jre/lib/amd64/jli/libjli.so
7fc2bf3ca000-7fc2bf3cb000 r--p 0000d000 00:17 793658                     /usr/lib/jvm/java-8-openjdk/jre/lib/amd64/jli/libjli.so
7fc2bf3cb000-7fc2bf3cc000 rw-p 0000e000 00:17 793658                     /usr/lib/jvm/java-8-openjdk/jre/lib/amd64/jli/libjli.so
7fc2bf3cc000-7fc2bf3e2000 r-xp 00000000 00:17 15021                      /usr/lib/libz.so.1.2.11
7fc2bf3e2000-7fc2bf5e1000 ---p 00016000 00:17 15021                      /usr/lib/libz.so.1.2.11
7fc2bf5e1000-7fc2bf5e2000 r--p 00015000 00:17 15021                      /usr/lib/libz.so.1.2.11
7fc2bf5e2000-7fc2bf5e3000 rw-p 00016000 00:17 15021                      /usr/lib/libz.so.1.2.11
7fc2bf5e3000-7fc2bf5fc000 r-xp 00000000 00:17 338317                     /usr/lib/libpthread-2.27.so
7fc2bf5fc000-7fc2bf7fb000 ---p 00019000 00:17 338317                     /usr/lib/libpthread-2.27.so
7fc2bf7fb000-7fc2bf7fc000 r--p 00018000 00:17 338317                     /usr/lib/libpthread-2.27.so
7fc2bf7fc000-7fc2bf7fd000 rw-p 00019000 00:17 338317                     /usr/lib/libpthread-2.27.so
7fc2bf7fd000-7fc2bf801000 rw-p 00000000 00:00 0 
7fc2bf801000-7fc2bf826000 r-xp 00000000 00:17 338300                     /usr/lib/ld-2.27.so
7fc2bf826000-7fc2bf82a000 r--s 00095000 00:30 1480478                    /home/mark/Documents/Programming/Java/Eclipse/graphics-demos/lib/joml/joml-1.9.9-20180320.181807-2.jar
7fc2bf82a000-7fc2bf834000 r--s 000bf000 00:30 1404347                    /home/mark/Documents/Programming/Java/Eclipse/graphics-demos/lib/lwjgl/lwjgl-opengl/lwjgl-opengl.jar
7fc2bf834000-7fc2bf835000 r--s 0002a000 00:30 1404345                    /home/mark/Documents/Programming/Java/Eclipse/graphics-demos/lib/lwjgl/lwjgl-opengl/lwjgl-opengl-natives-windows.jar
7fc2bf835000-7fc2bf836000 r--s 0000b000 00:30 1404344                    /home/mark/Documents/Programming/Java/Eclipse/graphics-demos/lib/lwjgl/lwjgl-opengl/lwjgl-opengl-natives-macos.jar
7fc2bf836000-7fc2bf837000 r--s 00016000 00:30 1404343                    /home/mark/Documents/Programming/Java/Eclipse/graphics-demos/lib/lwjgl/lwjgl-opengl/lwjgl-opengl-natives-linux.jar
7fc2bf837000-7fc2bf83a000 r--s 00011000 00:30 1404333                    /home/mark/Documents/Programming/Java/Eclipse/graphics-demos/lib/lwjgl/lwjgl-openal/lwjgl-openal.jar
7fc2bf83a000-7fc2bf8e4000 rw-p 00000000 00:00 0 
7fc2bf8e4000-7fc2bf8e5000 ---p 00000000 00:00 0 
7fc2bf8e5000-7fc2bf8e8000 ---p 00000000 00:00 0 
7fc2bf8e8000-7fc2bf9e9000 rw-p 00000000 00:00 0 
7fc2bf9e9000-7fc2bf9ea000 r--s 00105000 00:30 1404331                    /home/mark/Documents/Programming/Java/Eclipse/graphics-demos/lib/lwjgl/lwjgl-openal/lwjgl-openal-natives-windows.jar
7fc2bf9ea000-7fc2bf9eb000 r--s 00064000 00:30 1404330                    /home/mark/Documents/Programming/Java/Eclipse/graphics-demos/lib/lwjgl/lwjgl-openal/lwjgl-openal-natives-macos.jar
7fc2bf9eb000-7fc2bf9ec000 r--s 00077000 00:30 1404329                    /home/mark/Documents/Programming/Java/Eclipse/graphics-demos/lib/lwjgl/lwjgl-openal/lwjgl-openal-natives-linux.jar
7fc2bf9ec000-7fc2bf9ef000 r--s 00019000 00:30 1404270                    /home/mark/Documents/Programming/Java/Eclipse/graphics-demos/lib/lwjgl/lwjgl-glfw/lwjgl-glfw.jar
7fc2bf9ef000-7fc2bf9f0000 r--s 0003d000 00:30 1404268                    /home/mark/Documents/Programming/Java/Eclipse/graphics-demos/lib/lwjgl/lwjgl-glfw/lwjgl-glfw-natives-windows.jar
7fc2bf9f0000-7fc2bf9f1000 r--s 0000e000 00:30 1404267                    /home/mark/Documents/Programming/Java/Eclipse/graphics-demos/lib/lwjgl/lwjgl-glfw/lwjgl-glfw-natives-macos.jar
7fc2bf9f1000-7fc2bf9f3000 r--s 00022000 00:30 1404266                    /home/mark/Documents/Programming/Java/Eclipse/graphics-demos/lib/lwjgl/lwjgl-glfw/lwjgl-glfw-natives-linux.jar
7fc2bf9f3000-7fc2bf9f8000 r--s 00045000 00:30 1404469                    /home/mark/Documents/Programming/Java/Eclipse/graphics-demos/lib/lwjgl/lwjgl/lwjgl.jar
7fc2bf9f8000-7fc2bf9f9000 r--s 00039000 00:30 1404467                    /home/mark/Documents/Programming/Java/Eclipse/graphics-demos/lib/lwjgl/lwjgl/lwjgl-natives-windows.jar
7fc2bf9f9000-7fc2bf9fb000 r--s 00008000 00:30 1404466                    /home/mark/Documents/Programming/Java/Eclipse/graphics-demos/lib/lwjgl/lwjgl/lwjgl-natives-macos.jar
7fc2bf9fb000-7fc2bf9fc000 r--s 00013000 00:30 1404465                    /home/mark/Documents/Programming/Java/Eclipse/graphics-demos/lib/lwjgl/lwjgl/lwjgl-natives-linux.jar
7fc2bf9fc000-7fc2bfa01000 r--s 002f9000 00:17 793562                     /usr/lib/jvm/java-8-openjdk/jre/lib/charsets.jar
7fc2bfa01000-7fc2bfa03000 r--s 00016000 00:17 793565                     /usr/lib/jvm/java-8-openjdk/jre/lib/jce.jar
7fc2bfa03000-7fc2bfa08000 r--s 0009d000 00:17 793566                     /usr/lib/jvm/java-8-openjdk/jre/lib/jsse.jar
7fc2bfa08000-7fc2bfa1b000 r--s 00346000 00:17 793572                     /usr/lib/jvm/java-8-openjdk/jre/lib/resources.jar
7fc2bfa1b000-7fc2bfa23000 rw-s 00000000 00:2f 119561                     /tmp/hsperfdata_mark/8177
7fc2bfa23000-7fc2bfa24000 rw-p 00000000 00:00 0 
7fc2bfa24000-7fc2bfa25000 r--p 00000000 00:00 0 
7fc2bfa25000-7fc2bfa26000 r--p 00024000 00:17 338300                     /usr/lib/ld-2.27.so
7fc2bfa26000-7fc2bfa27000 rw-p 00025000 00:17 338300                     /usr/lib/ld-2.27.so
7fc2bfa27000-7fc2bfa28000 rw-p 00000000 00:00 0 
7ffd1e54f000-7ffd1e570000 rw-p 00000000 00:00 0                          [stack]
7ffd1e57c000-7ffd1e57f000 r--p 00000000 00:00 0                          [vvar]
7ffd1e57f000-7ffd1e581000 r-xp 00000000 00:00 0                          [vdso]

VM Arguments:
jvm_args: -agentlib:jdwp=transport=dt_socket,suspend=y,address=localhost:40021 -javaagent:/home/mark/.eclipse/org.eclipse.platform_4.8.0_155965261_linux_gtk_x86_64/configuration/org.eclipse.osgi/232/0/.cp/lib/javaagent-shaded.jar -Dfile.encoding=UTF-8 
java_command: gui.LWJGLExample
java_class_path (initial): /usr/lib/jvm/java-8-openjdk/jre/lib/resources.jar:/usr/lib/jvm/java-8-openjdk/jre/lib/rt.jar:/usr/lib/jvm/java-8-openjdk/jre/lib/jsse.jar:/usr/lib/jvm/java-8-openjdk/jre/lib/jce.jar:/usr/lib/jvm/java-8-openjdk/jre/lib/charsets.jar:/usr/lib/jvm/java-8-openjdk/jre/lib/ext/nashorn.jar:/usr/lib/jvm/java-8-openjdk/jre/lib/ext/sunec.jar:/usr/lib/jvm/java-8-openjdk/jre/lib/ext/zipfs.jar:/usr/lib/jvm/java-8-openjdk/jre/lib/ext/jaccess.jar:/usr/lib/jvm/java-8-openjdk/jre/lib/ext/dnsns.jar:/usr/lib/jvm/java-8-openjdk/jre/lib/ext/localedata.jar:/usr/lib/jvm/java-8-openjdk/jre/lib/ext/sunjce_provider.jar:/usr/lib/jvm/java-8-openjdk/jre/lib/ext/sunpkcs11.jar:/usr/lib/jvm/java-8-openjdk/jre/lib/ext/cldrdata.jar:/home/mark/Documents/Programming/Java/Eclipse/graphics-demos/bin:/home/mark/Documents/Programming/Java/Eclipse/graphics-demos/lib/lwjgl/lwjgl/lwjgl-natives-linux.jar:/home/mark/Documents/Programming/Java/Eclipse/graphics-demos/lib/lwjgl/lwjgl/lwjgl-natives-macos.jar:/home/mark/Documents/Programming/Java/Eclipse/graphics-demos/lib/lwjgl/lwjgl/lwjgl-natives-windows.jar:/home/mark/Documents/Programming/Java/Eclipse/graphics-demos/lib/lwjgl/lwjgl/lwjgl.jar:/home/mark/Documents/Programming/Java/Eclipse/graphics-demos/lib/lwjgl/lwjgl-glfw/lwjgl-glfw-natives-linux.jar:/home/mark/Documents/Programming/Java/Eclipse/graphics-demos/lib/lwjgl/lwjgl-glfw/lwjgl-glfw-natives-macos.jar:/home/mark/Documents/Programming/Java/Eclipse/graphics-demos/lib/lwjgl/lwjgl-glfw/lwjgl-glfw-natives-windows.jar:/home/mark/Documents/Programming/Java/Eclipse/graphics-demos/lib/lwjgl/lwjgl-glfw/lwjgl-glfw.jar:/home/mark/Documents/Programming/Java/Eclipse/graphics-demos/lib/lwjgl/lwjgl-openal/lwjgl-openal-natives-linux.jar:/home/mark/Documents/Programming/Java/Eclipse/graphics-demos/lib/lwjgl/lwjgl-openal/lwjgl-openal-natives-macos.jar:/home/mark/Documents/Programming/Java/Eclipse/graphics-demos/lib/lwjgl/lwjgl-openal/lwjgl-openal-natives-windows.jar:/home/mark/Documents/Program
Launcher Type: SUN_STANDARD

Environment Variables:
PATH=/usr/local/sbin:/usr/local/bin:/usr/bin:/home/mark/.gem/ruby/2.5.0/bin:/usr/lib/jvm/default/bin:/usr/bin/site_perl:/usr/bin/vendor_perl:/usr/bin/core_perl
SHELL=/bin/zsh
DISPLAY=:0

Signal Handlers:
SIGSEGV: [libjvm.so+0xaac6c0], sa_mask[0]=11111111011111111101111111111110, sa_flags=SA_RESTART|SA_SIGINFO
SIGBUS: [libjvm.so+0xaac6c0], sa_mask[0]=11111111011111111101111111111110, sa_flags=SA_RESTART|SA_SIGINFO
SIGFPE: [libjvm.so+0x8e2e80], sa_mask[0]=11111111011111111101111111111110, sa_flags=SA_RESTART|SA_SIGINFO
SIGPIPE: [libjvm.so+0x8e2e80], sa_mask[0]=11111111011111111101111111111110, sa_flags=SA_RESTART|SA_SIGINFO
SIGXFSZ: [libjvm.so+0x8e2e80], sa_mask[0]=11111111011111111101111111111110, sa_flags=SA_RESTART|SA_SIGINFO
SIGILL: [libjvm.so+0x8e2e80], sa_mask[0]=11111111011111111101111111111110, sa_flags=SA_RESTART|SA_SIGINFO
SIGUSR1: SIG_DFL, sa_mask[0]=00000000000000000000000000000000, sa_flags=none
SIGUSR2: [libjvm.so+0x8e2d30], sa_mask[0]=00100000000000000000000000000000, sa_flags=SA_RESTART|SA_SIGINFO
SIGHUP: [libjvm.so+0x8e31e0], sa_mask[0]=11111111011111111101111111111110, sa_flags=SA_RESTART|SA_SIGINFO
SIGINT: [libjvm.so+0x8e31e0], sa_mask[0]=11111111011111111101111111111110, sa_flags=SA_RESTART|SA_SIGINFO
SIGTERM: [libjvm.so+0x8e31e0], sa_mask[0]=11111111011111111101111111111110, sa_flags=SA_RESTART|SA_SIGINFO
SIGQUIT: [libjvm.so+0x8e31e0], sa_mask[0]=11111111011111111101111111111110, sa_flags=SA_RESTART|SA_SIGINFO


---------------  S Y S T E M  ---------------

OS:NAME="Arch Linux"
PRETTY_NAME="Arch Linux"
ID=arch
ID_LIKE=archlinux
ANSI_COLOR="0;36"
HOME_URL="https://www.archlinux.org/"
SUPPORT_URL="https://bbs.archlinux.org/"
BUG_REPORT_URL="https://bugs.archlinux.org/"

uname:Linux 4.17.6-1-ARCH #1 SMP PREEMPT Wed Jul 11 19:14:29 UTC 2018 x86_64
libc:glibc 2.27 NPTL 2.27 
rlimit: STACK 8192k, CORE infinity, NPROC 63525, NOFILE 4096, AS infinity
load average:8.54 2.85 1.12

/proc/meminfo:
MemTotal:       16419880 kB
MemFree:        10315180 kB
MemAvailable:   11411488 kB
Buffers:              40 kB
Cached:          1640664 kB
SwapCached:         1016 kB
Active:          3294368 kB
Inactive:        2364244 kB
Active(anon):    3083668 kB
Inactive(anon):  1255732 kB
Active(file):     210700 kB
Inactive(file):  1108512 kB
Unevictable:           0 kB
Mlocked:               0 kB
SwapTotal:       2097148 kB
SwapFree:        2082556 kB
Dirty:               980 kB
Writeback:             0 kB
AnonPages:       4017560 kB
Mapped:           533300 kB
Shmem:            330084 kB
Slab:             166912 kB
SReclaimable:      57004 kB
SUnreclaim:       109908 kB
KernelStack:       13520 kB
PageTables:        31060 kB
NFS_Unstable:          0 kB
Bounce:                0 kB
WritebackTmp:          0 kB
CommitLimit:    10307088 kB
Committed_AS:    8103624 kB
VmallocTotal:   34359738367 kB
VmallocUsed:           0 kB
VmallocChunk:          0 kB
HardwareCorrupted:     0 kB
AnonHugePages:         0 kB
ShmemHugePages:        0 kB
ShmemPmdMapped:        0 kB
HugePages_Total:       0
HugePages_Free:        0
HugePages_Rsvd:        0
HugePages_Surp:        0
Hugepagesize:       2048 kB
Hugetlb:               0 kB
DirectMap4k:      879492 kB
DirectMap2M:    13727744 kB
DirectMap1G:     3145728 kB


CPU:total 16 (initial active 16) (16 cores per cpu, 1 threads per core) family 23 model 8 stepping 2, cmov, cx8, fxsr, mmx, sse, sse2, sse3, ssse3, sse4.1, sse4.2, popcnt, avx, avx2, aes, clmul, mmxext, 3dnowpref, lzcnt, sse4a, tsc, tscinvbit, tscinv, bmi1

/proc/cpuinfo:
processor	: 0
vendor_id	: AuthenticAMD
cpu family	: 23
model		: 8
model name	: AMD Ryzen 7 2700X Eight-Core Processor
stepping	: 2
microcode	: 0x8008206
cpu MHz		: 2827.026
cache size	: 512 KB
physical id	: 0
siblings	: 16
core id		: 0
cpu cores	: 8
apicid		: 0
initial apicid	: 0
fpu		: yes
fpu_exception	: yes
cpuid level	: 13
wp		: yes
flags		: fpu vme de pse tsc msr pae mce cx8 apic sep mtrr pge mca cmov pat pse36 clflush mmx fxsr sse sse2 ht syscall nx mmxext fxsr_opt pdpe1gb rdtscp lm constant_tsc rep_good nopl nonstop_tsc cpuid extd_apicid aperfmperf pni pclmulqdq monitor ssse3 fma cx16 sse4_1 sse4_2 movbe popcnt aes xsave avx f16c rdrand lahf_lm cmp_legacy svm extapic cr8_legacy abm sse4a misalignsse 3dnowprefetch osvw skinit wdt tce topoext perfctr_core perfctr_nb bpext perfctr_llc mwaitx cpb hw_pstate sme ssbd sev ibpb vmmcall fsgsbase bmi1 avx2 smep bmi2 rdseed adx smap clflushopt sha_ni xsaveopt xsavec xgetbv1 xsaves clzero irperf xsaveerptr arat npt lbrv svm_lock nrip_save tsc_scale vmcb_clean flushbyasid decodeassists pausefilter pfthreshold avic v_vmsave_vmload vgif overflow_recov succor smca
bugs		: sysret_ss_attrs null_seg spectre_v1 spectre_v2 spec_store_bypass
bogomips	: 7388.86
TLB size	: 2560 4K pages
clflush size	: 64
cache_alignment	: 64
address sizes	: 43 bits physical, 48 bits virtual
power management: ts ttp tm hwpstate cpb eff_freq_ro [13] [14]

processor	: 1
vendor_id	: AuthenticAMD
cpu family	: 23
model		: 8
model name	: AMD Ryzen 7 2700X Eight-Core Processor
stepping	: 2
microcode	: 0x8008206
cpu MHz		: 2826.842
cache size	: 512 KB
physical id	: 0
siblings	: 16
core id		: 0
cpu cores	: 8
apicid		: 1
initial apicid	: 1
fpu		: yes
fpu_exception	: yes
cpuid level	: 13
wp		: yes
flags		: fpu vme de pse tsc msr pae mce cx8 apic sep mtrr pge mca cmov pat pse36 clflush mmx fxsr sse sse2 ht syscall nx mmxext fxsr_opt pdpe1gb rdtscp lm constant_tsc rep_good nopl nonstop_tsc cpuid extd_apicid aperfmperf pni pclmulqdq monitor ssse3 fma cx16 sse4_1 sse4_2 movbe popcnt aes xsave avx f16c rdrand lahf_lm cmp_legacy svm extapic cr8_legacy abm sse4a misalignsse 3dnowprefetch osvw skinit wdt tce topoext perfctr_core perfctr_nb bpext perfctr_llc mwaitx cpb hw_pstate sme ssbd sev ibpb vmmcall fsgsbase bmi1 avx2 smep bmi2 rdseed adx smap clflushopt sha_ni xsaveopt xsavec xgetbv1 xsaves clzero irperf xsaveerptr arat npt lbrv svm_lock nrip_save tsc_scale vmcb_clean flushbyasid decodeassists pausefilter pfthreshold avic v_vmsave_vmload vgif overflow_recov succor smca
bugs		: sysret_ss_attrs null_seg spectre_v1 spectre_v2 spec_store_bypass
bogomips	: 7388.86
TLB size	: 2560 4K pages
clflush size	: 64
cache_alignment	: 64
address sizes	: 43 bits physical, 48 bits virtual
power management: ts ttp tm hwpstate cpb eff_freq_ro [13] [14]

processor	: 2
vendor_id	: AuthenticAMD
cpu family	: 23
model		: 8
model name	: AMD Ryzen 7 2700X Eight-Core Processor
stepping	: 2
microcode	: 0x8008206
cpu MHz		: 4005.962
cache size	: 512 KB
physical id	: 0
siblings	: 16
core id		: 1
cpu cores	: 8
apicid		: 2
initial apicid	: 2
fpu		: yes
fpu_exception	: yes
cpuid level	: 13
wp		: yes
flags		: fpu vme de pse tsc msr pae mce cx8 apic sep mtrr pge mca cmov pat pse36 clflush mmx fxsr sse sse2 ht syscall nx mmxext fxsr_opt pdpe1gb rdtscp lm constant_tsc rep_good nopl nonstop_tsc cpuid extd_apicid aperfmperf pni pclmulqdq monitor ssse3 fma cx16 sse4_1 sse4_2 movbe popcnt aes xsave avx f16c rdrand lahf_lm cmp_legacy svm extapic cr8_legacy abm sse4a misalignsse 3dnowprefetch osvw skinit wdt tce topoext perfctr_core perfctr_nb bpext perfctr_llc mwaitx cpb hw_pstate sme ssbd sev ibpb vmmcall fsgsbase bmi1 avx2 smep bmi2 rdseed adx smap clflushopt sha_ni xsaveopt xsavec xgetbv1 xsaves clzero irperf xsaveerptr arat npt lbrv svm_lock nrip_save tsc_scale vmcb_clean flushbyasid decodeassists pausefilter pfthreshold avic v_vmsave_vmload vgif overflow_recov succor smca
bugs		: sysret_ss_attrs null_seg spectre_v1 spectre_v2 spec_store_bypass
bogomips	: 7388.86
TLB size	: 2560 4K pages
clflush size	: 64
cache_alignment	: 64
address sizes	: 43 bits physical, 48 bits virtual
power management: ts ttp tm hwpstate cpb eff_freq_ro [13] [14]

processor	: 3
vendor_id	: AuthenticAMD
cpu family	: 23
model		: 8
model name	: AMD Ryzen 7 2700X Eight-Core Processor
stepping	: 2
microcode	: 0x8008206
cpu MHz		: 4142.193
cache size	: 512 KB
physical id	: 0
siblings	: 16
core id		: 1
cpu cores	: 8
apicid		: 3
initial apicid	: 3
fpu		: yes
fpu_exception	: yes
cpuid level	: 13
wp		: yes
flags		: fpu vme de pse tsc msr pae mce cx8 apic sep mtrr pge mca cmov pat pse36 clflush mmx fxsr sse sse2 ht syscall nx mmxext fxsr_opt pdpe1gb rdtscp lm constant_tsc rep_good nopl nonstop_tsc cpuid extd_apicid aperfmperf pni pclmulqdq monitor ssse3 fma cx16 sse4_1 sse4_2 movbe popcnt aes xsave avx f16c rdrand lahf_lm cmp_legacy svm extapic cr8_legacy abm sse4a misalignsse 3dnowprefetch osvw skinit wdt tce topoext perfctr_core perfctr_nb bpext perfctr_llc mwaitx cpb hw_pstate sme ssbd sev ibpb vmmcall fsgsbase bmi1 avx2 smep bmi2 rdseed adx smap clflushopt sha_ni xsaveopt xsavec xgetbv1 xsaves clzero irperf xsaveerptr arat npt lbrv svm_lock nrip_save tsc_scale vmcb_clean flushbyasid decodeassists pausefilter pfthreshold avic v_vmsave_vmload vgif overflow_recov succor smca
bugs		: sysret_ss_attrs null_seg spectre_v1 spectre_v2 spec_store_bypass
bogomips	: 7388.86
TLB size	: 2560 4K pages
clflush size	: 64
cache_alignment	: 64
address sizes	: 43 bits physical, 48 bits virtual
power management: ts ttp tm hwpstate cpb eff_freq_ro [13] [14]

processor	: 4
vendor_id	: AuthenticAMD
cpu family	: 23
model		: 8
model name	: AMD Ryzen 7 2700X Eight-Core Processor
stepping	: 2
microcode	: 0x8008206
cpu MHz		: 4261.175
cache size	: 512 KB
physical id	: 0
siblings	: 16
core id		: 2
cpu cores	: 8
apicid		: 4
initial apicid	: 4
fpu		: yes
fpu_exception	: yes
cpuid level	: 13
wp		: yes
flags		: fpu vme de pse tsc msr pae mce cx8 apic sep mtrr pge mca cmov pat pse36 clflush mmx fxsr sse sse2 ht syscall nx mmxext fxsr_opt pdpe1gb rdtscp lm constant_tsc rep_good nopl nonstop_tsc cpuid extd_apicid aperfmperf pni pclmulqdq monitor ssse3 fma cx16 sse4_1 sse4_2 movbe popcnt aes xsave avx f16c rdrand lahf_lm cmp_legacy svm extapic cr8_legacy abm sse4a misalignsse 3dnowprefetch osvw skinit wdt tce topoext perfctr_core perfctr_nb bpext perfctr_llc mwaitx cpb hw_pstate sme ssbd sev ibpb vmmcall fsgsbase bmi1 avx2 smep bmi2 rdseed adx smap clflushopt sha_ni xsaveopt xsavec xgetbv1 xsaves clzero irperf xsaveerptr arat npt lbrv svm_lock nrip_save tsc_scale vmcb_clean flushbyasid decodeassists pausefilter pfthreshold avic v_vmsave_vmload vgif overflow_recov succor smca
bugs		: sysret_ss_attrs null_seg spectre_v1 spectre_v2 spec_store_bypass
bogomips	: 7388.86
TLB size	: 2560 4K pages
clflush size	: 64
cache_alignment	: 64
address sizes	: 43 bits physical, 48 bits virtual
power management: ts ttp tm hwpstate cpb eff_freq_ro [13] [14]

processor	: 5
vendor_id	: AuthenticAMD
cpu family	: 23
model		: 8
model name	: AMD Ryzen 7 2700X Eight-Core Processor
stepping	: 2
microcode	: 0x8008206
cpu MHz		: 4241.235
cache size	: 512 KB
physical id	: 0
siblings	: 16
core id		: 2
cpu cores	: 8
apicid		: 5
initial apicid	: 5
fpu		: yes
fpu_exception	: yes
cpuid level	: 13
wp		: yes
flags		: fpu vme de pse tsc msr pae mce cx8 apic sep mtrr pge mca cmov pat pse36 clflush mmx fxsr sse sse2 ht syscall nx mmxext fxsr_opt pdpe1gb rdtscp lm constant_tsc rep_good nopl nonstop_tsc cpuid extd_apicid aperfmperf pni pclmulqdq monitor ssse3 fma cx16 sse4_1 sse4_2 movbe popcnt aes xsave avx f16c rdrand lahf_lm cmp_legacy svm extapic cr8_legacy abm sse4a misalignsse 3dnowprefetch osvw skinit wdt tce topoext perfctr_core perfctr_nb bpext perfctr_llc mwaitx cpb hw_pstate sme ssbd sev ibpb vmmcall fsgsbase bmi1 avx2 smep bmi2 rdseed adx smap clflushopt sha_ni xsaveopt xsavec xgetbv1 xsaves clzero irperf xsaveerptr arat npt lbrv svm_lock nrip_save tsc_scale vmcb_clean flushbyasid decodeassists pausefilter pfthreshold avic v_vmsave_vmload vgif overflow_recov succor smca
bugs		: sysret_ss_attrs null_seg spectre_v1 spectre_v2 spec_store_bypass
bogomips	: 7388.86
TLB size	: 2560 4K pages
clflush size	: 64
cache_alignment	: 64
address sizes	: 43 bits physical, 48 bits virtual
power management: ts ttp tm hwpstate cpb eff_freq_ro [13] [14]

processor	: 6
vendor_id	: AuthenticAMD
cpu family	: 23
model		: 8
model name	: AMD Ryzen 7 2700X Eight-Core Processor
stepping	: 2
microcode	: 0x8008206
cpu MHz		: 2120.180
cache size	: 512 KB
physical id	: 0
siblings	: 16
core id		: 3
cpu cores	: 8
apicid		: 6
initial apicid	: 6
fpu		: yes
fpu_exception	: yes
cpuid level	: 13
wp		: yes
flags		: fpu vme de pse tsc msr pae mce cx8 apic sep mtrr pge mca cmov pat pse36 clflush mmx fxsr sse sse2 ht syscall nx mmxext fxsr_opt pdpe1gb rdtscp lm constant_tsc rep_good nopl nonstop_tsc cpuid extd_apicid aperfmperf pni pclmulqdq monitor ssse3 fma cx16 sse4_1 sse4_2 movbe popcnt aes xsave avx f16c rdrand lahf_lm cmp_legacy svm extapic cr8_legacy abm sse4a misalignsse 3dnowprefetch osvw skinit wdt tce topoext perfctr_core perfctr_nb bpext perfctr_llc mwaitx cpb hw_pstate sme ssbd sev ibpb vmmcall fsgsbase bmi1 avx2 smep bmi2 rdseed adx smap clflushopt sha_ni xsaveopt xsavec xgetbv1 xsaves clzero irperf xsaveerptr arat npt lbrv svm_lock nrip_save tsc_scale vmcb_clean flushbyasid decodeassists pausefilter pfthreshold avic v_vmsave_vmload vgif overflow_recov succor smca
bugs		: sysret_ss_attrs null_seg spectre_v1 spectre_v2 spec_store_bypass
bogomips	: 7388.86
TLB size	: 2560 4K pages
clflush size	: 64
cache_alignment	: 64
address sizes	: 43 bits physical, 48 bits virtual
power management: ts ttp tm hwpstate cpb eff_freq_ro [13] [14]

processor	: 7
vendor_id	: AuthenticAMD
cpu family	: 23
model		: 8
model name	: AMD Ryzen 7 2700X Eight-Core Processor
stepping	: 2
microcode	: 0x8008206
cpu MHz		: 2121.149
cache size	: 512 KB
physical id	: 0
siblings	: 16
core id		: 3
cpu cores	: 8
apicid		: 7
initial apicid	: 7
fpu		: yes
fpu_exception	: yes
cpuid level	: 13
wp		: yes
flags		: fpu vme de pse tsc msr pae mce cx8 apic sep mtrr pge mca cmov pat pse36 clflush mmx fxsr sse sse2 ht syscall nx mmxext fxsr_opt pdpe1gb rdtscp lm constant_tsc rep_good nopl nonstop_tsc cpuid extd_apicid aperfmperf pni pclmulqdq monitor ssse3 fma cx16 sse4_1 sse4_2 movbe popcnt aes xsave avx f16c rdrand lahf_lm cmp_legacy svm extapic cr8_legacy abm sse4a misalignsse 3dnowprefetch osvw skinit wdt tce topoext perfctr_core perfctr_nb bpext perfctr_llc mwaitx cpb hw_pstate sme ssbd sev ibpb vmmcall fsgsbase bmi1 avx2 smep bmi2 rdseed adx smap clflushopt sha_ni xsaveopt xsavec xgetbv1 xsaves clzero irperf xsaveerptr arat npt lbrv svm_lock nrip_save tsc_scale vmcb_clean flushbyasid decodeassists pausefilter pfthreshold avic v_vmsave_vmload vgif overflow_recov succor smca
bugs		: sysret_ss_attrs null_seg spectre_v1 spectre_v2 spec_store_bypass
bogomips	: 7388.86
TLB size	: 2560 4K pages
clflush size	: 64
cache_alignment	: 64
address sizes	: 43 bits physical, 48 bits virtual
power management: ts ttp tm hwpstate cpb eff_freq_ro [13] [14]

processor	: 8
vendor_id	: AuthenticAMD
cpu family	: 23
model		: 8
model name	: AMD Ryzen 7 2700X Eight-Core Processor
stepping	: 2
microcode	: 0x8008206
cpu MHz		: 2198.191
cache size	: 512 KB
physical id	: 0
siblings	: 16
core id		: 4
cpu cores	: 8
apicid		: 8
initial apicid	: 8
fpu		: yes
fpu_exception	: yes
cpuid level	: 13
wp		: yes
flags		: fpu vme de pse tsc msr pae mce cx8 apic sep mtrr pge mca cmov pat pse36 clflush mmx fxsr sse sse2 ht syscall nx mmxext fxsr_opt pdpe1gb rdtscp lm constant_tsc rep_good nopl nonstop_tsc cpuid extd_apicid aperfmperf pni pclmulqdq monitor ssse3 fma cx16 sse4_1 sse4_2 movbe popcnt aes xsave avx f16c rdrand lahf_lm cmp_legacy svm extapic cr8_legacy abm sse4a misalignsse 3dnowprefetch osvw skinit wdt tce topoext perfctr_core perfctr_nb bpext perfctr_llc mwaitx cpb hw_pstate sme ssbd sev ibpb vmmcall fsgsbase bmi1 avx2 smep bmi2 rdseed adx smap clflushopt sha_ni xsaveopt xsavec xgetbv1 xsaves clzero irperf xsaveerptr arat npt lbrv svm_lock nrip_save tsc_scale vmcb_clean flushbyasid decodeassists pausefilter pfthreshold avic v_vmsave_vmload vgif overflow_recov succor smca
bugs		: sysret_ss_attrs null_seg spectre_v1 spectre_v2 spec_store_bypass
bogomips	: 7388.86
TLB size	: 2560 4K pages
clflush size	: 64
cache_alignment	: 64
address sizes	: 43 bits physical, 48 bits virtual
power management: ts ttp tm hwpstate cpb eff_freq_ro [13] [14]

processor	: 9
vendor_id	: AuthenticAMD
cpu family	: 23
model		: 8
model name	: AMD Ryzen 7 2700X Eight-Core Processor
stepping	: 2
microcode	: 0x8008206
cpu MHz		: 2191.888
cache size	: 512 KB
physical id	: 0
siblings	: 16
core id		: 4
cpu cores	: 8
apicid		: 9
initial apicid	: 9
fpu		: yes
fpu_exception	: yes
cpuid level	: 13
wp		: yes
flags		: fpu vme de pse tsc msr pae mce cx8 apic sep mtrr pge mca cmov pat pse36 clflush mmx fxsr sse sse2 ht syscall nx mmxext fxsr_opt pdpe1gb rdtscp lm constant_tsc rep_good nopl nonstop_tsc cpuid extd_apicid aperfmperf pni pclmulqdq monitor ssse3 fma cx16 sse4_1 sse4_2 movbe popcnt aes xsave avx f16c rdrand lahf_lm cmp_legacy svm extapic cr8_legacy abm sse4a misalignsse 3dnowprefetch osvw skinit wdt tce topoext perfctr_core perfctr_nb bpext perfctr_llc mwaitx cpb hw_pstate sme ssbd sev ibpb vmmcall fsgsbase bmi1 avx2 smep bmi2 rdseed adx smap clflushopt sha_ni xsaveopt xsavec xgetbv1 xsaves clzero irperf xsaveerptr arat npt lbrv svm_lock nrip_save tsc_scale vmcb_clean flushbyasid decodeassists pausefilter pfthreshold avic v_vmsave_vmload vgif overflow_recov succor smca
bugs		: sysret_ss_attrs null_seg spectre_v1 spectre_v2 spec_store_bypass
bogomips	: 7388.86
TLB size	: 2560 4K pages
clflush size	: 64
cache_alignment	: 64
address sizes	: 43 bits physical, 48 bits virtual
power management: ts ttp tm hwpstate cpb eff_freq_ro [13] [14]

processor	: 10
vendor_id	: AuthenticAMD
cpu family	: 23
model		: 8
model name	: AMD Ryzen 7 2700X Eight-Core Processor
stepping	: 2
microcode	: 0x8008206
cpu MHz		: 2194.293
cache size	: 512 KB
physical id	: 0
siblings	: 16
core id		: 5
cpu cores	: 8
apicid		: 10
initial apicid	: 10
fpu		: yes
fpu_exception	: yes
cpuid level	: 13
wp		: yes
flags		: fpu vme de pse tsc msr pae mce cx8 apic sep mtrr pge mca cmov pat pse36 clflush mmx fxsr sse sse2 ht syscall nx mmxext fxsr_opt pdpe1gb rdtscp lm constant_tsc rep_good nopl nonstop_tsc cpuid extd_apicid aperfmperf pni pclmulqdq monitor ssse3 fma cx16 sse4_1 sse4_2 movbe popcnt aes xsave avx f16c rdrand lahf_lm cmp_legacy svm extapic cr8_legacy abm sse4a misalignsse 3dnowprefetch osvw skinit wdt tce topoext perfctr_core perfctr_nb bpext perfctr_llc mwaitx cpb hw_pstate sme ssbd sev ibpb vmmcall fsgsbase bmi1 avx2 smep bmi2 rdseed adx smap clflushopt sha_ni xsaveopt xsavec xgetbv1 xsaves clzero irperf xsaveerptr arat npt lbrv svm_lock nrip_save tsc_scale vmcb_clean flushbyasid decodeassists pausefilter pfthreshold avic v_vmsave_vmload vgif overflow_recov succor smca
bugs		: sysret_ss_attrs null_seg spectre_v1 spectre_v2 spec_store_bypass
bogomips	: 7388.86
TLB size	: 2560 4K pages
clflush size	: 64
cache_alignment	: 64
address sizes	: 43 bits physical, 48 bits virtual
power management: ts ttp tm hwpstate cpb eff_freq_ro [13] [14]

processor	: 11
vendor_id	: AuthenticAMD
cpu family	: 23
model		: 8
model name	: AMD Ryzen 7 2700X Eight-Core Processor
stepping	: 2
microcode	: 0x8008206
cpu MHz		: 2195.176
cache size	: 512 KB
physical id	: 0
siblings	: 16
core id		: 5
cpu cores	: 8
apicid		: 11
initial apicid	: 11
fpu		: yes
fpu_exception	: yes
cpuid level	: 13
wp		: yes
flags		: fpu vme de pse tsc msr pae mce cx8 apic sep mtrr pge mca cmov pat pse36 clflush mmx fxsr sse sse2 ht syscall nx mmxext fxsr_opt pdpe1gb rdtscp lm constant_tsc rep_good nopl nonstop_tsc cpuid extd_apicid aperfmperf pni pclmulqdq monitor ssse3 fma cx16 sse4_1 sse4_2 movbe popcnt aes xsave avx f16c rdrand lahf_lm cmp_legacy svm extapic cr8_legacy abm sse4a misalignsse 3dnowprefetch osvw skinit wdt tce topoext perfctr_core perfctr_nb bpext perfctr_llc mwaitx cpb hw_pstate sme ssbd sev ibpb vmmcall fsgsbase bmi1 avx2 smep bmi2 rdseed adx smap clflushopt sha_ni xsaveopt xsavec xgetbv1 xsaves clzero irperf xsaveerptr arat npt lbrv svm_lock nrip_save tsc_scale vmcb_clean flushbyasid decodeassists pausefilter pfthreshold avic v_vmsave_vmload vgif overflow_recov succor smca
bugs		: sysret_ss_attrs null_seg spectre_v1 spectre_v2 spec_store_bypass
bogomips	: 7388.86
TLB size	: 2560 4K pages
clflush size	: 64
cache_alignment	: 64
address sizes	: 43 bits physical, 48 bits virtual
power management: ts ttp tm hwpstate cpb eff_freq_ro [13] [14]

processor	: 12
vendor_id	: AuthenticAMD
cpu family	: 23
model		: 8
model name	: AMD Ryzen 7 2700X Eight-Core Processor
stepping	: 2
microcode	: 0x8008206
cpu MHz		: 2198.362
cache size	: 512 KB
physical id	: 0
siblings	: 16
core id		: 6
cpu cores	: 8
apicid		: 12
initial apicid	: 12
fpu		: yes
fpu_exception	: yes
cpuid level	: 13
wp		: yes
flags		: fpu vme de pse tsc msr pae mce cx8 apic sep mtrr pge mca cmov pat pse36 clflush mmx fxsr sse sse2 ht syscall nx mmxext fxsr_opt pdpe1gb rdtscp lm constant_tsc rep_good nopl nonstop_tsc cpuid extd_apicid aperfmperf pni pclmulqdq monitor ssse3 fma cx16 sse4_1 sse4_2 movbe popcnt aes xsave avx f16c rdrand lahf_lm cmp_legacy svm extapic cr8_legacy abm sse4a misalignsse 3dnowprefetch osvw skinit wdt tce topoext perfctr_core perfctr_nb bpext perfctr_llc mwaitx cpb hw_pstate sme ssbd sev ibpb vmmcall fsgsbase bmi1 avx2 smep bmi2 rdseed adx smap clflushopt sha_ni xsaveopt xsavec xgetbv1 xsaves clzero irperf xsaveerptr arat npt lbrv svm_lock nrip_save tsc_scale vmcb_clean flushbyasid decodeassists pausefilter pfthreshold avic v_vmsave_vmload vgif overflow_recov succor smca
bugs		: sysret_ss_attrs null_seg spectre_v1 spectre_v2 spec_store_bypass
bogomips	: 7388.86
TLB size	: 2560 4K pages
clflush size	: 64
cache_alignment	: 64
address sizes	: 43 bits physical, 48 bits virtual
power management: ts ttp tm hwpstate cpb eff_freq_ro [13] [14]

processor	: 13
vendor_id	: AuthenticAMD
cpu family	: 23
model		: 8
model name	: AMD Ryzen 7 2700X Eight-Core Processor
stepping	: 2
microcode	: 0x8008206
cpu MHz		: 2191.436
cache size	: 512 KB
physical id	: 0
siblings	: 16
core id		: 6
cpu cores	: 8
apicid		: 13
initial apicid	: 13
fpu		: yes
fpu_exception	: yes
cpuid level	: 13
wp		: yes
flags		: fpu vme de pse tsc msr pae mce cx8 apic sep mtrr pge mca cmov pat pse36 clflush mmx fxsr sse sse2 ht syscall nx mmxext fxsr_opt pdpe1gb rdtscp lm constant_tsc rep_good nopl nonstop_tsc cpuid extd_apicid aperfmperf pni pclmulqdq monitor ssse3 fma cx16 sse4_1 sse4_2 movbe popcnt aes xsave avx f16c rdrand lahf_lm cmp_legacy svm extapic cr8_legacy abm sse4a misalignsse 3dnowprefetch osvw skinit wdt tce topoext perfctr_core perfctr_nb bpext perfctr_llc mwaitx cpb hw_pstate sme ssbd sev ibpb vmmcall fsgsbase bmi1 avx2 smep bmi2 rdseed adx smap clflushopt sha_ni xsaveopt xsavec xgetbv1 xsaves clzero irperf xsaveerptr arat npt lbrv svm_lock nrip_save tsc_scale vmcb_clean flushbyasid decodeassists pausefilter pfthreshold avic v_vmsave_vmload vgif overflow_recov succor smca
bugs		: sysret_ss_attrs null_seg spectre_v1 spectre_v2 spec_store_bypass
bogomips	: 7388.86
TLB size	: 2560 4K pages
clflush size	: 64
cache_alignment	: 64
address sizes	: 43 bits physical, 48 bits virtual
power management: ts ttp tm hwpstate cpb eff_freq_ro [13] [14]

processor	: 14
vendor_id	: AuthenticAMD
cpu family	: 23
model		: 8
model name	: AMD Ryzen 7 2700X Eight-Core Processor
stepping	: 2
microcode	: 0x8008206
cpu MHz		: 2194.515
cache size	: 512 KB
physical id	: 0
siblings	: 16
core id		: 7
cpu cores	: 8
apicid		: 14
initial apicid	: 14
fpu		: yes
fpu_exception	: yes
cpuid level	: 13
wp		: yes
flags		: fpu vme de pse tsc msr pae mce cx8 apic sep mtrr pge mca cmov pat pse36 clflush mmx fxsr sse sse2 ht syscall nx mmxext fxsr_opt pdpe1gb rdtscp lm constant_tsc rep_good nopl nonstop_tsc cpuid extd_apicid aperfmperf pni pclmulqdq monitor ssse3 fma cx16 sse4_1 sse4_2 movbe popcnt aes xsave avx f16c rdrand lahf_lm cmp_legacy svm extapic cr8_legacy abm sse4a misalignsse 3dnowprefetch osvw skinit wdt tce topoext perfctr_core perfctr_nb bpext perfctr_llc mwaitx cpb hw_pstate sme ssbd sev ibpb vmmcall fsgsbase bmi1 avx2 smep bmi2 rdseed adx smap clflushopt sha_ni xsaveopt xsavec xgetbv1 xsaves clzero irperf xsaveerptr arat npt lbrv svm_lock nrip_save tsc_scale vmcb_clean flushbyasid decodeassists pausefilter pfthreshold avic v_vmsave_vmload vgif overflow_recov succor smca
bugs		: sysret_ss_attrs null_seg spectre_v1 spectre_v2 spec_store_bypass
bogomips	: 7388.86
TLB size	: 2560 4K pages
clflush size	: 64
cache_alignment	: 64
address sizes	: 43 bits physical, 48 bits virtual
power management: ts ttp tm hwpstate cpb eff_freq_ro [13] [14]

processor	: 15
vendor_id	: AuthenticAMD
cpu family	: 23
model		: 8
model name	: AMD Ryzen 7 2700X Eight-Core Processor
stepping	: 2
microcode	: 0x8008206
cpu MHz		: 2190.190
cache size	: 512 KB
physical id	: 0
siblings	: 16
core id		: 7
cpu cores	: 8
apicid		: 15
initial apicid	: 15
fpu		: yes
fpu_exception	: yes
cpuid level	: 13
wp		: yes
flags		: fpu vme de pse tsc msr pae mce cx8 apic sep mtrr pge mca cmov pat pse36 clflush mmx fxsr sse sse2 ht syscall nx mmxext fxsr_opt pdpe1gb rdtscp lm constant_tsc rep_good nopl nonstop_tsc cpuid extd_apicid aperfmperf pni pclmulqdq monitor ssse3 fma cx16 sse4_1 sse4_2 movbe popcnt aes xsave avx f16c rdrand lahf_lm cmp_legacy svm extapic cr8_legacy abm sse4a misalignsse 3dnowprefetch osvw skinit wdt tce topoext perfctr_core perfctr_nb bpext perfctr_llc mwaitx cpb hw_pstate sme ssbd sev ibpb vmmcall fsgsbase bmi1 avx2 smep bmi2 rdseed adx smap clflushopt sha_ni xsaveopt xsavec xgetbv1 xsaves clzero irperf xsaveerptr arat npt lbrv svm_lock nrip_save tsc_scale vmcb_clean flushbyasid decodeassists pausefilter pfthreshold avic v_vmsave_vmload vgif overflow_recov succor smca
bugs		: sysret_ss_attrs null_seg spectre_v1 spectre_v2 spec_store_bypass
bogomips	: 7388.86
TLB size	: 2560 4K pages
clflush size	: 64
cache_alignment	: 64
address sizes	: 43 bits physical, 48 bits virtual
power management: ts ttp tm hwpstate cpb eff_freq_ro [13] [14]



Memory: 4k page, physical 16419880k(10315180k free), swap 2097148k(2082556k free)

vm_info: OpenJDK 64-Bit Server VM (25.172-b11) for linux-amd64 JRE (1.8.0_172-b11), built on Apr 26 2018 02:09:23 by "builduser" with gcc 7.3.1 20180406

time: Wed Aug  1 21:05:05 2018
elapsed time: 1 seconds (0d 0h 0m 1s)

