#
# A fatal error has been detected by the Java Runtime Environment:
#
#  SIGSEGV (0xb) at pc=0x00007f5c4c5249c4, pid=8360, tid=0x00007f5c4cc76700
#
# JRE version: OpenJDK Runtime Environment (8.0_172-b11) (build 1.8.0_172-b11)
# Java VM: OpenJDK 64-Bit Server VM (25.172-b11 mixed mode linux-amd64 compressed oops)
# Problematic frame:
# C  [liblwjgl.so+0x2f9c4]
#
# Core dump written. Default location: /home/mark/Documents/Programming/Java/Eclipse/graphics-demos/core or core.8360
#
# If you would like to submit a bug report, please visit:
#   http://bugreport.java.com/bugreport/crash.jsp
# The crash happened outside the Java Virtual Machine in native code.
# See problematic frame for where to report the bug.
#

---------------  T H R E A D  ---------------

Current thread (0x00007f5c9c4fb000):  JavaThread "octree-example" [_thread_in_native, id=8406, stack(0x00007f5c4cb76000,0x00007f5c4cc77000)]

siginfo: si_signo: 11 (SIGSEGV), si_code: 1 (SEGV_MAPERR), si_addr: 0x0000000000000000

Registers:
RAX=0x00000000000000a5, RBX=0x00007f5c8cf247f8, RCX=0x00007f5ca5370a07, RDX=0x00000000000000a5
RSP=0x00007f5c4cc75800, RBP=0x00007f5c4cc75858, RSI=0x00007f5ca563f710, RDI=0x0000000000000000
R8 =0x0000000000000000, R9 =0x0000000000000007, R10=0xfffffffffffff3c9, R11=0x0000000000000000
R12=0x0000000000000000, R13=0x00007f5c8cf247f8, R14=0x00007f5c4cc75870, R15=0x00007f5c9c4fb000
RIP=0x00007f5c4c5249c4, EFLAGS=0x0000000000010202, CSGSFS=0x002b000000000033, ERR=0x0000000000000004
  TRAPNO=0x000000000000000e

Top of Stack: (sp=0x00007f5c4cc75800)
0x00007f5c4cc75800:   00007f5c4cc75858 00007f5c8d0201a8
0x00007f5c4cc75810:   00007f5c8d01fbe2 00007f5c4cc75818
0x00007f5c4cc75820:   00007f5c8cf247f8 00007f5c4cc75870
0x00007f5c4cc75830:   00007f5c8cf40cd0 0000000000000000
0x00007f5c4cc75840:   00007f5c8cf247f8 0000000000000000
0x00007f5c4cc75850:   00007f5c4cc75878 00007f5c4cc758b8
0x00007f5c4cc75860:   00007f5c8d00809d 00000007706f2fa8
0x00007f5c4cc75870:   00007f5c8d016a78 00007f5c4cc75878
0x00007f5c4cc75880:   00007f5c8cc420c5 00007f5c4cc758d0
0x00007f5c4cc75890:   00007f5c8cc4d400 0000000000000000
0x00007f5c4cc758a0:   00007f5c8cc42100 00007f5c4cc75878
0x00007f5c4cc758b0:   00007f5c4cc758c8 00007f5c4cc75918
0x00007f5c4cc758c0:   00007f5c8d00809d 0000000000200000
0x00007f5c4cc758d0:   0000000770680760 00007f5c4cc758d8
0x00007f5c4cc758e0:   00007f5c8cc419a8 00007f5c4cc759c0
0x00007f5c4cc758f0:   00007f5c8cc4d400 0000000000000000
0x00007f5c4cc75900:   00007f5c8cc41b58 00007f5c4cc758c8
0x00007f5c4cc75910:   00007f5c4cc759c0 00007f5c4cc75a08
0x00007f5c4cc75920:   00007f5c8d0080e2 0000000000000000
0x00007f5c4cc75930:   000000076f0e3430 000000076f355368
0x00007f5c4cc75940:   0000000000000002 0000000000000001
0x00007f5c4cc75950:   0000000000000000 000000076ef6e578
0x00007f5c4cc75960:   0000000000000001 0000000000000001
0x00007f5c4cc75970:   0000000000200000 000000076ef5ded0
0x00007f5c4cc75980:   000000076ef5de48 000000076ef5de10
0x00007f5c4cc75990:   000000076ef5ae10 00000006e387cf60
0x00007f5c4cc759a0:   00000006df438b08 00000006c5a9f160
0x00007f5c4cc759b0:   000000076ef5ae00 00000007706808f8
0x00007f5c4cc759c0:   0000000770680760 00007f5c4cc759c8
0x00007f5c4cc759d0:   00007f5c8c82f1cb 00007f5c4cc75a18
0x00007f5c4cc759e0:   00007f5c8c8b8d20 0000000000000000
0x00007f5c4cc759f0:   00007f5c8c82f1d8 00007f5c4cc759c0 

Instructions: (pc=0x00007f5c4c5249c4)
0x00007f5c4c5249a4:   48 8b 05 4d 56 22 00 48 8d 3d a6 fa 00 00 ba a5
0x00007f5c4c5249b4:   00 00 00 be 01 00 00 00 48 8b 08 e8 6c 0a ff ff
0x00007f5c4c5249c4:   8b 04 25 00 00 00 00 0f 0b 0f 1f 00 48 89 d7 e9
0x00007f5c4c5249d4:   38 02 ff ff 0f 1f 84 00 00 00 00 00 48 89 ce 48 

Register to memory mapping:

RAX=0x00000000000000a5 is an unknown value
RBX={method} {0x00007f5c8cf247f8} 'glLoadIdentity' '()V' in 'org/lwjgl/opengl/GL11'
RCX=0x00007f5ca5370a07: __write+0x47 in /usr/lib/libc.so.6 at 0x00007f5ca5287000
RDX=0x00000000000000a5 is an unknown value
RSP=0x00007f5c4cc75800 is pointing into the stack for thread: 0x00007f5c9c4fb000
RBP=0x00007f5c4cc75858 is pointing into the stack for thread: 0x00007f5c9c4fb000
RSI=0x00007f5ca563f710: <offset 0x3b8710> in /usr/lib/libc.so.6 at 0x00007f5ca5287000
RDI=0x0000000000000000 is an unknown value
R8 =0x0000000000000000 is an unknown value
R9 =0x0000000000000007 is an unknown value
R10=0xfffffffffffff3c9 is an unknown value
R11=0x0000000000000000 is an unknown value
R12=0x0000000000000000 is an unknown value
R13={method} {0x00007f5c8cf247f8} 'glLoadIdentity' '()V' in 'org/lwjgl/opengl/GL11'
R14=0x00007f5c4cc75870 is pointing into the stack for thread: 0x00007f5c9c4fb000
R15=0x00007f5c9c4fb000 is a thread


Stack: [0x00007f5c4cb76000,0x00007f5c4cc77000],  sp=0x00007f5c4cc75800,  free space=1022k
Native frames: (J=compiled Java code, j=interpreted, Vv=VM code, C=native code)
C  [liblwjgl.so+0x2f9c4]
j  gui.LWJGLExample.render(I)V+13
j  gui.LWJGLExample.run()V+720
j  java.lang.Thread.run()V+11
v  ~StubRoutines::call_stub
V  [libjvm.so+0x68121b]
V  [libjvm.so+0x67e8db]
V  [libjvm.so+0x67eec7]
V  [libjvm.so+0x6c187b]
V  [libjvm.so+0xa49553]
V  [libjvm.so+0xa498b8]
V  [libjvm.so+0x8e4c12]
C  [libpthread.so.0+0x7075]  start_thread+0xe5

Java frames: (J=compiled Java code, j=interpreted, Vv=VM code)
j  org.lwjgl.opengl.GL11.glLoadIdentity()V+0
j  gui.LWJGLExample.render(I)V+13
j  gui.LWJGLExample.run()V+720
j  java.lang.Thread.run()V+11
v  ~StubRoutines::call_stub

---------------  P R O C E S S  ---------------

Java Threads: ( => current thread )
  0x00007f5c9c00f000 JavaThread "DestroyJavaVM" [_thread_blocked, id=8365, stack(0x00007f5ca5f6f000,0x00007f5ca606f000)]
=>0x00007f5c9c4fb000 JavaThread "octree-example" [_thread_in_native, id=8406, stack(0x00007f5c4cb76000,0x00007f5c4cc77000)]
  0x00007f5c9c446000 JavaThread "Service Thread" daemon [_thread_blocked, id=8404, stack(0x00007f5c4cd78000,0x00007f5c4ce79000)]
  0x00007f5c9c441800 JavaThread "C1 CompilerThread11" daemon [_thread_blocked, id=8403, stack(0x00007f5c4ce7a000,0x00007f5c4cf7a000)]
  0x00007f5c9c43f000 JavaThread "C1 CompilerThread10" daemon [_thread_blocked, id=8402, stack(0x00007f5c4cf7b000,0x00007f5c4d07b000)]
  0x00007f5c9c43d800 JavaThread "C1 CompilerThread9" daemon [_thread_blocked, id=8401, stack(0x00007f5c4d07c000,0x00007f5c4d17c000)]
  0x00007f5c9c43b800 JavaThread "C1 CompilerThread8" daemon [_thread_blocked, id=8400, stack(0x00007f5c4d17d000,0x00007f5c4d27d000)]
  0x00007f5c9c4ec000 JavaThread "C2 CompilerThread7" daemon [_thread_blocked, id=8399, stack(0x00007f5c4d27e000,0x00007f5c4d37e000)]
  0x00007f5c9c4ea000 JavaThread "C2 CompilerThread6" daemon [_thread_blocked, id=8398, stack(0x00007f5c4d37f000,0x00007f5c4d47f000)]
  0x00007f5c9c4e8000 JavaThread "C2 CompilerThread5" daemon [_thread_blocked, id=8397, stack(0x00007f5c4d480000,0x00007f5c4d580000)]
  0x00007f5c9c4e6000 JavaThread "C2 CompilerThread4" daemon [_thread_blocked, id=8396, stack(0x00007f5c4d581000,0x00007f5c4d681000)]
  0x00007f5c9c438800 JavaThread "C2 CompilerThread3" daemon [_thread_blocked, id=8395, stack(0x00007f5c4d682000,0x00007f5c4d782000)]
  0x00007f5c9c436800 JavaThread "C2 CompilerThread2" daemon [_thread_blocked, id=8394, stack(0x00007f5c4d783000,0x00007f5c4d883000)]
  0x00007f5c9c431800 JavaThread "C2 CompilerThread1" daemon [_thread_blocked, id=8393, stack(0x00007f5c4d884000,0x00007f5c4d984000)]
  0x00007f5c9c434800 JavaThread "C2 CompilerThread0" daemon [_thread_blocked, id=8392, stack(0x00007f5c4d985000,0x00007f5c4da85000)]
  0x00007f5c3c001000 JavaThread "JDWP Command Reader" daemon [_thread_in_native, id=8390, stack(0x00007f5c4da85000,0x00007f5c4db86000)]
  0x00007f5c9c2c4000 JavaThread "JDWP Event Helper Thread" daemon [_thread_blocked, id=8389, stack(0x00007f5c4db86000,0x00007f5c4dc87000)]
  0x00007f5c9c2c0800 JavaThread "JDWP Transport Listener: dt_socket" daemon [_thread_blocked, id=8386, stack(0x00007f5c4dc87000,0x00007f5c4dd88000)]
  0x00007f5c9c2b3800 JavaThread "Signal Dispatcher" daemon [_thread_blocked, id=8384, stack(0x00007f5c4df8d000,0x00007f5c4e08e000)]
  0x00007f5c9c281800 JavaThread "Finalizer" daemon [_thread_blocked, id=8383, stack(0x00007f5c4e08e000,0x00007f5c4e18f000)]
  0x00007f5c9c27d000 JavaThread "Reference Handler" daemon [_thread_blocked, id=8382, stack(0x00007f5c4e18f000,0x00007f5c4e290000)]

Other Threads:
  0x00007f5c9c275800 VMThread [stack: 0x00007f5c4e291000,0x00007f5c4e391000] [id=8381]
  0x00007f5c9c4f5800 WatcherThread [stack: 0x00007f5c4cc78000,0x00007f5c4cd78000] [id=8405]

VM state:not at safepoint (normal execution)

VM Mutex/Monitor currently owned by a thread: None

Heap:
 PSYoungGen      total 75264K, used 64503K [0x000000076c780000, 0x0000000771b80000, 0x00000007c0000000)
  eden space 64512K, 83% used [0x000000076c780000,0x000000076fc019b8,0x0000000770680000)
  from space 10752K, 99% used [0x0000000770680000,0x00000007710fc5e8,0x0000000771100000)
  to   space 10752K, 0% used [0x0000000771100000,0x0000000771100000,0x0000000771b80000)
 ParOldGen       total 591872K, used 563972K [0x00000006c5600000, 0x00000006e9800000, 0x000000076c780000)
  object space 591872K, 95% used [0x00000006c5600000,0x00000006e7cc13b8,0x00000006e9800000)
 Metaspace       used 12323K, capacity 12565K, committed 12928K, reserved 1060864K
  class space    used 995K, capacity 1067K, committed 1152K, reserved 1048576K

Card table byte_map: [0x00007f5ca2134000,0x00007f5ca290a000] byte_map_base: 0x00007f5c9eb09000

Marking Bits: (ParMarkBitMap*) 0x00007f5ca526a140
 Begin Bits: [0x00007f5c502b0000, 0x00007f5c54158000)
 End Bits:   [0x00007f5c54158000, 0x00007f5c58000000)

Polling page: 0x00007f5ca60ae000

CodeCache: size=245760Kb used=6701Kb max_used=6705Kb free=239058Kb
 bounds [0x00007f5c8d000000, 0x00007f5c8d6a0000, 0x00007f5c9c000000]
 total_blobs=1981 nmethods=1053 adapters=849
 compilation: enabled

Compilation events (10 events):
Event: 1.324 Thread 0x00007f5c9c4e6000 nmethod 1047 0x00007f5c8d6891d0 code [0x00007f5c8d689320, 0x00007f5c8d689558]
Event: 1.324 Thread 0x00007f5c9c441800 nmethod 1048 0x00007f5c8d68ee90 code [0x00007f5c8d68f060, 0x00007f5c8d68f668]
Event: 1.325 Thread 0x00007f5c9c436800 1049       4       org.eclipse.jdt.launching.internal.org.objectweb.asm.ByteVector::<init> (13 bytes)
Event: 1.326 Thread 0x00007f5c9c436800 nmethod 1049 0x00007f5c8d68eb90 code [0x00007f5c8d68ece0, 0x00007f5c8d68edf8]
Event: 1.328 Thread 0x00007f5c9c43b800 1050       3       java.lang.ClassNotFoundException::<init> (7 bytes)
Event: 1.328 Thread 0x00007f5c9c43b800 nmethod 1050 0x00007f5c8d68e490 code [0x00007f5c8d68e600, 0x00007f5c8d68e868]
Event: 1.330 Thread 0x00007f5c9c43f000 1051       3       java.lang.Class::reflectionData (49 bytes)
Event: 1.330 Thread 0x00007f5c9c43d800 1052       3       java.lang.Class::checkInitted (19 bytes)
Event: 1.330 Thread 0x00007f5c9c441800 1053       3       java.lang.Class::getReflectionFactory (26 bytes)
Event: 1.330 Thread 0x00007f5c9c43d800 nmethod 1052 0x00007f5c8d690cd0 code [0x00007f5c8d690e60, 0x00007f5c8d691128]

GC Heap History (2 events):
Event: 0.934 GC heap before
{Heap before GC invocations=1 (full 0):
 PSYoungGen      total 75264K, used 64512K [0x000000076c780000, 0x0000000771b80000, 0x00000007c0000000)
  eden space 64512K, 100% used [0x000000076c780000,0x0000000770680000,0x0000000770680000)
  from space 10752K, 0% used [0x0000000771100000,0x0000000771100000,0x0000000771b80000)
  to   space 10752K, 0% used [0x0000000770680000,0x0000000770680000,0x0000000771100000)
 ParOldGen       total 172032K, used 0K [0x00000006c5600000, 0x00000006cfe00000, 0x000000076c780000)
  object space 172032K, 0% used [0x00000006c5600000,0x00000006c5600000,0x00000006cfe00000)
 Metaspace       used 10534K, capacity 10739K, committed 11008K, reserved 1058816K
  class space    used 884K, capacity 970K, committed 1024K, reserved 1048576K
Event: 0.941 GC heap after
Heap after GC invocations=1 (full 0):
 PSYoungGen      total 75264K, used 10737K [0x000000076c780000, 0x0000000771b80000, 0x00000007c0000000)
  eden space 64512K, 0% used [0x000000076c780000,0x000000076c780000,0x0000000770680000)
  from space 10752K, 99% used [0x0000000770680000,0x00000007710fc5e8,0x0000000771100000)
  to   space 10752K, 0% used [0x0000000771100000,0x0000000771100000,0x0000000771b80000)
 ParOldGen       total 172032K, used 4732K [0x00000006c5600000, 0x00000006cfe00000, 0x000000076c780000)
  object space 172032K, 2% used [0x00000006c5600000,0x00000006c5a9f160,0x00000006cfe00000)
 Metaspace       used 10534K, capacity 10739K, committed 11008K, reserved 1058816K
  class space    used 884K, capacity 970K, committed 1024K, reserved 1048576K
}

Deoptimization events (7 events):
Event: 0.923 Thread 0x00007f5c9c4fb000 Uncommon trap: reason=unstable_if action=reinterpret pc=0x00007f5c8d59f534 method=org.eclipse.jdt.launching.internal.org.objectweb.asm.SymbolTable.addConstant(Ljava/lang/Object;)Lorg/eclipse/jdt/launching/internal/org/objectweb/asm/Symbol; @ 145
Event: 1.252 Thread 0x00007f5c9c4fb000 Uncommon trap: reason=unstable_if action=reinterpret pc=0x00007f5c8d3dbb0c method=java.lang.String.replace(CC)Ljava/lang/String; @ 26
Event: 1.279 Thread 0x00007f5c9c4fb000 Uncommon trap: reason=unstable_if action=reinterpret pc=0x00007f5c8d4454dc method=org.eclipse.jdt.launching.internal.org.objectweb.asm.SymbolTable.addConstantUtf8(Ljava/lang/String;)I @ 40
Event: 1.281 Thread 0x00007f5c9c4fb000 Uncommon trap: reason=unstable_if action=reinterpret pc=0x00007f5c8d5c0d5c method=org.eclipse.jdt.launching.internal.org.objectweb.asm.MethodWriter.computeMethodInfoSize()I @ 358
Event: 1.281 Thread 0x00007f5c9c4fb000 Uncommon trap: reason=unstable_if action=reinterpret pc=0x00007f5c8d5d7384 method=org.eclipse.jdt.launching.internal.org.objectweb.asm.FieldWriter.putFieldInfo(Lorg/eclipse/jdt/launching/internal/org/objectweb/asm/ByteVector;)V @ 9
Event: 1.281 Thread 0x00007f5c9c4fb000 Uncommon trap: reason=unstable_if action=reinterpret pc=0x00007f5c8d640c04 method=org.eclipse.jdt.launching.internal.org.objectweb.asm.MethodWriter.putMethodInfo(Lorg/eclipse/jdt/launching/internal/org/objectweb/asm/ByteVector;)V @ 9
Event: 1.294 Thread 0x00007f5c9c4fb000 Uncommon trap: reason=unstable_if action=reinterpret pc=0x00007f5c8d61acf0 method=org.eclipse.jdt.launching.internal.org.objectweb.asm.ClassReader.readMethod(Lorg/eclipse/jdt/launching/internal/org/objectweb/asm/ClassVisitor;Lorg/eclipse/jdt/launching/int

Classes redefined (0 events):
No events

Internal exceptions (10 events):
Event: 0.379 Thread 0x00007f5c9c4fb000 Exception <a 'java/lang/NoSuchMethodError': java.lang.Object.lambda$static$0(Ljava/lang/String;)Ljava/lang/Boolean;> (0x000000076d5941e0) thrown at [/build/java8-openjdk/src/jdk8u-jdk8u172-b11/hotspot/src/share/vm/interpreter/linkResolver.cpp, line 620]
Event: 0.394 Thread 0x00007f5c9c4fb000 Exception <a 'java/lang/NoSuchFieldError': method resolution failed> (0x000000076d616610) thrown at [/build/java8-openjdk/src/jdk8u-jdk8u172-b11/hotspot/src/share/vm/prims/methodHandles.cpp, line 1167]
Event: 0.397 Thread 0x00007f5c9c4fb000 Exception <a 'java/lang/NoSuchFieldError': method resolution failed> (0x000000076d624458) thrown at [/build/java8-openjdk/src/jdk8u-jdk8u172-b11/hotspot/src/share/vm/prims/methodHandles.cpp, line 1167]
Event: 0.433 Thread 0x00007f5c9c4fb000 Exception <a 'java/security/PrivilegedActionException'> (0x000000076da76560) thrown at [/build/java8-openjdk/src/jdk8u-jdk8u172-b11/hotspot/src/share/vm/prims/jvm.cpp, line 1435]
Event: 0.433 Thread 0x00007f5c9c4fb000 Exception <a 'java/security/PrivilegedActionException'> (0x000000076da76770) thrown at [/build/java8-openjdk/src/jdk8u-jdk8u172-b11/hotspot/src/share/vm/prims/jvm.cpp, line 1435]
Event: 0.433 Thread 0x00007f5c9c4fb000 Exception <a 'java/security/PrivilegedActionException'> (0x000000076da787f8) thrown at [/build/java8-openjdk/src/jdk8u-jdk8u172-b11/hotspot/src/share/vm/prims/jvm.cpp, line 1435]
Event: 0.433 Thread 0x00007f5c9c4fb000 Exception <a 'java/security/PrivilegedActionException'> (0x000000076da78a08) thrown at [/build/java8-openjdk/src/jdk8u-jdk8u172-b11/hotspot/src/share/vm/prims/jvm.cpp, line 1435]
Event: 0.433 Thread 0x00007f5c9c4fb000 Exception <a 'java/security/PrivilegedActionException'> (0x000000076da79650) thrown at [/build/java8-openjdk/src/jdk8u-jdk8u172-b11/hotspot/src/share/vm/prims/jvm.cpp, line 1435]
Event: 0.433 Thread 0x00007f5c9c4fb000 Exception <a 'java/security/PrivilegedActionException'> (0x000000076da79860) thrown at [/build/java8-openjdk/src/jdk8u-jdk8u172-b11/hotspot/src/share/vm/prims/jvm.cpp, line 1435]
Event: 0.644 Thread 0x00007f5c9c4fb000 Exception <a 'sun/nio/fs/UnixException'> (0x000000076dfe97a0) thrown at [/build/java8-openjdk/src/jdk8u-jdk8u172-b11/hotspot/src/share/vm/prims/jni.cpp, line 709]

Events (10 events):
Event: 1.327 Thread 0x00007f5c9c4fb000 DEOPT PACKING pc=0x00007f5c8d3843e4 sp=0x00007f5c4cc73f20
Event: 1.327 Thread 0x00007f5c9c4fb000 DEOPT UNPACKING pc=0x00007f5c8d0470c4 sp=0x00007f5c4cc73d60 mode 1
Event: 1.328 loading class org/joml/Quaternionfc
Event: 1.328 loading class org/joml/Quaternionfc done
Event: 1.328 Thread 0x00007f5c9c4fb000 DEOPT PACKING pc=0x00007f5c8d5619f1 sp=0x00007f5c4cc71bb0
Event: 1.328 Thread 0x00007f5c9c4fb000 DEOPT UNPACKING pc=0x00007f5c8d0470c4 sp=0x00007f5c4cc71920 mode 1
Event: 1.328 Thread 0x00007f5c9c4fb000 DEOPT PACKING pc=0x00007f5c8d384644 sp=0x00007f5c4cc71c30
Event: 1.328 Thread 0x00007f5c9c4fb000 DEOPT UNPACKING pc=0x00007f5c8d0470c4 sp=0x00007f5c4cc71a70 mode 1
Event: 1.328 Thread 0x00007f5c9c4fb000 DEOPT PACKING pc=0x00007f5c8d3843e4 sp=0x00007f5c4cc71dc0
Event: 1.328 Thread 0x00007f5c9c4fb000 DEOPT UNPACKING pc=0x00007f5c8d0470c4 sp=0x00007f5c4cc71c00 mode 1


Dynamic libraries:
41575000-41616000 rw-p 00000000 00:00 0 
6c5600000-6e9800000 rw-p 00000000 00:00 0 
6e9800000-76c780000 ---p 00000000 00:00 0 
76c780000-771b80000 rw-p 00000000 00:00 0 
771b80000-7c0000000 ---p 00000000 00:00 0 
7c0000000-7c0120000 rw-p 00000000 00:00 0 
7c0120000-800000000 ---p 00000000 00:00 0 
55cf9b613000-55cf9b614000 r-xp 00000000 00:17 793665                     /usr/lib/jvm/java-8-openjdk/jre/bin/java
55cf9b813000-55cf9b814000 r--p 00000000 00:17 793665                     /usr/lib/jvm/java-8-openjdk/jre/bin/java
55cf9b814000-55cf9b815000 rw-p 00001000 00:17 793665                     /usr/lib/jvm/java-8-openjdk/jre/bin/java
55cf9d778000-55cf9d799000 rw-p 00000000 00:00 0                          [heap]
7f5bca907000-7f5bcad07000 rw-s 00000000 00:06 26642                      /dev/nvidiactl
7f5bcad07000-7f5bcb107000 rw-s 00000000 00:06 26642                      /dev/nvidiactl
7f5bcb107000-7f5bee32c000 rw-p 00000000 00:00 0 
7f5bee32c000-7f5befae5000 r-xp 00000000 00:17 592129                     /usr/lib/libnvidia-glcore.so.396.24
7f5befae5000-7f5befce5000 ---p 017b9000 00:17 592129                     /usr/lib/libnvidia-glcore.so.396.24
7f5befce5000-7f5beffe7000 rw-p 017b9000 00:17 592129                     /usr/lib/libnvidia-glcore.so.396.24
7f5beffe7000-7f5bf0000000 rw-p 00000000 00:00 0 
7f5bf0000000-7f5bf0c88000 rw-p 00000000 00:00 0 
7f5bf0c88000-7f5bf4000000 ---p 00000000 00:00 0 
7f5bf42a4000-7f5bf46a4000 rw-s 00000000 00:06 26642                      /dev/nvidiactl
7f5bf46a4000-7f5bf4aa4000 rw-s 00000000 00:06 26642                      /dev/nvidiactl
7f5bf4aa4000-7f5bf4ca4000 rw-s 00000000 00:06 26642                      /dev/nvidiactl
7f5bf4ca4000-7f5bf4e24000 rw-p 00000000 00:00 0 
7f5bf4e24000-7f5bf4ea4000 ---p 00000000 00:00 0 
7f5bf4ea4000-7f5bf4f0f000 r-xp 00000000 00:2f 70696                      /tmp/lwjglmark/3.1.6-build-14/liblwjgl_opengl.so
7f5bf4f0f000-7f5bf510e000 ---p 0006b000 00:2f 70696                      /tmp/lwjglmark/3.1.6-build-14/liblwjgl_opengl.so
7f5bf510e000-7f5bf510f000 r--p 0006a000 00:2f 70696                      /tmp/lwjglmark/3.1.6-build-14/liblwjgl_opengl.so
7f5bf510f000-7f5bf5110000 rw-p 0006b000 00:2f 70696                      /tmp/lwjglmark/3.1.6-build-14/liblwjgl_opengl.so
7f5bf51d9000-7f5bf53d9000 rw-p 00000000 00:00 0 
7f5bf53d9000-7f5bf5419000 rw-s 00000000 00:30 1564845                    /home/mark/#1564845 (deleted)
7f5bf5419000-7f5bf5499000 rw-s 00000000 00:06 26642                      /dev/nvidiactl
7f5bf5499000-7f5bf5519000 rw-s 00000000 00:06 26642                      /dev/nvidiactl
7f5bf5519000-7f5bf5599000 rw-s 00000000 00:06 26642                      /dev/nvidiactl
7f5bf5599000-7f5bf5699000 rw-s 00000000 00:06 26642                      /dev/nvidiactl
7f5bf5699000-7f5bf56aa000 r-xp 00000000 00:17 465826                     /usr/lib/libdrm.so.2.4.0
7f5bf56aa000-7f5bf58a9000 ---p 00011000 00:17 465826                     /usr/lib/libdrm.so.2.4.0
7f5bf58a9000-7f5bf58aa000 r--p 00010000 00:17 465826                     /usr/lib/libdrm.so.2.4.0
7f5bf58aa000-7f5bf58ab000 rw-p 00011000 00:17 465826                     /usr/lib/libdrm.so.2.4.0
7f5bf58ab000-7f5bf59b0000 rw-s 00000000 00:06 26642                      /dev/nvidiactl
7f5bf59b0000-7f5bf59b3000 r-xp 00000000 00:17 592154                     /usr/lib/tls/libnvidia-tls.so.396.24
7f5bf59b3000-7f5bf5bb3000 ---p 00003000 00:17 592154                     /usr/lib/tls/libnvidia-tls.so.396.24
7f5bf5bb3000-7f5bf5bb4000 rw-p 00003000 00:17 592154                     /usr/lib/tls/libnvidia-tls.so.396.24
7f5bf5bb4000-7f5bf5cc5000 r-xp 00000000 00:17 592108                     /usr/lib/libGLX_nvidia.so.396.24
7f5bf5cc5000-7f5bf5ec5000 ---p 00111000 00:17 592108                     /usr/lib/libGLX_nvidia.so.396.24
7f5bf5ec5000-7f5bf5eea000 rw-p 00111000 00:17 592108                     /usr/lib/libGLX_nvidia.so.396.24
7f5bf5eea000-7f5bf5ef1000 rw-p 00000000 00:00 0 
7f5bf5ef1000-7f5bf5f33000 r-xp 00000000 00:17 267538                     /usr/lib/libGLdispatch.so.0.0.0
7f5bf5f33000-7f5bf5f4c000 r-xp 00042000 00:17 267538                     /usr/lib/libGLdispatch.so.0.0.0
7f5bf5f4c000-7f5bf5f5f000 r-xp 0005b000 00:17 267538                     /usr/lib/libGLdispatch.so.0.0.0
7f5bf5f5f000-7f5bf615e000 ---p 0006e000 00:17 267538                     /usr/lib/libGLdispatch.so.0.0.0
7f5bf615e000-7f5bf6186000 r--p 0006d000 00:17 267538                     /usr/lib/libGLdispatch.so.0.0.0
7f5bf6186000-7f5bf6187000 rw-p 00095000 00:17 267538                     /usr/lib/libGLdispatch.so.0.0.0
7f5bf6187000-7f5bf61a7000 rw-p 00000000 00:00 0 
7f5bf61a7000-7f5bf61b7000 r-xp 00000000 00:17 267541                     /usr/lib/libGLX.so.0.0.0
7f5bf61b7000-7f5bf63b6000 ---p 00010000 00:17 267541                     /usr/lib/libGLX.so.0.0.0
7f5bf63b6000-7f5bf63b7000 r--p 0000f000 00:17 267541                     /usr/lib/libGLX.so.0.0.0
7f5bf63b7000-7f5bf63b8000 rw-p 00010000 00:17 267541                     /usr/lib/libGLX.so.0.0.0
7f5bf63b8000-7f5bf63d8000 rw-p 00000000 00:00 0 
7f5bf63d8000-7f5bf641b000 r-xp 00000000 00:17 267542                     /usr/lib/libGL.so.1.0.0
7f5bf641b000-7f5bf6434000 r-xp 00043000 00:17 267542                     /usr/lib/libGL.so.1.0.0
7f5bf6434000-7f5bf6448000 r-xp 0005c000 00:17 267542                     /usr/lib/libGL.so.1.0.0
7f5bf6448000-7f5bf6647000 ---p 00070000 00:17 267542                     /usr/lib/libGL.so.1.0.0
7f5bf6647000-7f5bf6661000 r--p 0006f000 00:17 267542                     /usr/lib/libGL.so.1.0.0
7f5bf6661000-7f5bf6662000 rw-p 00089000 00:17 267542                     /usr/lib/libGL.so.1.0.0
7f5bf6662000-7f5bf6663000 rw-p 00000000 00:00 0 
7f5bf6663000-7f5bf6664000 r-xp 00000000 00:17 54525                      /usr/lib/libX11-xcb.so.1.0.0
7f5bf6664000-7f5bf6863000 ---p 00001000 00:17 54525                      /usr/lib/libX11-xcb.so.1.0.0
7f5bf6863000-7f5bf6864000 r--p 00000000 00:17 54525                      /usr/lib/libX11-xcb.so.1.0.0
7f5bf6864000-7f5bf6865000 rw-p 00001000 00:17 54525                      /usr/lib/libX11-xcb.so.1.0.0
7f5bf6865000-7f5bf6867000 r-xp 00000000 00:17 833832                     /usr/lib/libXinerama.so.1.0.0
7f5bf6867000-7f5bf6a66000 ---p 00002000 00:17 833832                     /usr/lib/libXinerama.so.1.0.0
7f5bf6a66000-7f5bf6a67000 r--p 00001000 00:17 833832                     /usr/lib/libXinerama.so.1.0.0
7f5bf6a67000-7f5bf6a68000 rw-p 00002000 00:17 833832                     /usr/lib/libXinerama.so.1.0.0
7f5bf6a68000-7f5bf6a6d000 r-xp 00000000 00:17 55502                      /usr/lib/libXfixes.so.3.1.0
7f5bf6a6d000-7f5bf6c6c000 ---p 00005000 00:17 55502                      /usr/lib/libXfixes.so.3.1.0
7f5bf6c6c000-7f5bf6c6d000 r--p 00004000 00:17 55502                      /usr/lib/libXfixes.so.3.1.0
7f5bf6c6d000-7f5bf6c6e000 rw-p 00005000 00:17 55502                      /usr/lib/libXfixes.so.3.1.0
7f5bf6c6e000-7f5bf6c77000 r-xp 00000000 00:17 57640                      /usr/lib/libXcursor.so.1.0.2
7f5bf6c77000-7f5bf6e76000 ---p 00009000 00:17 57640                      /usr/lib/libXcursor.so.1.0.2
7f5bf6e76000-7f5bf6e77000 r--p 00008000 00:17 57640                      /usr/lib/libXcursor.so.1.0.2
7f5bf6e77000-7f5bf6e78000 rw-p 00009000 00:17 57640                      /usr/lib/libXcursor.so.1.0.2
7f5bf6e78000-7f5bf6e81000 r-xp 00000000 00:17 56925                      /usr/lib/libXrender.so.1.3.0
7f5bf6e81000-7f5bf7081000 ---p 00009000 00:17 56925                      /usr/lib/libXrender.so.1.3.0
7f5bf7081000-7f5bf7082000 r--p 00009000 00:17 56925                      /usr/lib/libXrender.so.1.3.0
7f5bf7082000-7f5bf7083000 rw-p 0000a000 00:17 56925                      /usr/lib/libXrender.so.1.3.0
7f5bf7083000-7f5bf708d000 r-xp 00000000 00:17 57665                      /usr/lib/libXrandr.so.2.2.0
7f5bf708d000-7f5bf728c000 ---p 0000a000 00:17 57665                      /usr/lib/libXrandr.so.2.2.0
7f5bf728c000-7f5bf728d000 r--p 00009000 00:17 57665                      /usr/lib/libXrandr.so.2.2.0
7f5bf728d000-7f5bf728e000 rw-p 0000a000 00:17 57665                      /usr/lib/libXrandr.so.2.2.0
7f5bf728e000-7f5bf729d000 r-xp 00000000 00:17 57772                      /usr/lib/libXi.so.6.1.0
7f5bf729d000-7f5bf749d000 ---p 0000f000 00:17 57772                      /usr/lib/libXi.so.6.1.0
7f5bf749d000-7f5bf749e000 r--p 0000f000 00:17 57772                      /usr/lib/libXi.so.6.1.0
7f5bf749e000-7f5bf749f000 rw-p 00010000 00:17 57772                      /usr/lib/libXi.so.6.1.0
7f5bf749f000-7f5bf74b0000 r-xp 00000000 00:17 463093                     /usr/lib/libXext.so.6.4.0
7f5bf74b0000-7f5bf76af000 ---p 00011000 00:17 463093                     /usr/lib/libXext.so.6.4.0
7f5bf76af000-7f5bf76b0000 r--p 00010000 00:17 463093                     /usr/lib/libXext.so.6.4.0
7f5bf76b0000-7f5bf76b1000 rw-p 00011000 00:17 463093                     /usr/lib/libXext.so.6.4.0
7f5bf76b1000-7f5bf76b5000 r-xp 00000000 00:17 465884                     /usr/lib/libXxf86vm.so.1.0.0
7f5bf76b5000-7f5bf78b5000 ---p 00004000 00:17 465884                     /usr/lib/libXxf86vm.so.1.0.0
7f5bf78b5000-7f5bf78b6000 r--p 00004000 00:17 465884                     /usr/lib/libXxf86vm.so.1.0.0
7f5bf78b6000-7f5bf78b7000 rw-p 00005000 00:17 465884                     /usr/lib/libXxf86vm.so.1.0.0
7f5bf78b7000-7f5bf78bc000 r-xp 00000000 00:17 463067                     /usr/lib/libXdmcp.so.6.0.0
7f5bf78bc000-7f5bf7abb000 ---p 00005000 00:17 463067                     /usr/lib/libXdmcp.so.6.0.0
7f5bf7abb000-7f5bf7abc000 r--p 00004000 00:17 463067                     /usr/lib/libXdmcp.so.6.0.0
7f5bf7abc000-7f5bf7abd000 rw-p 00005000 00:17 463067                     /usr/lib/libXdmcp.so.6.0.0
7f5bf7abd000-7f5bf7abf000 r-xp 00000000 00:17 50861                      /usr/lib/libXau.so.6.0.0
7f5bf7abf000-7f5bf7cbf000 ---p 00002000 00:17 50861                      /usr/lib/libXau.so.6.0.0
7f5bf7cbf000-7f5bf7cc0000 r--p 00002000 00:17 50861                      /usr/lib/libXau.so.6.0.0
7f5bf7cc0000-7f5bf7cc1000 rw-p 00003000 00:17 50861                      /usr/lib/libXau.so.6.0.0
7f5bf7cc1000-7f5bf7dfa000 r-xp 00000000 00:17 54524                      /usr/lib/libX11.so.6.3.0
7f5bf7dfa000-7f5bf7ffa000 ---p 00139000 00:17 54524                      /usr/lib/libX11.so.6.3.0
7f5bf7ffa000-7f5bf7ffb000 r--p 00139000 00:17 54524                      /usr/lib/libX11.so.6.3.0
7f5bf7ffb000-7f5bf8000000 rw-p 0013a000 00:17 54524                      /usr/lib/libX11.so.6.3.0
7f5bf8000000-7f5bf8021000 rw-p 00000000 00:00 0 
7f5bf8021000-7f5bfc000000 ---p 00000000 00:00 0 
7f5bfc000000-7f5bfc021000 rw-p 00000000 00:00 0 
7f5bfc021000-7f5c00000000 ---p 00000000 00:00 0 
7f5c00000000-7f5c00325000 rw-p 00000000 00:00 0 
7f5c00325000-7f5c04000000 ---p 00000000 00:00 0 
7f5c04000000-7f5c0420e000 rw-p 00000000 00:00 0 
7f5c0420e000-7f5c08000000 ---p 00000000 00:00 0 
7f5c08000000-7f5c08143000 rw-p 00000000 00:00 0 
7f5c08143000-7f5c0c000000 ---p 00000000 00:00 0 
7f5c0c000000-7f5c0c2d7000 rw-p 00000000 00:00 0 
7f5c0c2d7000-7f5c10000000 ---p 00000000 00:00 0 
7f5c10000000-7f5c10232000 rw-p 00000000 00:00 0 
7f5c10232000-7f5c14000000 ---p 00000000 00:00 0 
7f5c14000000-7f5c1424c000 rw-p 00000000 00:00 0 
7f5c1424c000-7f5c18000000 ---p 00000000 00:00 0 
7f5c18000000-7f5c18296000 rw-p 00000000 00:00 0 
7f5c18296000-7f5c1c000000 ---p 00000000 00:00 0 
7f5c1c000000-7f5c1d63f000 rw-p 00000000 00:00 0 
7f5c1d63f000-7f5c20000000 ---p 00000000 00:00 0 
7f5c20000000-7f5c20417000 rw-p 00000000 00:00 0 
7f5c20417000-7f5c24000000 ---p 00000000 00:00 0 
7f5c24000000-7f5c24257000 rw-p 00000000 00:00 0 
7f5c24257000-7f5c28000000 ---p 00000000 00:00 0 
7f5c28000000-7f5c285b8000 rw-p 00000000 00:00 0 
7f5c285b8000-7f5c2c000000 ---p 00000000 00:00 0 
7f5c2c000000-7f5c2c4d3000 rw-p 00000000 00:00 0 
7f5c2c4d3000-7f5c30000000 ---p 00000000 00:00 0 
7f5c30000000-7f5c30021000 rw-p 00000000 00:00 0 
7f5c30021000-7f5c34000000 ---p 00000000 00:00 0 
7f5c34000000-7f5c34021000 rw-p 00000000 00:00 0 
7f5c34021000-7f5c38000000 ---p 00000000 00:00 0 
7f5c38000000-7f5c38021000 rw-p 00000000 00:00 0 
7f5c38021000-7f5c3c000000 ---p 00000000 00:00 0 
7f5c3c000000-7f5c3c021000 rw-p 00000000 00:00 0 
7f5c3c021000-7f5c40000000 ---p 00000000 00:00 0 
7f5c40000000-7f5c40021000 rw-p 00000000 00:00 0 
7f5c40021000-7f5c44000000 ---p 00000000 00:00 0 
7f5c44000000-7f5c44021000 rw-p 00000000 00:00 0 
7f5c44021000-7f5c48000000 ---p 00000000 00:00 0 
7f5c48000000-7f5c48021000 rw-p 00000000 00:00 0 
7f5c48021000-7f5c4c000000 ---p 00000000 00:00 0 
7f5c4c034000-7f5c4c074000 r-xs 00000000 00:30 1564845                    /home/mark/#1564845 (deleted)
7f5c4c074000-7f5c4c09b000 r-xp 00000000 00:17 53192                      /usr/lib/libxcb.so.1.1.0
7f5c4c09b000-7f5c4c29b000 ---p 00027000 00:17 53192                      /usr/lib/libxcb.so.1.1.0
7f5c4c29b000-7f5c4c29c000 r--p 00027000 00:17 53192                      /usr/lib/libxcb.so.1.1.0
7f5c4c29c000-7f5c4c29d000 rw-p 00028000 00:17 53192                      /usr/lib/libxcb.so.1.1.0
7f5c4c29d000-7f5c4c2d3000 r-xp 00000000 00:2f 64137                      /tmp/lwjglmark/3.1.6-build-14/libglfw.so
7f5c4c2d3000-7f5c4c4d2000 ---p 00036000 00:2f 64137                      /tmp/lwjglmark/3.1.6-build-14/libglfw.so
7f5c4c4d2000-7f5c4c4d3000 r--p 00035000 00:2f 64137                      /tmp/lwjglmark/3.1.6-build-14/libglfw.so
7f5c4c4d3000-7f5c4c4d4000 rw-p 00036000 00:2f 64137                      /tmp/lwjglmark/3.1.6-build-14/libglfw.so
7f5c4c4d4000-7f5c4c4f5000 rw-p 00000000 00:00 0 
7f5c4c4f5000-7f5c4c549000 r-xp 00000000 00:2f 67670                      /tmp/lwjglmark/3.1.6-build-14/liblwjgl.so
7f5c4c549000-7f5c4c749000 ---p 00054000 00:2f 67670                      /tmp/lwjglmark/3.1.6-build-14/liblwjgl.so
7f5c4c749000-7f5c4c74a000 r--p 00054000 00:2f 67670                      /tmp/lwjglmark/3.1.6-build-14/liblwjgl.so
7f5c4c74a000-7f5c4c74b000 rw-p 00055000 00:2f 67670                      /tmp/lwjglmark/3.1.6-build-14/liblwjgl.so
7f5c4c74b000-7f5c4c762000 r-xp 00000000 00:17 793642                     /usr/lib/jvm/java-8-openjdk/jre/lib/amd64/libnet.so
7f5c4c762000-7f5c4c961000 ---p 00017000 00:17 793642                     /usr/lib/jvm/java-8-openjdk/jre/lib/amd64/libnet.so
7f5c4c961000-7f5c4c962000 r--p 00016000 00:17 793642                     /usr/lib/jvm/java-8-openjdk/jre/lib/amd64/libnet.so
7f5c4c962000-7f5c4c963000 rw-p 00017000 00:17 793642                     /usr/lib/jvm/java-8-openjdk/jre/lib/amd64/libnet.so
7f5c4c963000-7f5c4c974000 r-xp 00000000 00:17 793622                     /usr/lib/jvm/java-8-openjdk/jre/lib/amd64/libnio.so
7f5c4c974000-7f5c4cb74000 ---p 00011000 00:17 793622                     /usr/lib/jvm/java-8-openjdk/jre/lib/amd64/libnio.so
7f5c4cb74000-7f5c4cb75000 r--p 00011000 00:17 793622                     /usr/lib/jvm/java-8-openjdk/jre/lib/amd64/libnio.so
7f5c4cb75000-7f5c4cb76000 rw-p 00012000 00:17 793622                     /usr/lib/jvm/java-8-openjdk/jre/lib/amd64/libnio.so
7f5c4cb76000-7f5c4cb79000 ---p 00000000 00:00 0 
7f5c4cb79000-7f5c4cc77000 rw-p 00000000 00:00 0 
7f5c4cc77000-7f5c4cc78000 ---p 00000000 00:00 0 
7f5c4cc78000-7f5c4cd78000 rw-p 00000000 00:00 0 
7f5c4cd78000-7f5c4cd7b000 ---p 00000000 00:00 0 
7f5c4cd7b000-7f5c4ce79000 rw-p 00000000 00:00 0 
7f5c4ce79000-7f5c4ce7a000 ---p 00000000 00:00 0 
7f5c4ce7a000-7f5c4ce7d000 ---p 00000000 00:00 0 
7f5c4ce7d000-7f5c4cf7a000 rw-p 00000000 00:00 0 
7f5c4cf7a000-7f5c4cf7b000 ---p 00000000 00:00 0 
7f5c4cf7b000-7f5c4cf7e000 ---p 00000000 00:00 0 
7f5c4cf7e000-7f5c4d07b000 rw-p 00000000 00:00 0 
7f5c4d07b000-7f5c4d07c000 ---p 00000000 00:00 0 
7f5c4d07c000-7f5c4d07f000 ---p 00000000 00:00 0 
7f5c4d07f000-7f5c4d17c000 rw-p 00000000 00:00 0 
7f5c4d17c000-7f5c4d17d000 ---p 00000000 00:00 0 
7f5c4d17d000-7f5c4d180000 ---p 00000000 00:00 0 
7f5c4d180000-7f5c4d27d000 rw-p 00000000 00:00 0 
7f5c4d27d000-7f5c4d27e000 ---p 00000000 00:00 0 
7f5c4d27e000-7f5c4d281000 ---p 00000000 00:00 0 
7f5c4d281000-7f5c4d37e000 rw-p 00000000 00:00 0 
7f5c4d37e000-7f5c4d37f000 ---p 00000000 00:00 0 
7f5c4d37f000-7f5c4d382000 ---p 00000000 00:00 0 
7f5c4d382000-7f5c4d47f000 rw-p 00000000 00:00 0 
7f5c4d47f000-7f5c4d480000 ---p 00000000 00:00 0 
7f5c4d480000-7f5c4d483000 ---p 00000000 00:00 0 
7f5c4d483000-7f5c4d580000 rw-p 00000000 00:00 0 
7f5c4d580000-7f5c4d581000 ---p 00000000 00:00 0 
7f5c4d581000-7f5c4d584000 ---p 00000000 00:00 0 
7f5c4d584000-7f5c4d681000 rw-p 00000000 00:00 0 
7f5c4d681000-7f5c4d682000 ---p 00000000 00:00 0 
7f5c4d682000-7f5c4d685000 ---p 00000000 00:00 0 
7f5c4d685000-7f5c4d782000 rw-p 00000000 00:00 0 
7f5c4d782000-7f5c4d783000 ---p 00000000 00:00 0 
7f5c4d783000-7f5c4d786000 ---p 00000000 00:00 0 
7f5c4d786000-7f5c4d883000 rw-p 00000000 00:00 0 
7f5c4d883000-7f5c4d884000 ---p 00000000 00:00 0 
7f5c4d884000-7f5c4d887000 ---p 00000000 00:00 0 
7f5c4d887000-7f5c4d984000 rw-p 00000000 00:00 0 
7f5c4d984000-7f5c4d985000 ---p 00000000 00:00 0 
7f5c4d985000-7f5c4d988000 ---p 00000000 00:00 0 
7f5c4d988000-7f5c4da85000 rw-p 00000000 00:00 0 
7f5c4da85000-7f5c4da88000 ---p 00000000 00:00 0 
7f5c4da88000-7f5c4db86000 rw-p 00000000 00:00 0 
7f5c4db86000-7f5c4db89000 ---p 00000000 00:00 0 
7f5c4db89000-7f5c4dc87000 rw-p 00000000 00:00 0 
7f5c4dc87000-7f5c4dc8a000 ---p 00000000 00:00 0 
7f5c4dc8a000-7f5c4dd88000 rw-p 00000000 00:00 0 
7f5c4dd88000-7f5c4dd8c000 r-xp 00000000 00:17 793641                     /usr/lib/jvm/java-8-openjdk/jre/lib/amd64/libdt_socket.so
7f5c4dd8c000-7f5c4df8b000 ---p 00004000 00:17 793641                     /usr/lib/jvm/java-8-openjdk/jre/lib/amd64/libdt_socket.so
7f5c4df8b000-7f5c4df8c000 r--p 00003000 00:17 793641                     /usr/lib/jvm/java-8-openjdk/jre/lib/amd64/libdt_socket.so
7f5c4df8c000-7f5c4df8d000 rw-p 00004000 00:17 793641                     /usr/lib/jvm/java-8-openjdk/jre/lib/amd64/libdt_socket.so
7f5c4df8d000-7f5c4df90000 ---p 00000000 00:00 0 
7f5c4df90000-7f5c4e08e000 rw-p 00000000 00:00 0 
7f5c4e08e000-7f5c4e091000 ---p 00000000 00:00 0 
7f5c4e091000-7f5c4e18f000 rw-p 00000000 00:00 0 
7f5c4e18f000-7f5c4e192000 ---p 00000000 00:00 0 
7f5c4e192000-7f5c4e290000 rw-p 00000000 00:00 0 
7f5c4e290000-7f5c4e291000 ---p 00000000 00:00 0 
7f5c4e291000-7f5c58000000 rw-p 00000000 00:00 0 
7f5c58000000-7f5c58021000 rw-p 00000000 00:00 0 
7f5c58021000-7f5c5c000000 ---p 00000000 00:00 0 
7f5c5c000000-7f5c5c021000 rw-p 00000000 00:00 0 
7f5c5c021000-7f5c60000000 ---p 00000000 00:00 0 
7f5c60000000-7f5c60021000 rw-p 00000000 00:00 0 
7f5c60021000-7f5c64000000 ---p 00000000 00:00 0 
7f5c64000000-7f5c64021000 rw-p 00000000 00:00 0 
7f5c64021000-7f5c68000000 ---p 00000000 00:00 0 
7f5c68000000-7f5c68021000 rw-p 00000000 00:00 0 
7f5c68021000-7f5c6c000000 ---p 00000000 00:00 0 
7f5c6c000000-7f5c6c021000 rw-p 00000000 00:00 0 
7f5c6c021000-7f5c70000000 ---p 00000000 00:00 0 
7f5c70000000-7f5c70021000 rw-p 00000000 00:00 0 
7f5c70021000-7f5c74000000 ---p 00000000 00:00 0 
7f5c74000000-7f5c74021000 rw-p 00000000 00:00 0 
7f5c74021000-7f5c78000000 ---p 00000000 00:00 0 
7f5c78000000-7f5c78021000 rw-p 00000000 00:00 0 
7f5c78021000-7f5c7c000000 ---p 00000000 00:00 0 
7f5c7c000000-7f5c7c021000 rw-p 00000000 00:00 0 
7f5c7c021000-7f5c80000000 ---p 00000000 00:00 0 
7f5c80000000-7f5c80021000 rw-p 00000000 00:00 0 
7f5c80021000-7f5c84000000 ---p 00000000 00:00 0 
7f5c84000000-7f5c84021000 rw-p 00000000 00:00 0 
7f5c84021000-7f5c88000000 ---p 00000000 00:00 0 
7f5c88000000-7f5c88021000 rw-p 00000000 00:00 0 
7f5c88021000-7f5c8c000000 ---p 00000000 00:00 0 
7f5c8c006000-7f5c8c019000 rw-s 00000000 00:06 26642                      /dev/nvidiactl
7f5c8c019000-7f5c8c059000 rw-s 00000000 00:06 26642                      /dev/nvidiactl
7f5c8c059000-7f5c8c079000 rw-s 00000000 00:06 26642                      /dev/nvidiactl
7f5c8c079000-7f5c8c0b9000 rw-s 00000000 00:06 26642                      /dev/nvidiactl
7f5c8c0b9000-7f5c8c0f9000 rw-s 00000000 00:06 26642                      /dev/nvidiactl
7f5c8c0f9000-7f5c8d000000 rw-p 00000000 00:00 0 
7f5c8d000000-7f5c8d6a0000 rwxp 00000000 00:00 0 
7f5c8d6a0000-7f5c9c000000 ---p 00000000 00:00 0 
7f5c9c000000-7f5c9c53c000 rw-p 00000000 00:00 0 
7f5c9c53c000-7f5ca0000000 ---p 00000000 00:00 0 
7f5ca0003000-7f5ca0023000 rw-s 00000000 00:06 26642                      /dev/nvidiactl
7f5ca0023000-7f5ca0024000 r-xp 00000000 00:00 0 
7f5ca002a000-7f5ca002b000 r-xp 00000000 00:00 0 
7f5ca002b000-7f5ca003b000 rw-s 00000000 00:06 26643                      /dev/nvidia0
7f5ca003b000-7f5ca003c000 rw-s 00000000 00:06 26642                      /dev/nvidiactl
7f5ca003c000-7f5ca0040000 rw-s 00000000 00:06 26642                      /dev/nvidiactl
7f5ca0040000-7f5ca0041000 rw-s 00000000 00:06 26643                      /dev/nvidia0
7f5ca0041000-7f5ca0042000 rw-s 00000000 00:06 26643                      /dev/nvidia0
7f5ca0042000-7f5ca0043000 rw-s 00000000 00:06 26643                      /dev/nvidia0
7f5ca0063000-7f5ca0064000 rw-s 00000000 00:06 26642                      /dev/nvidiactl
7f5ca0064000-7f5ca0065000 rw-s 00000000 00:06 26642                      /dev/nvidiactl
7f5ca0065000-7f5ca0067000 r--s 00016000 00:17 793565                     /usr/lib/jvm/java-8-openjdk/jre/lib/jce.jar
7f5ca0067000-7f5ca006c000 r--s 0009d000 00:17 793566                     /usr/lib/jvm/java-8-openjdk/jre/lib/jsse.jar
7f5ca006c000-7f5ca006f000 r--s 0001d000 00:30 1366163                    /home/mark/.eclipse/org.eclipse.platform_4.8.0_155965261_linux_gtk_x86_64/configuration/org.eclipse.osgi/232/0/.cp/lib/javaagent-shaded.jar
7f5ca006f000-7f5ca0082000 r--s 0014d000 00:30 1404437                    /home/mark/Documents/Programming/Java/Eclipse/graphics-demos/lib/lwjgl/lwjgl-vulkan/lwjgl-vulkan.jar
7f5ca0082000-7f5ca04d4000 rw-p 00000000 00:00 0 
7f5ca04d4000-7f5ca06a3000 r--s 03c31000 00:17 793567                     /usr/lib/jvm/java-8-openjdk/jre/lib/rt.jar
7f5ca06a3000-7f5ca0eee000 rw-p 00000000 00:00 0 
7f5ca0eee000-7f5ca0eef000 ---p 00000000 00:00 0 
7f5ca0eef000-7f5ca0fef000 rw-p 00000000 00:00 0 
7f5ca0fef000-7f5ca0ff0000 ---p 00000000 00:00 0 
7f5ca0ff0000-7f5ca10f0000 rw-p 00000000 00:00 0 
7f5ca10f0000-7f5ca10f1000 ---p 00000000 00:00 0 
7f5ca10f1000-7f5ca11f1000 rw-p 00000000 00:00 0 
7f5ca11f1000-7f5ca11f2000 ---p 00000000 00:00 0 
7f5ca11f2000-7f5ca12f2000 rw-p 00000000 00:00 0 
7f5ca12f2000-7f5ca12f3000 ---p 00000000 00:00 0 
7f5ca12f3000-7f5ca13f3000 rw-p 00000000 00:00 0 
7f5ca13f3000-7f5ca13f4000 ---p 00000000 00:00 0 
7f5ca13f4000-7f5ca14f4000 rw-p 00000000 00:00 0 
7f5ca14f4000-7f5ca14f5000 ---p 00000000 00:00 0 
7f5ca14f5000-7f5ca15f5000 rw-p 00000000 00:00 0 
7f5ca15f5000-7f5ca15f6000 ---p 00000000 00:00 0 
7f5ca15f6000-7f5ca16f6000 rw-p 00000000 00:00 0 
7f5ca16f6000-7f5ca16f7000 ---p 00000000 00:00 0 
7f5ca16f7000-7f5ca17f7000 rw-p 00000000 00:00 0 
7f5ca17f7000-7f5ca17f8000 ---p 00000000 00:00 0 
7f5ca17f8000-7f5ca18f8000 rw-p 00000000 00:00 0 
7f5ca18f8000-7f5ca18f9000 ---p 00000000 00:00 0 
7f5ca18f9000-7f5ca19f9000 rw-p 00000000 00:00 0 
7f5ca19f9000-7f5ca19fa000 ---p 00000000 00:00 0 
7f5ca19fa000-7f5ca1afa000 rw-p 00000000 00:00 0 
7f5ca1afa000-7f5ca1afb000 ---p 00000000 00:00 0 
7f5ca1afb000-7f5ca1d1c000 rw-p 00000000 00:00 0 
7f5ca1d1c000-7f5ca2134000 ---p 00000000 00:00 0 
7f5ca2134000-7f5ca2255000 rw-p 00000000 00:00 0 
7f5ca2255000-7f5ca266c000 ---p 00000000 00:00 0 
7f5ca266c000-7f5ca2697000 rw-p 00000000 00:00 0 
7f5ca2697000-7f5ca2909000 ---p 00000000 00:00 0 
7f5ca2909000-7f5ca2925000 rw-p 00000000 00:00 0 
7f5ca2925000-7f5ca2cca000 ---p 00000000 00:00 0 
7f5ca2cca000-7f5ca2cd2000 r-xp 00000000 00:17 793626                     /usr/lib/jvm/java-8-openjdk/jre/lib/amd64/libzip.so
7f5ca2cd2000-7f5ca2ed1000 ---p 00008000 00:17 793626                     /usr/lib/jvm/java-8-openjdk/jre/lib/amd64/libzip.so
7f5ca2ed1000-7f5ca2ed2000 r--p 00007000 00:17 793626                     /usr/lib/jvm/java-8-openjdk/jre/lib/amd64/libzip.so
7f5ca2ed2000-7f5ca2ed3000 rw-p 00008000 00:17 793626                     /usr/lib/jvm/java-8-openjdk/jre/lib/amd64/libzip.so
7f5ca2ed3000-7f5ca2ede000 r-xp 00000000 00:17 338256                     /usr/lib/libnss_files-2.27.so
7f5ca2ede000-7f5ca30dd000 ---p 0000b000 00:17 338256                     /usr/lib/libnss_files-2.27.so
7f5ca30dd000-7f5ca30de000 r--p 0000a000 00:17 338256                     /usr/lib/libnss_files-2.27.so
7f5ca30de000-7f5ca30df000 rw-p 0000b000 00:17 338256                     /usr/lib/libnss_files-2.27.so
7f5ca30df000-7f5ca30e5000 rw-p 00000000 00:00 0 
7f5ca30e5000-7f5ca30ef000 r-xp 00000000 00:17 793654                     /usr/lib/jvm/java-8-openjdk/jre/lib/amd64/libinstrument.so
7f5ca30ef000-7f5ca32ee000 ---p 0000a000 00:17 793654                     /usr/lib/jvm/java-8-openjdk/jre/lib/amd64/libinstrument.so
7f5ca32ee000-7f5ca32ef000 r--p 00009000 00:17 793654                     /usr/lib/jvm/java-8-openjdk/jre/lib/amd64/libinstrument.so
7f5ca32ef000-7f5ca32f0000 rw-p 0000a000 00:17 793654                     /usr/lib/jvm/java-8-openjdk/jre/lib/amd64/libinstrument.so
7f5ca32f0000-7f5ca34d7000 r--p 00000000 00:17 339675                     /usr/lib/locale/locale-archive
7f5ca34d7000-7f5ca34d9000 r-xp 00000000 00:17 793651                     /usr/lib/jvm/java-8-openjdk/jre/lib/amd64/libnpt.so
7f5ca34d9000-7f5ca36d9000 ---p 00002000 00:17 793651                     /usr/lib/jvm/java-8-openjdk/jre/lib/amd64/libnpt.so
7f5ca36d9000-7f5ca36da000 r--p 00002000 00:17 793651                     /usr/lib/jvm/java-8-openjdk/jre/lib/amd64/libnpt.so
7f5ca36da000-7f5ca36db000 rw-p 00003000 00:17 793651                     /usr/lib/jvm/java-8-openjdk/jre/lib/amd64/libnpt.so
7f5ca36db000-7f5ca3716000 r-xp 00000000 00:17 793644                     /usr/lib/jvm/java-8-openjdk/jre/lib/amd64/libjdwp.so
7f5ca3716000-7f5ca3915000 ---p 0003b000 00:17 793644                     /usr/lib/jvm/java-8-openjdk/jre/lib/amd64/libjdwp.so
7f5ca3915000-7f5ca3916000 r--p 0003a000 00:17 793644                     /usr/lib/jvm/java-8-openjdk/jre/lib/amd64/libjdwp.so
7f5ca3916000-7f5ca3917000 rw-p 0003b000 00:17 793644                     /usr/lib/jvm/java-8-openjdk/jre/lib/amd64/libjdwp.so
7f5ca3917000-7f5ca3945000 r-xp 00000000 00:17 793625                     /usr/lib/jvm/java-8-openjdk/jre/lib/amd64/libjava.so
7f5ca3945000-7f5ca3b44000 ---p 0002e000 00:17 793625                     /usr/lib/jvm/java-8-openjdk/jre/lib/amd64/libjava.so
7f5ca3b44000-7f5ca3b45000 r--p 0002d000 00:17 793625                     /usr/lib/jvm/java-8-openjdk/jre/lib/amd64/libjava.so
7f5ca3b45000-7f5ca3b47000 rw-p 0002e000 00:17 793625                     /usr/lib/jvm/java-8-openjdk/jre/lib/amd64/libjava.so
7f5ca3b47000-7f5ca3b54000 r-xp 00000000 00:17 793650                     /usr/lib/jvm/java-8-openjdk/jre/lib/amd64/libverify.so
7f5ca3b54000-7f5ca3d53000 ---p 0000d000 00:17 793650                     /usr/lib/jvm/java-8-openjdk/jre/lib/amd64/libverify.so
7f5ca3d53000-7f5ca3d55000 r--p 0000c000 00:17 793650                     /usr/lib/jvm/java-8-openjdk/jre/lib/amd64/libverify.so
7f5ca3d55000-7f5ca3d56000 rw-p 0000e000 00:17 793650                     /usr/lib/jvm/java-8-openjdk/jre/lib/amd64/libverify.so
7f5ca3d56000-7f5ca3d5d000 r-xp 00000000 00:17 338251                     /usr/lib/librt-2.27.so
7f5ca3d5d000-7f5ca3f5c000 ---p 00007000 00:17 338251                     /usr/lib/librt-2.27.so
7f5ca3f5c000-7f5ca3f5d000 r--p 00006000 00:17 338251                     /usr/lib/librt-2.27.so
7f5ca3f5d000-7f5ca3f5e000 rw-p 00007000 00:17 338251                     /usr/lib/librt-2.27.so
7f5ca3f5e000-7f5ca40f1000 r-xp 00000000 00:17 338248                     /usr/lib/libm-2.27.so
7f5ca40f1000-7f5ca42f1000 ---p 00193000 00:17 338248                     /usr/lib/libm-2.27.so
7f5ca42f1000-7f5ca42f2000 r--p 00193000 00:17 338248                     /usr/lib/libm-2.27.so
7f5ca42f2000-7f5ca42f3000 rw-p 00194000 00:17 338248                     /usr/lib/libm-2.27.so
7f5ca42f3000-7f5ca4f9a000 r-xp 00000000 00:17 793655                     /usr/lib/jvm/java-8-openjdk/jre/lib/amd64/server/libjvm.so
7f5ca4f9a000-7f5ca5199000 ---p 00ca7000 00:17 793655                     /usr/lib/jvm/java-8-openjdk/jre/lib/amd64/server/libjvm.so
7f5ca5199000-7f5ca522e000 r--p 00ca6000 00:17 793655                     /usr/lib/jvm/java-8-openjdk/jre/lib/amd64/server/libjvm.so
7f5ca522e000-7f5ca5256000 rw-p 00d3b000 00:17 793655                     /usr/lib/jvm/java-8-openjdk/jre/lib/amd64/server/libjvm.so
7f5ca5256000-7f5ca5287000 rw-p 00000000 00:00 0 
7f5ca5287000-7f5ca543a000 r-xp 00000000 00:17 338299                     /usr/lib/libc-2.27.so
7f5ca543a000-7f5ca5639000 ---p 001b3000 00:17 338299                     /usr/lib/libc-2.27.so
7f5ca5639000-7f5ca563d000 r--p 001b2000 00:17 338299                     /usr/lib/libc-2.27.so
7f5ca563d000-7f5ca563f000 rw-p 001b6000 00:17 338299                     /usr/lib/libc-2.27.so
7f5ca563f000-7f5ca5643000 rw-p 00000000 00:00 0 
7f5ca5643000-7f5ca5646000 r-xp 00000000 00:17 338249                     /usr/lib/libdl-2.27.so
7f5ca5646000-7f5ca5845000 ---p 00003000 00:17 338249                     /usr/lib/libdl-2.27.so
7f5ca5845000-7f5ca5846000 r--p 00002000 00:17 338249                     /usr/lib/libdl-2.27.so
7f5ca5846000-7f5ca5847000 rw-p 00003000 00:17 338249                     /usr/lib/libdl-2.27.so
7f5ca5847000-7f5ca5855000 r-xp 00000000 00:17 793658                     /usr/lib/jvm/java-8-openjdk/jre/lib/amd64/jli/libjli.so
7f5ca5855000-7f5ca5a54000 ---p 0000e000 00:17 793658                     /usr/lib/jvm/java-8-openjdk/jre/lib/amd64/jli/libjli.so
7f5ca5a54000-7f5ca5a55000 r--p 0000d000 00:17 793658                     /usr/lib/jvm/java-8-openjdk/jre/lib/amd64/jli/libjli.so
7f5ca5a55000-7f5ca5a56000 rw-p 0000e000 00:17 793658                     /usr/lib/jvm/java-8-openjdk/jre/lib/amd64/jli/libjli.so
7f5ca5a56000-7f5ca5a6c000 r-xp 00000000 00:17 15021                      /usr/lib/libz.so.1.2.11
7f5ca5a6c000-7f5ca5c6b000 ---p 00016000 00:17 15021                      /usr/lib/libz.so.1.2.11
7f5ca5c6b000-7f5ca5c6c000 r--p 00015000 00:17 15021                      /usr/lib/libz.so.1.2.11
7f5ca5c6c000-7f5ca5c6d000 rw-p 00016000 00:17 15021                      /usr/lib/libz.so.1.2.11
7f5ca5c6d000-7f5ca5c86000 r-xp 00000000 00:17 338317                     /usr/lib/libpthread-2.27.so
7f5ca5c86000-7f5ca5e85000 ---p 00019000 00:17 338317                     /usr/lib/libpthread-2.27.so
7f5ca5e85000-7f5ca5e86000 r--p 00018000 00:17 338317                     /usr/lib/libpthread-2.27.so
7f5ca5e86000-7f5ca5e87000 rw-p 00019000 00:17 338317                     /usr/lib/libpthread-2.27.so
7f5ca5e87000-7f5ca5e8b000 rw-p 00000000 00:00 0 
7f5ca5e8b000-7f5ca5eb0000 r-xp 00000000 00:17 338300                     /usr/lib/ld-2.27.so
7f5ca5eb0000-7f5ca5eb4000 r--s 00095000 00:30 1480478                    /home/mark/Documents/Programming/Java/Eclipse/graphics-demos/lib/joml/joml-1.9.9-20180320.181807-2.jar
7f5ca5eb4000-7f5ca5ebe000 r--s 000bf000 00:30 1404347                    /home/mark/Documents/Programming/Java/Eclipse/graphics-demos/lib/lwjgl/lwjgl-opengl/lwjgl-opengl.jar
7f5ca5ebe000-7f5ca5ebf000 r--s 0002a000 00:30 1404345                    /home/mark/Documents/Programming/Java/Eclipse/graphics-demos/lib/lwjgl/lwjgl-opengl/lwjgl-opengl-natives-windows.jar
7f5ca5ebf000-7f5ca5ec0000 r--s 0000b000 00:30 1404344                    /home/mark/Documents/Programming/Java/Eclipse/graphics-demos/lib/lwjgl/lwjgl-opengl/lwjgl-opengl-natives-macos.jar
7f5ca5ec0000-7f5ca5ec1000 r--s 00016000 00:30 1404343                    /home/mark/Documents/Programming/Java/Eclipse/graphics-demos/lib/lwjgl/lwjgl-opengl/lwjgl-opengl-natives-linux.jar
7f5ca5ec1000-7f5ca5ec4000 r--s 00011000 00:30 1404333                    /home/mark/Documents/Programming/Java/Eclipse/graphics-demos/lib/lwjgl/lwjgl-openal/lwjgl-openal.jar
7f5ca5ec4000-7f5ca5f6e000 rw-p 00000000 00:00 0 
7f5ca5f6e000-7f5ca5f6f000 ---p 00000000 00:00 0 
7f5ca5f6f000-7f5ca5f72000 ---p 00000000 00:00 0 
7f5ca5f72000-7f5ca6073000 rw-p 00000000 00:00 0 
7f5ca6073000-7f5ca6074000 r--s 00105000 00:30 1404331                    /home/mark/Documents/Programming/Java/Eclipse/graphics-demos/lib/lwjgl/lwjgl-openal/lwjgl-openal-natives-windows.jar
7f5ca6074000-7f5ca6075000 r--s 00064000 00:30 1404330                    /home/mark/Documents/Programming/Java/Eclipse/graphics-demos/lib/lwjgl/lwjgl-openal/lwjgl-openal-natives-macos.jar
7f5ca6075000-7f5ca6076000 r--s 00077000 00:30 1404329                    /home/mark/Documents/Programming/Java/Eclipse/graphics-demos/lib/lwjgl/lwjgl-openal/lwjgl-openal-natives-linux.jar
7f5ca6076000-7f5ca6079000 r--s 00019000 00:30 1404270                    /home/mark/Documents/Programming/Java/Eclipse/graphics-demos/lib/lwjgl/lwjgl-glfw/lwjgl-glfw.jar
7f5ca6079000-7f5ca607a000 r--s 0003d000 00:30 1404268                    /home/mark/Documents/Programming/Java/Eclipse/graphics-demos/lib/lwjgl/lwjgl-glfw/lwjgl-glfw-natives-windows.jar
7f5ca607a000-7f5ca607b000 r--s 0000e000 00:30 1404267                    /home/mark/Documents/Programming/Java/Eclipse/graphics-demos/lib/lwjgl/lwjgl-glfw/lwjgl-glfw-natives-macos.jar
7f5ca607b000-7f5ca607d000 r--s 00022000 00:30 1404266                    /home/mark/Documents/Programming/Java/Eclipse/graphics-demos/lib/lwjgl/lwjgl-glfw/lwjgl-glfw-natives-linux.jar
7f5ca607d000-7f5ca6082000 r--s 00045000 00:30 1404469                    /home/mark/Documents/Programming/Java/Eclipse/graphics-demos/lib/lwjgl/lwjgl/lwjgl.jar
7f5ca6082000-7f5ca6083000 r--s 00039000 00:30 1404467                    /home/mark/Documents/Programming/Java/Eclipse/graphics-demos/lib/lwjgl/lwjgl/lwjgl-natives-windows.jar
7f5ca6083000-7f5ca6085000 r--s 00008000 00:30 1404466                    /home/mark/Documents/Programming/Java/Eclipse/graphics-demos/lib/lwjgl/lwjgl/lwjgl-natives-macos.jar
7f5ca6085000-7f5ca6086000 r--s 00013000 00:30 1404465                    /home/mark/Documents/Programming/Java/Eclipse/graphics-demos/lib/lwjgl/lwjgl/lwjgl-natives-linux.jar
7f5ca6086000-7f5ca608b000 r--s 002f9000 00:17 793562                     /usr/lib/jvm/java-8-openjdk/jre/lib/charsets.jar
7f5ca608b000-7f5ca608d000 r--s 00016000 00:17 793565                     /usr/lib/jvm/java-8-openjdk/jre/lib/jce.jar
7f5ca608d000-7f5ca6092000 r--s 0009d000 00:17 793566                     /usr/lib/jvm/java-8-openjdk/jre/lib/jsse.jar
7f5ca6092000-7f5ca60a5000 r--s 00346000 00:17 793572                     /usr/lib/jvm/java-8-openjdk/jre/lib/resources.jar
7f5ca60a5000-7f5ca60ad000 rw-s 00000000 00:2f 132802                     /tmp/hsperfdata_mark/8360
7f5ca60ad000-7f5ca60ae000 rw-p 00000000 00:00 0 
7f5ca60ae000-7f5ca60af000 r--p 00000000 00:00 0 
7f5ca60af000-7f5ca60b0000 r--p 00024000 00:17 338300                     /usr/lib/ld-2.27.so
7f5ca60b0000-7f5ca60b1000 rw-p 00025000 00:17 338300                     /usr/lib/ld-2.27.so
7f5ca60b1000-7f5ca60b2000 rw-p 00000000 00:00 0 
7ffc7017f000-7ffc701a0000 rw-p 00000000 00:00 0                          [stack]
7ffc701ae000-7ffc701b1000 r--p 00000000 00:00 0                          [vvar]
7ffc701b1000-7ffc701b3000 r-xp 00000000 00:00 0                          [vdso]

VM Arguments:
jvm_args: -agentlib:jdwp=transport=dt_socket,suspend=y,address=localhost:41749 -javaagent:/home/mark/.eclipse/org.eclipse.platform_4.8.0_155965261_linux_gtk_x86_64/configuration/org.eclipse.osgi/232/0/.cp/lib/javaagent-shaded.jar -Dfile.encoding=UTF-8 
java_command: gui.LWJGLExample
java_class_path (initial): /usr/lib/jvm/java-8-openjdk/jre/lib/resources.jar:/usr/lib/jvm/java-8-openjdk/jre/lib/rt.jar:/usr/lib/jvm/java-8-openjdk/jre/lib/jsse.jar:/usr/lib/jvm/java-8-openjdk/jre/lib/jce.jar:/usr/lib/jvm/java-8-openjdk/jre/lib/charsets.jar:/usr/lib/jvm/java-8-openjdk/jre/lib/ext/nashorn.jar:/usr/lib/jvm/java-8-openjdk/jre/lib/ext/sunec.jar:/usr/lib/jvm/java-8-openjdk/jre/lib/ext/zipfs.jar:/usr/lib/jvm/java-8-openjdk/jre/lib/ext/jaccess.jar:/usr/lib/jvm/java-8-openjdk/jre/lib/ext/dnsns.jar:/usr/lib/jvm/java-8-openjdk/jre/lib/ext/localedata.jar:/usr/lib/jvm/java-8-openjdk/jre/lib/ext/sunjce_provider.jar:/usr/lib/jvm/java-8-openjdk/jre/lib/ext/sunpkcs11.jar:/usr/lib/jvm/java-8-openjdk/jre/lib/ext/cldrdata.jar:/home/mark/Documents/Programming/Java/Eclipse/graphics-demos/bin:/home/mark/Documents/Programming/Java/Eclipse/graphics-demos/lib/lwjgl/lwjgl/lwjgl-natives-linux.jar:/home/mark/Documents/Programming/Java/Eclipse/graphics-demos/lib/lwjgl/lwjgl/lwjgl-natives-macos.jar:/home/mark/Documents/Programming/Java/Eclipse/graphics-demos/lib/lwjgl/lwjgl/lwjgl-natives-windows.jar:/home/mark/Documents/Programming/Java/Eclipse/graphics-demos/lib/lwjgl/lwjgl/lwjgl.jar:/home/mark/Documents/Programming/Java/Eclipse/graphics-demos/lib/lwjgl/lwjgl-glfw/lwjgl-glfw-natives-linux.jar:/home/mark/Documents/Programming/Java/Eclipse/graphics-demos/lib/lwjgl/lwjgl-glfw/lwjgl-glfw-natives-macos.jar:/home/mark/Documents/Programming/Java/Eclipse/graphics-demos/lib/lwjgl/lwjgl-glfw/lwjgl-glfw-natives-windows.jar:/home/mark/Documents/Programming/Java/Eclipse/graphics-demos/lib/lwjgl/lwjgl-glfw/lwjgl-glfw.jar:/home/mark/Documents/Programming/Java/Eclipse/graphics-demos/lib/lwjgl/lwjgl-openal/lwjgl-openal-natives-linux.jar:/home/mark/Documents/Programming/Java/Eclipse/graphics-demos/lib/lwjgl/lwjgl-openal/lwjgl-openal-natives-macos.jar:/home/mark/Documents/Programming/Java/Eclipse/graphics-demos/lib/lwjgl/lwjgl-openal/lwjgl-openal-natives-windows.jar:/home/mark/Documents/Program
Launcher Type: SUN_STANDARD

Environment Variables:
PATH=/usr/local/sbin:/usr/local/bin:/usr/bin:/home/mark/.gem/ruby/2.5.0/bin:/usr/lib/jvm/default/bin:/usr/bin/site_perl:/usr/bin/vendor_perl:/usr/bin/core_perl
SHELL=/bin/zsh
DISPLAY=:0

Signal Handlers:
SIGSEGV: [libjvm.so+0xaac6c0], sa_mask[0]=11111111011111111101111111111110, sa_flags=SA_RESTART|SA_SIGINFO
SIGBUS: [libjvm.so+0xaac6c0], sa_mask[0]=11111111011111111101111111111110, sa_flags=SA_RESTART|SA_SIGINFO
SIGFPE: [libjvm.so+0x8e2e80], sa_mask[0]=11111111011111111101111111111110, sa_flags=SA_RESTART|SA_SIGINFO
SIGPIPE: [libjvm.so+0x8e2e80], sa_mask[0]=11111111011111111101111111111110, sa_flags=SA_RESTART|SA_SIGINFO
SIGXFSZ: [libjvm.so+0x8e2e80], sa_mask[0]=11111111011111111101111111111110, sa_flags=SA_RESTART|SA_SIGINFO
SIGILL: [libjvm.so+0x8e2e80], sa_mask[0]=11111111011111111101111111111110, sa_flags=SA_RESTART|SA_SIGINFO
SIGUSR1: SIG_DFL, sa_mask[0]=00000000000000000000000000000000, sa_flags=none
SIGUSR2: [libjvm.so+0x8e2d30], sa_mask[0]=00100000000000000000000000000000, sa_flags=SA_RESTART|SA_SIGINFO
SIGHUP: [libjvm.so+0x8e31e0], sa_mask[0]=11111111011111111101111111111110, sa_flags=SA_RESTART|SA_SIGINFO
SIGINT: [libjvm.so+0x8e31e0], sa_mask[0]=11111111011111111101111111111110, sa_flags=SA_RESTART|SA_SIGINFO
SIGTERM: [libjvm.so+0x8e31e0], sa_mask[0]=11111111011111111101111111111110, sa_flags=SA_RESTART|SA_SIGINFO
SIGQUIT: [libjvm.so+0x8e31e0], sa_mask[0]=11111111011111111101111111111110, sa_flags=SA_RESTART|SA_SIGINFO


---------------  S Y S T E M  ---------------

OS:NAME="Arch Linux"
PRETTY_NAME="Arch Linux"
ID=arch
ID_LIKE=archlinux
ANSI_COLOR="0;36"
HOME_URL="https://www.archlinux.org/"
SUPPORT_URL="https://bbs.archlinux.org/"
BUG_REPORT_URL="https://bugs.archlinux.org/"

uname:Linux 4.17.6-1-ARCH #1 SMP PREEMPT Wed Jul 11 19:14:29 UTC 2018 x86_64
libc:glibc 2.27 NPTL 2.27 
rlimit: STACK 8192k, CORE infinity, NPROC 63525, NOFILE 4096, AS infinity
load average:2.76 2.37 1.09

/proc/meminfo:
MemTotal:       16419880 kB
MemFree:        10030592 kB
MemAvailable:   11390796 kB
Buffers:              40 kB
Cached:          1900284 kB
SwapCached:         1020 kB
Active:          3330136 kB
Inactive:        2612060 kB
Active(anon):    3103696 kB
Inactive(anon):  1255736 kB
Active(file):     226440 kB
Inactive(file):  1356324 kB
Unevictable:           0 kB
Mlocked:               0 kB
SwapTotal:       2097148 kB
SwapFree:        2082556 kB
Dirty:               344 kB
Writeback:             0 kB
AnonPages:       4041600 kB
Mapped:           539252 kB
Shmem:            330088 kB
Slab:             167996 kB
SReclaimable:      57684 kB
SUnreclaim:       110312 kB
KernelStack:       13600 kB
PageTables:        31120 kB
NFS_Unstable:          0 kB
Bounce:                0 kB
WritebackTmp:          0 kB
CommitLimit:    10307088 kB
Committed_AS:    8106436 kB
VmallocTotal:   34359738367 kB
VmallocUsed:           0 kB
VmallocChunk:          0 kB
HardwareCorrupted:     0 kB
AnonHugePages:         0 kB
ShmemHugePages:        0 kB
ShmemPmdMapped:        0 kB
HugePages_Total:       0
HugePages_Free:        0
HugePages_Rsvd:        0
HugePages_Surp:        0
Hugepagesize:       2048 kB
Hugetlb:               0 kB
DirectMap4k:      879492 kB
DirectMap2M:    13727744 kB
DirectMap1G:     3145728 kB


CPU:total 16 (initial active 16) (16 cores per cpu, 1 threads per core) family 23 model 8 stepping 2, cmov, cx8, fxsr, mmx, sse, sse2, sse3, ssse3, sse4.1, sse4.2, popcnt, avx, avx2, aes, clmul, mmxext, 3dnowpref, lzcnt, sse4a, tsc, tscinvbit, tscinv, bmi1

/proc/cpuinfo:
processor	: 0
vendor_id	: AuthenticAMD
cpu family	: 23
model		: 8
model name	: AMD Ryzen 7 2700X Eight-Core Processor
stepping	: 2
microcode	: 0x8008206
cpu MHz		: 2128.618
cache size	: 512 KB
physical id	: 0
siblings	: 16
core id		: 0
cpu cores	: 8
apicid		: 0
initial apicid	: 0
fpu		: yes
fpu_exception	: yes
cpuid level	: 13
wp		: yes
flags		: fpu vme de pse tsc msr pae mce cx8 apic sep mtrr pge mca cmov pat pse36 clflush mmx fxsr sse sse2 ht syscall nx mmxext fxsr_opt pdpe1gb rdtscp lm constant_tsc rep_good nopl nonstop_tsc cpuid extd_apicid aperfmperf pni pclmulqdq monitor ssse3 fma cx16 sse4_1 sse4_2 movbe popcnt aes xsave avx f16c rdrand lahf_lm cmp_legacy svm extapic cr8_legacy abm sse4a misalignsse 3dnowprefetch osvw skinit wdt tce topoext perfctr_core perfctr_nb bpext perfctr_llc mwaitx cpb hw_pstate sme ssbd sev ibpb vmmcall fsgsbase bmi1 avx2 smep bmi2 rdseed adx smap clflushopt sha_ni xsaveopt xsavec xgetbv1 xsaves clzero irperf xsaveerptr arat npt lbrv svm_lock nrip_save tsc_scale vmcb_clean flushbyasid decodeassists pausefilter pfthreshold avic v_vmsave_vmload vgif overflow_recov succor smca
bugs		: sysret_ss_attrs null_seg spectre_v1 spectre_v2 spec_store_bypass
bogomips	: 7388.86
TLB size	: 2560 4K pages
clflush size	: 64
cache_alignment	: 64
address sizes	: 43 bits physical, 48 bits virtual
power management: ts ttp tm hwpstate cpb eff_freq_ro [13] [14]

processor	: 1
vendor_id	: AuthenticAMD
cpu family	: 23
model		: 8
model name	: AMD Ryzen 7 2700X Eight-Core Processor
stepping	: 2
microcode	: 0x8008206
cpu MHz		: 2126.982
cache size	: 512 KB
physical id	: 0
siblings	: 16
core id		: 0
cpu cores	: 8
apicid		: 1
initial apicid	: 1
fpu		: yes
fpu_exception	: yes
cpuid level	: 13
wp		: yes
flags		: fpu vme de pse tsc msr pae mce cx8 apic sep mtrr pge mca cmov pat pse36 clflush mmx fxsr sse sse2 ht syscall nx mmxext fxsr_opt pdpe1gb rdtscp lm constant_tsc rep_good nopl nonstop_tsc cpuid extd_apicid aperfmperf pni pclmulqdq monitor ssse3 fma cx16 sse4_1 sse4_2 movbe popcnt aes xsave avx f16c rdrand lahf_lm cmp_legacy svm extapic cr8_legacy abm sse4a misalignsse 3dnowprefetch osvw skinit wdt tce topoext perfctr_core perfctr_nb bpext perfctr_llc mwaitx cpb hw_pstate sme ssbd sev ibpb vmmcall fsgsbase bmi1 avx2 smep bmi2 rdseed adx smap clflushopt sha_ni xsaveopt xsavec xgetbv1 xsaves clzero irperf xsaveerptr arat npt lbrv svm_lock nrip_save tsc_scale vmcb_clean flushbyasid decodeassists pausefilter pfthreshold avic v_vmsave_vmload vgif overflow_recov succor smca
bugs		: sysret_ss_attrs null_seg spectre_v1 spectre_v2 spec_store_bypass
bogomips	: 7388.86
TLB size	: 2560 4K pages
clflush size	: 64
cache_alignment	: 64
address sizes	: 43 bits physical, 48 bits virtual
power management: ts ttp tm hwpstate cpb eff_freq_ro [13] [14]

processor	: 2
vendor_id	: AuthenticAMD
cpu family	: 23
model		: 8
model name	: AMD Ryzen 7 2700X Eight-Core Processor
stepping	: 2
microcode	: 0x8008206
cpu MHz		: 2859.584
cache size	: 512 KB
physical id	: 0
siblings	: 16
core id		: 1
cpu cores	: 8
apicid		: 2
initial apicid	: 2
fpu		: yes
fpu_exception	: yes
cpuid level	: 13
wp		: yes
flags		: fpu vme de pse tsc msr pae mce cx8 apic sep mtrr pge mca cmov pat pse36 clflush mmx fxsr sse sse2 ht syscall nx mmxext fxsr_opt pdpe1gb rdtscp lm constant_tsc rep_good nopl nonstop_tsc cpuid extd_apicid aperfmperf pni pclmulqdq monitor ssse3 fma cx16 sse4_1 sse4_2 movbe popcnt aes xsave avx f16c rdrand lahf_lm cmp_legacy svm extapic cr8_legacy abm sse4a misalignsse 3dnowprefetch osvw skinit wdt tce topoext perfctr_core perfctr_nb bpext perfctr_llc mwaitx cpb hw_pstate sme ssbd sev ibpb vmmcall fsgsbase bmi1 avx2 smep bmi2 rdseed adx smap clflushopt sha_ni xsaveopt xsavec xgetbv1 xsaves clzero irperf xsaveerptr arat npt lbrv svm_lock nrip_save tsc_scale vmcb_clean flushbyasid decodeassists pausefilter pfthreshold avic v_vmsave_vmload vgif overflow_recov succor smca
bugs		: sysret_ss_attrs null_seg spectre_v1 spectre_v2 spec_store_bypass
bogomips	: 7388.86
TLB size	: 2560 4K pages
clflush size	: 64
cache_alignment	: 64
address sizes	: 43 bits physical, 48 bits virtual
power management: ts ttp tm hwpstate cpb eff_freq_ro [13] [14]

processor	: 3
vendor_id	: AuthenticAMD
cpu family	: 23
model		: 8
model name	: AMD Ryzen 7 2700X Eight-Core Processor
stepping	: 2
microcode	: 0x8008206
cpu MHz		: 3171.857
cache size	: 512 KB
physical id	: 0
siblings	: 16
core id		: 1
cpu cores	: 8
apicid		: 3
initial apicid	: 3
fpu		: yes
fpu_exception	: yes
cpuid level	: 13
wp		: yes
flags		: fpu vme de pse tsc msr pae mce cx8 apic sep mtrr pge mca cmov pat pse36 clflush mmx fxsr sse sse2 ht syscall nx mmxext fxsr_opt pdpe1gb rdtscp lm constant_tsc rep_good nopl nonstop_tsc cpuid extd_apicid aperfmperf pni pclmulqdq monitor ssse3 fma cx16 sse4_1 sse4_2 movbe popcnt aes xsave avx f16c rdrand lahf_lm cmp_legacy svm extapic cr8_legacy abm sse4a misalignsse 3dnowprefetch osvw skinit wdt tce topoext perfctr_core perfctr_nb bpext perfctr_llc mwaitx cpb hw_pstate sme ssbd sev ibpb vmmcall fsgsbase bmi1 avx2 smep bmi2 rdseed adx smap clflushopt sha_ni xsaveopt xsavec xgetbv1 xsaves clzero irperf xsaveerptr arat npt lbrv svm_lock nrip_save tsc_scale vmcb_clean flushbyasid decodeassists pausefilter pfthreshold avic v_vmsave_vmload vgif overflow_recov succor smca
bugs		: sysret_ss_attrs null_seg spectre_v1 spectre_v2 spec_store_bypass
bogomips	: 7388.86
TLB size	: 2560 4K pages
clflush size	: 64
cache_alignment	: 64
address sizes	: 43 bits physical, 48 bits virtual
power management: ts ttp tm hwpstate cpb eff_freq_ro [13] [14]

processor	: 4
vendor_id	: AuthenticAMD
cpu family	: 23
model		: 8
model name	: AMD Ryzen 7 2700X Eight-Core Processor
stepping	: 2
microcode	: 0x8008206
cpu MHz		: 3193.278
cache size	: 512 KB
physical id	: 0
siblings	: 16
core id		: 2
cpu cores	: 8
apicid		: 4
initial apicid	: 4
fpu		: yes
fpu_exception	: yes
cpuid level	: 13
wp		: yes
flags		: fpu vme de pse tsc msr pae mce cx8 apic sep mtrr pge mca cmov pat pse36 clflush mmx fxsr sse sse2 ht syscall nx mmxext fxsr_opt pdpe1gb rdtscp lm constant_tsc rep_good nopl nonstop_tsc cpuid extd_apicid aperfmperf pni pclmulqdq monitor ssse3 fma cx16 sse4_1 sse4_2 movbe popcnt aes xsave avx f16c rdrand lahf_lm cmp_legacy svm extapic cr8_legacy abm sse4a misalignsse 3dnowprefetch osvw skinit wdt tce topoext perfctr_core perfctr_nb bpext perfctr_llc mwaitx cpb hw_pstate sme ssbd sev ibpb vmmcall fsgsbase bmi1 avx2 smep bmi2 rdseed adx smap clflushopt sha_ni xsaveopt xsavec xgetbv1 xsaves clzero irperf xsaveerptr arat npt lbrv svm_lock nrip_save tsc_scale vmcb_clean flushbyasid decodeassists pausefilter pfthreshold avic v_vmsave_vmload vgif overflow_recov succor smca
bugs		: sysret_ss_attrs null_seg spectre_v1 spectre_v2 spec_store_bypass
bogomips	: 7388.86
TLB size	: 2560 4K pages
clflush size	: 64
cache_alignment	: 64
address sizes	: 43 bits physical, 48 bits virtual
power management: ts ttp tm hwpstate cpb eff_freq_ro [13] [14]

processor	: 5
vendor_id	: AuthenticAMD
cpu family	: 23
model		: 8
model name	: AMD Ryzen 7 2700X Eight-Core Processor
stepping	: 2
microcode	: 0x8008206
cpu MHz		: 3187.929
cache size	: 512 KB
physical id	: 0
siblings	: 16
core id		: 2
cpu cores	: 8
apicid		: 5
initial apicid	: 5
fpu		: yes
fpu_exception	: yes
cpuid level	: 13
wp		: yes
flags		: fpu vme de pse tsc msr pae mce cx8 apic sep mtrr pge mca cmov pat pse36 clflush mmx fxsr sse sse2 ht syscall nx mmxext fxsr_opt pdpe1gb rdtscp lm constant_tsc rep_good nopl nonstop_tsc cpuid extd_apicid aperfmperf pni pclmulqdq monitor ssse3 fma cx16 sse4_1 sse4_2 movbe popcnt aes xsave avx f16c rdrand lahf_lm cmp_legacy svm extapic cr8_legacy abm sse4a misalignsse 3dnowprefetch osvw skinit wdt tce topoext perfctr_core perfctr_nb bpext perfctr_llc mwaitx cpb hw_pstate sme ssbd sev ibpb vmmcall fsgsbase bmi1 avx2 smep bmi2 rdseed adx smap clflushopt sha_ni xsaveopt xsavec xgetbv1 xsaves clzero irperf xsaveerptr arat npt lbrv svm_lock nrip_save tsc_scale vmcb_clean flushbyasid decodeassists pausefilter pfthreshold avic v_vmsave_vmload vgif overflow_recov succor smca
bugs		: sysret_ss_attrs null_seg spectre_v1 spectre_v2 spec_store_bypass
bogomips	: 7388.86
TLB size	: 2560 4K pages
clflush size	: 64
cache_alignment	: 64
address sizes	: 43 bits physical, 48 bits virtual
power management: ts ttp tm hwpstate cpb eff_freq_ro [13] [14]

processor	: 6
vendor_id	: AuthenticAMD
cpu family	: 23
model		: 8
model name	: AMD Ryzen 7 2700X Eight-Core Processor
stepping	: 2
microcode	: 0x8008206
cpu MHz		: 3013.800
cache size	: 512 KB
physical id	: 0
siblings	: 16
core id		: 3
cpu cores	: 8
apicid		: 6
initial apicid	: 6
fpu		: yes
fpu_exception	: yes
cpuid level	: 13
wp		: yes
flags		: fpu vme de pse tsc msr pae mce cx8 apic sep mtrr pge mca cmov pat pse36 clflush mmx fxsr sse sse2 ht syscall nx mmxext fxsr_opt pdpe1gb rdtscp lm constant_tsc rep_good nopl nonstop_tsc cpuid extd_apicid aperfmperf pni pclmulqdq monitor ssse3 fma cx16 sse4_1 sse4_2 movbe popcnt aes xsave avx f16c rdrand lahf_lm cmp_legacy svm extapic cr8_legacy abm sse4a misalignsse 3dnowprefetch osvw skinit wdt tce topoext perfctr_core perfctr_nb bpext perfctr_llc mwaitx cpb hw_pstate sme ssbd sev ibpb vmmcall fsgsbase bmi1 avx2 smep bmi2 rdseed adx smap clflushopt sha_ni xsaveopt xsavec xgetbv1 xsaves clzero irperf xsaveerptr arat npt lbrv svm_lock nrip_save tsc_scale vmcb_clean flushbyasid decodeassists pausefilter pfthreshold avic v_vmsave_vmload vgif overflow_recov succor smca
bugs		: sysret_ss_attrs null_seg spectre_v1 spectre_v2 spec_store_bypass
bogomips	: 7388.86
TLB size	: 2560 4K pages
clflush size	: 64
cache_alignment	: 64
address sizes	: 43 bits physical, 48 bits virtual
power management: ts ttp tm hwpstate cpb eff_freq_ro [13] [14]

processor	: 7
vendor_id	: AuthenticAMD
cpu family	: 23
model		: 8
model name	: AMD Ryzen 7 2700X Eight-Core Processor
stepping	: 2
microcode	: 0x8008206
cpu MHz		: 3072.458
cache size	: 512 KB
physical id	: 0
siblings	: 16
core id		: 3
cpu cores	: 8
apicid		: 7
initial apicid	: 7
fpu		: yes
fpu_exception	: yes
cpuid level	: 13
wp		: yes
flags		: fpu vme de pse tsc msr pae mce cx8 apic sep mtrr pge mca cmov pat pse36 clflush mmx fxsr sse sse2 ht syscall nx mmxext fxsr_opt pdpe1gb rdtscp lm constant_tsc rep_good nopl nonstop_tsc cpuid extd_apicid aperfmperf pni pclmulqdq monitor ssse3 fma cx16 sse4_1 sse4_2 movbe popcnt aes xsave avx f16c rdrand lahf_lm cmp_legacy svm extapic cr8_legacy abm sse4a misalignsse 3dnowprefetch osvw skinit wdt tce topoext perfctr_core perfctr_nb bpext perfctr_llc mwaitx cpb hw_pstate sme ssbd sev ibpb vmmcall fsgsbase bmi1 avx2 smep bmi2 rdseed adx smap clflushopt sha_ni xsaveopt xsavec xgetbv1 xsaves clzero irperf xsaveerptr arat npt lbrv svm_lock nrip_save tsc_scale vmcb_clean flushbyasid decodeassists pausefilter pfthreshold avic v_vmsave_vmload vgif overflow_recov succor smca
bugs		: sysret_ss_attrs null_seg spectre_v1 spectre_v2 spec_store_bypass
bogomips	: 7388.86
TLB size	: 2560 4K pages
clflush size	: 64
cache_alignment	: 64
address sizes	: 43 bits physical, 48 bits virtual
power management: ts ttp tm hwpstate cpb eff_freq_ro [13] [14]

processor	: 8
vendor_id	: AuthenticAMD
cpu family	: 23
model		: 8
model name	: AMD Ryzen 7 2700X Eight-Core Processor
stepping	: 2
microcode	: 0x8008206
cpu MHz		: 2133.307
cache size	: 512 KB
physical id	: 0
siblings	: 16
core id		: 4
cpu cores	: 8
apicid		: 8
initial apicid	: 8
fpu		: yes
fpu_exception	: yes
cpuid level	: 13
wp		: yes
flags		: fpu vme de pse tsc msr pae mce cx8 apic sep mtrr pge mca cmov pat pse36 clflush mmx fxsr sse sse2 ht syscall nx mmxext fxsr_opt pdpe1gb rdtscp lm constant_tsc rep_good nopl nonstop_tsc cpuid extd_apicid aperfmperf pni pclmulqdq monitor ssse3 fma cx16 sse4_1 sse4_2 movbe popcnt aes xsave avx f16c rdrand lahf_lm cmp_legacy svm extapic cr8_legacy abm sse4a misalignsse 3dnowprefetch osvw skinit wdt tce topoext perfctr_core perfctr_nb bpext perfctr_llc mwaitx cpb hw_pstate sme ssbd sev ibpb vmmcall fsgsbase bmi1 avx2 smep bmi2 rdseed adx smap clflushopt sha_ni xsaveopt xsavec xgetbv1 xsaves clzero irperf xsaveerptr arat npt lbrv svm_lock nrip_save tsc_scale vmcb_clean flushbyasid decodeassists pausefilter pfthreshold avic v_vmsave_vmload vgif overflow_recov succor smca
bugs		: sysret_ss_attrs null_seg spectre_v1 spectre_v2 spec_store_bypass
bogomips	: 7388.86
TLB size	: 2560 4K pages
clflush size	: 64
cache_alignment	: 64
address sizes	: 43 bits physical, 48 bits virtual
power management: ts ttp tm hwpstate cpb eff_freq_ro [13] [14]

processor	: 9
vendor_id	: AuthenticAMD
cpu family	: 23
model		: 8
model name	: AMD Ryzen 7 2700X Eight-Core Processor
stepping	: 2
microcode	: 0x8008206
cpu MHz		: 2114.846
cache size	: 512 KB
physical id	: 0
siblings	: 16
core id		: 4
cpu cores	: 8
apicid		: 9
initial apicid	: 9
fpu		: yes
fpu_exception	: yes
cpuid level	: 13
wp		: yes
flags		: fpu vme de pse tsc msr pae mce cx8 apic sep mtrr pge mca cmov pat pse36 clflush mmx fxsr sse sse2 ht syscall nx mmxext fxsr_opt pdpe1gb rdtscp lm constant_tsc rep_good nopl nonstop_tsc cpuid extd_apicid aperfmperf pni pclmulqdq monitor ssse3 fma cx16 sse4_1 sse4_2 movbe popcnt aes xsave avx f16c rdrand lahf_lm cmp_legacy svm extapic cr8_legacy abm sse4a misalignsse 3dnowprefetch osvw skinit wdt tce topoext perfctr_core perfctr_nb bpext perfctr_llc mwaitx cpb hw_pstate sme ssbd sev ibpb vmmcall fsgsbase bmi1 avx2 smep bmi2 rdseed adx smap clflushopt sha_ni xsaveopt xsavec xgetbv1 xsaves clzero irperf xsaveerptr arat npt lbrv svm_lock nrip_save tsc_scale vmcb_clean flushbyasid decodeassists pausefilter pfthreshold avic v_vmsave_vmload vgif overflow_recov succor smca
bugs		: sysret_ss_attrs null_seg spectre_v1 spectre_v2 spec_store_bypass
bogomips	: 7388.86
TLB size	: 2560 4K pages
clflush size	: 64
cache_alignment	: 64
address sizes	: 43 bits physical, 48 bits virtual
power management: ts ttp tm hwpstate cpb eff_freq_ro [13] [14]

processor	: 10
vendor_id	: AuthenticAMD
cpu family	: 23
model		: 8
model name	: AMD Ryzen 7 2700X Eight-Core Processor
stepping	: 2
microcode	: 0x8008206
cpu MHz		: 4274.282
cache size	: 512 KB
physical id	: 0
siblings	: 16
core id		: 5
cpu cores	: 8
apicid		: 10
initial apicid	: 10
fpu		: yes
fpu_exception	: yes
cpuid level	: 13
wp		: yes
flags		: fpu vme de pse tsc msr pae mce cx8 apic sep mtrr pge mca cmov pat pse36 clflush mmx fxsr sse sse2 ht syscall nx mmxext fxsr_opt pdpe1gb rdtscp lm constant_tsc rep_good nopl nonstop_tsc cpuid extd_apicid aperfmperf pni pclmulqdq monitor ssse3 fma cx16 sse4_1 sse4_2 movbe popcnt aes xsave avx f16c rdrand lahf_lm cmp_legacy svm extapic cr8_legacy abm sse4a misalignsse 3dnowprefetch osvw skinit wdt tce topoext perfctr_core perfctr_nb bpext perfctr_llc mwaitx cpb hw_pstate sme ssbd sev ibpb vmmcall fsgsbase bmi1 avx2 smep bmi2 rdseed adx smap clflushopt sha_ni xsaveopt xsavec xgetbv1 xsaves clzero irperf xsaveerptr arat npt lbrv svm_lock nrip_save tsc_scale vmcb_clean flushbyasid decodeassists pausefilter pfthreshold avic v_vmsave_vmload vgif overflow_recov succor smca
bugs		: sysret_ss_attrs null_seg spectre_v1 spectre_v2 spec_store_bypass
bogomips	: 7388.86
TLB size	: 2560 4K pages
clflush size	: 64
cache_alignment	: 64
address sizes	: 43 bits physical, 48 bits virtual
power management: ts ttp tm hwpstate cpb eff_freq_ro [13] [14]

processor	: 11
vendor_id	: AuthenticAMD
cpu family	: 23
model		: 8
model name	: AMD Ryzen 7 2700X Eight-Core Processor
stepping	: 2
microcode	: 0x8008206
cpu MHz		: 4217.501
cache size	: 512 KB
physical id	: 0
siblings	: 16
core id		: 5
cpu cores	: 8
apicid		: 11
initial apicid	: 11
fpu		: yes
fpu_exception	: yes
cpuid level	: 13
wp		: yes
flags		: fpu vme de pse tsc msr pae mce cx8 apic sep mtrr pge mca cmov pat pse36 clflush mmx fxsr sse sse2 ht syscall nx mmxext fxsr_opt pdpe1gb rdtscp lm constant_tsc rep_good nopl nonstop_tsc cpuid extd_apicid aperfmperf pni pclmulqdq monitor ssse3 fma cx16 sse4_1 sse4_2 movbe popcnt aes xsave avx f16c rdrand lahf_lm cmp_legacy svm extapic cr8_legacy abm sse4a misalignsse 3dnowprefetch osvw skinit wdt tce topoext perfctr_core perfctr_nb bpext perfctr_llc mwaitx cpb hw_pstate sme ssbd sev ibpb vmmcall fsgsbase bmi1 avx2 smep bmi2 rdseed adx smap clflushopt sha_ni xsaveopt xsavec xgetbv1 xsaves clzero irperf xsaveerptr arat npt lbrv svm_lock nrip_save tsc_scale vmcb_clean flushbyasid decodeassists pausefilter pfthreshold avic v_vmsave_vmload vgif overflow_recov succor smca
bugs		: sysret_ss_attrs null_seg spectre_v1 spectre_v2 spec_store_bypass
bogomips	: 7388.86
TLB size	: 2560 4K pages
clflush size	: 64
cache_alignment	: 64
address sizes	: 43 bits physical, 48 bits virtual
power management: ts ttp tm hwpstate cpb eff_freq_ro [13] [14]

processor	: 12
vendor_id	: AuthenticAMD
cpu family	: 23
model		: 8
model name	: AMD Ryzen 7 2700X Eight-Core Processor
stepping	: 2
microcode	: 0x8008206
cpu MHz		: 2127.697
cache size	: 512 KB
physical id	: 0
siblings	: 16
core id		: 6
cpu cores	: 8
apicid		: 12
initial apicid	: 12
fpu		: yes
fpu_exception	: yes
cpuid level	: 13
wp		: yes
flags		: fpu vme de pse tsc msr pae mce cx8 apic sep mtrr pge mca cmov pat pse36 clflush mmx fxsr sse sse2 ht syscall nx mmxext fxsr_opt pdpe1gb rdtscp lm constant_tsc rep_good nopl nonstop_tsc cpuid extd_apicid aperfmperf pni pclmulqdq monitor ssse3 fma cx16 sse4_1 sse4_2 movbe popcnt aes xsave avx f16c rdrand lahf_lm cmp_legacy svm extapic cr8_legacy abm sse4a misalignsse 3dnowprefetch osvw skinit wdt tce topoext perfctr_core perfctr_nb bpext perfctr_llc mwaitx cpb hw_pstate sme ssbd sev ibpb vmmcall fsgsbase bmi1 avx2 smep bmi2 rdseed adx smap clflushopt sha_ni xsaveopt xsavec xgetbv1 xsaves clzero irperf xsaveerptr arat npt lbrv svm_lock nrip_save tsc_scale vmcb_clean flushbyasid decodeassists pausefilter pfthreshold avic v_vmsave_vmload vgif overflow_recov succor smca
bugs		: sysret_ss_attrs null_seg spectre_v1 spectre_v2 spec_store_bypass
bogomips	: 7388.86
TLB size	: 2560 4K pages
clflush size	: 64
cache_alignment	: 64
address sizes	: 43 bits physical, 48 bits virtual
power management: ts ttp tm hwpstate cpb eff_freq_ro [13] [14]

processor	: 13
vendor_id	: AuthenticAMD
cpu family	: 23
model		: 8
model name	: AMD Ryzen 7 2700X Eight-Core Processor
stepping	: 2
microcode	: 0x8008206
cpu MHz		: 2106.013
cache size	: 512 KB
physical id	: 0
siblings	: 16
core id		: 6
cpu cores	: 8
apicid		: 13
initial apicid	: 13
fpu		: yes
fpu_exception	: yes
cpuid level	: 13
wp		: yes
flags		: fpu vme de pse tsc msr pae mce cx8 apic sep mtrr pge mca cmov pat pse36 clflush mmx fxsr sse sse2 ht syscall nx mmxext fxsr_opt pdpe1gb rdtscp lm constant_tsc rep_good nopl nonstop_tsc cpuid extd_apicid aperfmperf pni pclmulqdq monitor ssse3 fma cx16 sse4_1 sse4_2 movbe popcnt aes xsave avx f16c rdrand lahf_lm cmp_legacy svm extapic cr8_legacy abm sse4a misalignsse 3dnowprefetch osvw skinit wdt tce topoext perfctr_core perfctr_nb bpext perfctr_llc mwaitx cpb hw_pstate sme ssbd sev ibpb vmmcall fsgsbase bmi1 avx2 smep bmi2 rdseed adx smap clflushopt sha_ni xsaveopt xsavec xgetbv1 xsaves clzero irperf xsaveerptr arat npt lbrv svm_lock nrip_save tsc_scale vmcb_clean flushbyasid decodeassists pausefilter pfthreshold avic v_vmsave_vmload vgif overflow_recov succor smca
bugs		: sysret_ss_attrs null_seg spectre_v1 spectre_v2 spec_store_bypass
bogomips	: 7388.86
TLB size	: 2560 4K pages
clflush size	: 64
cache_alignment	: 64
address sizes	: 43 bits physical, 48 bits virtual
power management: ts ttp tm hwpstate cpb eff_freq_ro [13] [14]

processor	: 14
vendor_id	: AuthenticAMD
cpu family	: 23
model		: 8
model name	: AMD Ryzen 7 2700X Eight-Core Processor
stepping	: 2
microcode	: 0x8008206
cpu MHz		: 2121.842
cache size	: 512 KB
physical id	: 0
siblings	: 16
core id		: 7
cpu cores	: 8
apicid		: 14
initial apicid	: 14
fpu		: yes
fpu_exception	: yes
cpuid level	: 13
wp		: yes
flags		: fpu vme de pse tsc msr pae mce cx8 apic sep mtrr pge mca cmov pat pse36 clflush mmx fxsr sse sse2 ht syscall nx mmxext fxsr_opt pdpe1gb rdtscp lm constant_tsc rep_good nopl nonstop_tsc cpuid extd_apicid aperfmperf pni pclmulqdq monitor ssse3 fma cx16 sse4_1 sse4_2 movbe popcnt aes xsave avx f16c rdrand lahf_lm cmp_legacy svm extapic cr8_legacy abm sse4a misalignsse 3dnowprefetch osvw skinit wdt tce topoext perfctr_core perfctr_nb bpext perfctr_llc mwaitx cpb hw_pstate sme ssbd sev ibpb vmmcall fsgsbase bmi1 avx2 smep bmi2 rdseed adx smap clflushopt sha_ni xsaveopt xsavec xgetbv1 xsaves clzero irperf xsaveerptr arat npt lbrv svm_lock nrip_save tsc_scale vmcb_clean flushbyasid decodeassists pausefilter pfthreshold avic v_vmsave_vmload vgif overflow_recov succor smca
bugs		: sysret_ss_attrs null_seg spectre_v1 spectre_v2 spec_store_bypass
bogomips	: 7388.86
TLB size	: 2560 4K pages
clflush size	: 64
cache_alignment	: 64
address sizes	: 43 bits physical, 48 bits virtual
power management: ts ttp tm hwpstate cpb eff_freq_ro [13] [14]

processor	: 15
vendor_id	: AuthenticAMD
cpu family	: 23
model		: 8
model name	: AMD Ryzen 7 2700X Eight-Core Processor
stepping	: 2
microcode	: 0x8008206
cpu MHz		: 2122.253
cache size	: 512 KB
physical id	: 0
siblings	: 16
core id		: 7
cpu cores	: 8
apicid		: 15
initial apicid	: 15
fpu		: yes
fpu_exception	: yes
cpuid level	: 13
wp		: yes
flags		: fpu vme de pse tsc msr pae mce cx8 apic sep mtrr pge mca cmov pat pse36 clflush mmx fxsr sse sse2 ht syscall nx mmxext fxsr_opt pdpe1gb rdtscp lm constant_tsc rep_good nopl nonstop_tsc cpuid extd_apicid aperfmperf pni pclmulqdq monitor ssse3 fma cx16 sse4_1 sse4_2 movbe popcnt aes xsave avx f16c rdrand lahf_lm cmp_legacy svm extapic cr8_legacy abm sse4a misalignsse 3dnowprefetch osvw skinit wdt tce topoext perfctr_core perfctr_nb bpext perfctr_llc mwaitx cpb hw_pstate sme ssbd sev ibpb vmmcall fsgsbase bmi1 avx2 smep bmi2 rdseed adx smap clflushopt sha_ni xsaveopt xsavec xgetbv1 xsaves clzero irperf xsaveerptr arat npt lbrv svm_lock nrip_save tsc_scale vmcb_clean flushbyasid decodeassists pausefilter pfthreshold avic v_vmsave_vmload vgif overflow_recov succor smca
bugs		: sysret_ss_attrs null_seg spectre_v1 spectre_v2 spec_store_bypass
bogomips	: 7388.86
TLB size	: 2560 4K pages
clflush size	: 64
cache_alignment	: 64
address sizes	: 43 bits physical, 48 bits virtual
power management: ts ttp tm hwpstate cpb eff_freq_ro [13] [14]



Memory: 4k page, physical 16419880k(10030576k free), swap 2097148k(2082556k free)

vm_info: OpenJDK 64-Bit Server VM (25.172-b11) for linux-amd64 JRE (1.8.0_172-b11), built on Apr 26 2018 02:09:23 by "builduser" with gcc 7.3.1 20180406

time: Wed Aug  1 21:06:26 2018
elapsed time: 1 seconds (0d 0h 0m 1s)

